<?xml version="1.0" encoding="UTF-8"?>
<testsuite xmlns:xsi="http://www.w3.org/2001/XMLSchema-instance" xsi:noNamespaceSchemaLocation="https://maven.apache.org/surefire/maven-surefire-plugin/xsd/surefire-test-report-3.0.xsd" version="3.0" name="TestSuite" time="66.733" tests="3" errors="0" skipped="0" failures="0">
  <properties>
    <property name="java.specification.version" value="17"/>
    <property name="sun.cpu.isalist" value="amd64"/>
    <property name="sun.jnu.encoding" value="Cp1252"/>
    <property name="java.class.path" value="D:\EclipseSoftware\appiumnew\target\test-classes;D:\EclipseSoftware\appiumnew\target\classes;C:\Users\Asus\.m2\repository\org\testng\testng\7.10.2\testng-7.10.2.jar;C:\Users\Asus\.m2\repository\org\slf4j\slf4j-api\1.7.36\slf4j-api-1.7.36.jar;C:\Users\Asus\.m2\repository\com\beust\jcommander\1.82\jcommander-1.82.jar;C:\Users\Asus\.m2\repository\org\webjars\jquery\3.7.1\jquery-3.7.1.jar;C:\Users\Asus\.m2\repository\org\seleniumhq\selenium\selenium-support\4.27.0\selenium-support-4.27.0.jar;C:\Users\Asus\.m2\repository\com\google\auto\service\auto-service-annotations\1.1.1\auto-service-annotations-1.1.1.jar;C:\Users\Asus\.m2\repository\com\google\guava\guava\33.3.1-jre\guava-33.3.1-jre.jar;C:\Users\Asus\.m2\repository\com\google\guava\failureaccess\1.0.2\failureaccess-1.0.2.jar;C:\Users\Asus\.m2\repository\com\google\guava\listenablefuture\9999.0-empty-to-avoid-conflict-with-guava\listenablefuture-9999.0-empty-to-avoid-conflict-with-guava.jar;C:\Users\Asus\.m2\repository\com\google\code\findbugs\jsr305\3.0.2\jsr305-3.0.2.jar;C:\Users\Asus\.m2\repository\org\checkerframework\checker-qual\3.43.0\checker-qual-3.43.0.jar;C:\Users\Asus\.m2\repository\com\google\errorprone\error_prone_annotations\2.28.0\error_prone_annotations-2.28.0.jar;C:\Users\Asus\.m2\repository\com\google\j2objc\j2objc-annotations\3.0.0\j2objc-annotations-3.0.0.jar;C:\Users\Asus\.m2\repository\net\bytebuddy\byte-buddy\1.15.10\byte-buddy-1.15.10.jar;C:\Users\Asus\.m2\repository\org\seleniumhq\selenium\selenium-api\4.27.0\selenium-api-4.27.0.jar;C:\Users\Asus\.m2\repository\org\jspecify\jspecify\1.0.0\jspecify-1.0.0.jar;C:\Users\Asus\.m2\repository\org\seleniumhq\selenium\selenium-json\4.27.0\selenium-json-4.27.0.jar;C:\Users\Asus\.m2\repository\org\seleniumhq\selenium\selenium-remote-driver\4.27.0\selenium-remote-driver-4.27.0.jar;C:\Users\Asus\.m2\repository\io\opentelemetry\semconv\opentelemetry-semconv\1.25.0-alpha\opentelemetry-semconv-1.25.0-alpha.jar;C:\Users\Asus\.m2\repository\io\opentelemetry\opentelemetry-api\1.44.1\opentelemetry-api-1.44.1.jar;C:\Users\Asus\.m2\repository\io\opentelemetry\opentelemetry-context\1.44.1\opentelemetry-context-1.44.1.jar;C:\Users\Asus\.m2\repository\io\opentelemetry\opentelemetry-exporter-logging\1.44.1\opentelemetry-exporter-logging-1.44.1.jar;C:\Users\Asus\.m2\repository\io\opentelemetry\opentelemetry-sdk-common\1.44.1\opentelemetry-sdk-common-1.44.1.jar;C:\Users\Asus\.m2\repository\io\opentelemetry\opentelemetry-sdk-extension-autoconfigure-spi\1.44.1\opentelemetry-sdk-extension-autoconfigure-spi-1.44.1.jar;C:\Users\Asus\.m2\repository\io\opentelemetry\opentelemetry-sdk-extension-autoconfigure\1.44.1\opentelemetry-sdk-extension-autoconfigure-1.44.1.jar;C:\Users\Asus\.m2\repository\io\opentelemetry\opentelemetry-api-incubator\1.44.1-alpha\opentelemetry-api-incubator-1.44.1-alpha.jar;C:\Users\Asus\.m2\repository\io\opentelemetry\opentelemetry-sdk-trace\1.44.1\opentelemetry-sdk-trace-1.44.1.jar;C:\Users\Asus\.m2\repository\io\opentelemetry\opentelemetry-sdk\1.44.1\opentelemetry-sdk-1.44.1.jar;C:\Users\Asus\.m2\repository\io\opentelemetry\opentelemetry-sdk-metrics\1.44.1\opentelemetry-sdk-metrics-1.44.1.jar;C:\Users\Asus\.m2\repository\io\opentelemetry\opentelemetry-sdk-logs\1.44.1\opentelemetry-sdk-logs-1.44.1.jar;C:\Users\Asus\.m2\repository\org\seleniumhq\selenium\selenium-http\4.27.0\selenium-http-4.27.0.jar;C:\Users\Asus\.m2\repository\dev\failsafe\failsafe\3.3.2\failsafe-3.3.2.jar;C:\Users\Asus\.m2\repository\org\seleniumhq\selenium\selenium-manager\4.27.0\selenium-manager-4.27.0.jar;C:\Users\Asus\.m2\repository\org\seleniumhq\selenium\selenium-os\4.27.0\selenium-os-4.27.0.jar;C:\Users\Asus\.m2\repository\org\apache\commons\commons-exec\1.4.0\commons-exec-1.4.0.jar;C:\Users\Asus\.m2\repository\io\appium\java-client\9.3.0\java-client-9.3.0.jar;C:\Users\Asus\.m2\repository\com\google\code\gson\gson\2.11.0\gson-2.11.0.jar;"/>
    <property name="java.vm.vendor" value="Eclipse Adoptium"/>
    <property name="sun.arch.data.model" value="64"/>
    <property name="user.variant" value=""/>
    <property name="java.vendor.url" value="https://adoptium.net/"/>
    <property name="user.timezone" value="Asia/Calcutta"/>
    <property name="suiteXmlFile" value="smoke.xml"/>
    <property name="os.name" value="Windows 11"/>
    <property name="java.vm.specification.version" value="17"/>
    <property name="sun.java.launcher" value="SUN_STANDARD"/>
    <property name="user.country" value="IN"/>
    <property name="sun.boot.library.path" value="C:\Program Files\jdk-17.0.12+7\bin"/>
    <property name="sun.java.command" value="C:\Users\Asus\AppData\Local\Temp\surefire11024002399992326412\surefirebooter-20250630170734372_3.jar C:\Users\Asus\AppData\Local\Temp\surefire11024002399992326412 2025-06-30T17-07-33_324-jvmRun1 surefire-20250630170734372_1tmp surefire_0-20250630170734372_2tmp"/>
    <property name="appiumPort" value="4725"/>
    <property name="jdk.debug" value="release"/>
    <property name="surefire.test.class.path" value="D:\EclipseSoftware\appiumnew\target\test-classes;D:\EclipseSoftware\appiumnew\target\classes;C:\Users\Asus\.m2\repository\org\testng\testng\7.10.2\testng-7.10.2.jar;C:\Users\Asus\.m2\repository\org\slf4j\slf4j-api\1.7.36\slf4j-api-1.7.36.jar;C:\Users\Asus\.m2\repository\com\beust\jcommander\1.82\jcommander-1.82.jar;C:\Users\Asus\.m2\repository\org\webjars\jquery\3.7.1\jquery-3.7.1.jar;C:\Users\Asus\.m2\repository\org\seleniumhq\selenium\selenium-support\4.27.0\selenium-support-4.27.0.jar;C:\Users\Asus\.m2\repository\com\google\auto\service\auto-service-annotations\1.1.1\auto-service-annotations-1.1.1.jar;C:\Users\Asus\.m2\repository\com\google\guava\guava\33.3.1-jre\guava-33.3.1-jre.jar;C:\Users\Asus\.m2\repository\com\google\guava\failureaccess\1.0.2\failureaccess-1.0.2.jar;C:\Users\Asus\.m2\repository\com\google\guava\listenablefuture\9999.0-empty-to-avoid-conflict-with-guava\listenablefuture-9999.0-empty-to-avoid-conflict-with-guava.jar;C:\Users\Asus\.m2\repository\com\google\code\findbugs\jsr305\3.0.2\jsr305-3.0.2.jar;C:\Users\Asus\.m2\repository\org\checkerframework\checker-qual\3.43.0\checker-qual-3.43.0.jar;C:\Users\Asus\.m2\repository\com\google\errorprone\error_prone_annotations\2.28.0\error_prone_annotations-2.28.0.jar;C:\Users\Asus\.m2\repository\com\google\j2objc\j2objc-annotations\3.0.0\j2objc-annotations-3.0.0.jar;C:\Users\Asus\.m2\repository\net\bytebuddy\byte-buddy\1.15.10\byte-buddy-1.15.10.jar;C:\Users\Asus\.m2\repository\org\seleniumhq\selenium\selenium-api\4.27.0\selenium-api-4.27.0.jar;C:\Users\Asus\.m2\repository\org\jspecify\jspecify\1.0.0\jspecify-1.0.0.jar;C:\Users\Asus\.m2\repository\org\seleniumhq\selenium\selenium-json\4.27.0\selenium-json-4.27.0.jar;C:\Users\Asus\.m2\repository\org\seleniumhq\selenium\selenium-remote-driver\4.27.0\selenium-remote-driver-4.27.0.jar;C:\Users\Asus\.m2\repository\io\opentelemetry\semconv\opentelemetry-semconv\1.25.0-alpha\opentelemetry-semconv-1.25.0-alpha.jar;C:\Users\Asus\.m2\repository\io\opentelemetry\opentelemetry-api\1.44.1\opentelemetry-api-1.44.1.jar;C:\Users\Asus\.m2\repository\io\opentelemetry\opentelemetry-context\1.44.1\opentelemetry-context-1.44.1.jar;C:\Users\Asus\.m2\repository\io\opentelemetry\opentelemetry-exporter-logging\1.44.1\opentelemetry-exporter-logging-1.44.1.jar;C:\Users\Asus\.m2\repository\io\opentelemetry\opentelemetry-sdk-common\1.44.1\opentelemetry-sdk-common-1.44.1.jar;C:\Users\Asus\.m2\repository\io\opentelemetry\opentelemetry-sdk-extension-autoconfigure-spi\1.44.1\opentelemetry-sdk-extension-autoconfigure-spi-1.44.1.jar;C:\Users\Asus\.m2\repository\io\opentelemetry\opentelemetry-sdk-extension-autoconfigure\1.44.1\opentelemetry-sdk-extension-autoconfigure-1.44.1.jar;C:\Users\Asus\.m2\repository\io\opentelemetry\opentelemetry-api-incubator\1.44.1-alpha\opentelemetry-api-incubator-1.44.1-alpha.jar;C:\Users\Asus\.m2\repository\io\opentelemetry\opentelemetry-sdk-trace\1.44.1\opentelemetry-sdk-trace-1.44.1.jar;C:\Users\Asus\.m2\repository\io\opentelemetry\opentelemetry-sdk\1.44.1\opentelemetry-sdk-1.44.1.jar;C:\Users\Asus\.m2\repository\io\opentelemetry\opentelemetry-sdk-metrics\1.44.1\opentelemetry-sdk-metrics-1.44.1.jar;C:\Users\Asus\.m2\repository\io\opentelemetry\opentelemetry-sdk-logs\1.44.1\opentelemetry-sdk-logs-1.44.1.jar;C:\Users\Asus\.m2\repository\org\seleniumhq\selenium\selenium-http\4.27.0\selenium-http-4.27.0.jar;C:\Users\Asus\.m2\repository\dev\failsafe\failsafe\3.3.2\failsafe-3.3.2.jar;C:\Users\Asus\.m2\repository\org\seleniumhq\selenium\selenium-manager\4.27.0\selenium-manager-4.27.0.jar;C:\Users\Asus\.m2\repository\org\seleniumhq\selenium\selenium-os\4.27.0\selenium-os-4.27.0.jar;C:\Users\Asus\.m2\repository\org\apache\commons\commons-exec\1.4.0\commons-exec-1.4.0.jar;C:\Users\Asus\.m2\repository\io\appium\java-client\9.3.0\java-client-9.3.0.jar;C:\Users\Asus\.m2\repository\com\google\code\gson\gson\2.11.0\gson-2.11.0.jar;"/>
    <property name="sun.cpu.endian" value="little"/>
    <property name="user.home" value="C:\Users\Asus"/>
    <property name="user.language" value="en"/>
    <property name="java.specification.vendor" value="Oracle Corporation"/>
    <property name="threadCount" value="2"/>
    <property name="java.version.date" value="2024-07-16"/>
    <property name="java.home" value="C:\Program Files\jdk-17.0.12+7"/>
    <property name="file.separator" value="\"/>
    <property name="basedir" value="D:\EclipseSoftware\appiumnew"/>
    <property name="java.vm.compressedOopsMode" value="Zero based"/>
    <property name="line.separator" value="&#10;"/>
    <property name="java.vm.specification.vendor" value="Oracle Corporation"/>
    <property name="java.specification.name" value="Java Platform API Specification"/>
    <property name="surefire.real.class.path" value="C:\Users\Asus\AppData\Local\Temp\surefire11024002399992326412\surefirebooter-20250630170734372_3.jar"/>
    <property name="user.script" value=""/>
    <property name="sun.management.compiler" value="HotSpot 64-Bit Tiered Compilers"/>
    <property name="java.runtime.version" value="17.0.12+7"/>
    <property name="user.name" value="Asus"/>
    <property name="path.separator" value=";"/>
    <property name="os.version" value="10.0"/>
    <property name="java.runtime.name" value="OpenJDK Runtime Environment"/>
    <property name="file.encoding" value="Cp1252"/>
    <property name="parallel" value="tests"/>
    <property name="java.vm.name" value="OpenJDK 64-Bit Server VM"/>
    <property name="appiumPort1" value="4723"/>
    <property name="java.vendor.version" value="Temurin-17.0.12+7"/>
    <property name="appiumPort2" value="4725"/>
    <property name="localRepository" value="C:\Users\Asus\.m2\repository"/>
    <property name="java.vendor.url.bug" value="https://github.com/adoptium/adoptium-support/issues"/>
    <property name="java.io.tmpdir" value="C:\Users\Asus\AppData\Local\Temp\"/>
    <property name="java.version" value="17.0.12"/>
    <property name="user.dir" value="D:\EclipseSoftware\appiumnew"/>
    <property name="os.arch" value="amd64"/>
    <property name="java.vm.specification.name" value="Java Virtual Machine Specification"/>
    <property name="thread" value="2"/>
    <property name="sun.os.patch.level" value=""/>
    <property name="native.encoding" value="Cp1252"/>
    <property name="java.library.path" value="C:\Program Files\jdk-17.0.12+7\bin;C:\WINDOWS\Sun\Java\bin;C:\WINDOWS\system32;C:\WINDOWS;C:\WINDOWS\system32;C:\WINDOWS;C:\WINDOWS\System32\Wbem;C:\WINDOWS\System32\WindowsPowerShell\v1.0\;C:\WINDOWS\System32\OpenSSH\;C:\Program Files\Git\cmd;C:\Program Files\apache-maven-3.9.8\bin;C:\Program Files\Git\bin;D:\Softwares\sonarqube-10.6.0.92116\bin\windows-x86-64;C:\Program Files\jdk-17.0.12+7\bin;C:\Program Files\Docker\Docker\resources\bin;C:\Program Files\nodejs\;C:\Users\Asus\AppData\Local\Android\Sdk\tools\bin;C:\Users\Asus\AppData\Local\Android\Sdk\tools;C:\Users\Asus\AppData\Local\Android\Sdk\platform-tools;C:\Program Files\nodejs\node_modules\npm\bin;C:\Users\Asus\AppData\Local\Microsoft\WindowsApps;C:\Users\Asus\AppData\Local\Programs\Microsoft VS Code\bin;C:\Program Files\JetBrains\IntelliJ IDEA Community Edition 2024.2.1\bin;C:\Users\Asus\AppData\Local\Microsoft\WinGet\Packages\Schniz.fnm_Microsoft.Winget.Source_8wekyb3d8bbwe;C:\Users\Asus\AppData\Roaming\npm;."/>
    <property name="java.vm.info" value="mixed mode, sharing"/>
    <property name="java.vendor" value="Eclipse Adoptium"/>
    <property name="java.vm.version" value="17.0.12+7"/>
    <property name="sun.io.unicode.encoding" value="UnicodeLittle"/>
    <property name="java.class.version" value="61.0"/>
  </properties>
  <testcase name="getGeoLocationTest" classname="haidaraliappium.GetGeoLocationTest" time="1.192">
    <system-out><![CDATA[++++++++++++++++++++++++++++++++++++++++++++++++++++++++++
&amp#27;[38;5;112m[Appium]&amp#27;[0m Welcome to Appium v2.13.1
&amp#27;[38;5;112m[Appium]&amp#27;[0m Non-default server args:
&amp#27;[38;5;112m[Appium]&amp#27;[0m { address: &amp#27;[32m'192.168.0.113'&amp#27;[39m }
&amp#27;[38;5;112m[Appium]&amp#27;[0m The autodetected Appium home path: C:\Users\Asus\.appium
&amp#27;[38;5;112m[Appium]&amp#27;[0m Attempting to load driver uiautomator2...
&amp#27;[38;5;112m[Appium]&amp#27;[0m Requiring driver at C:\Users\Asus\.appium\node_modules\appium-uiautomator2-driver\build\index.js
&amp#27;[38;5;112m[Appium]&amp#27;[0m AndroidUiautomator2Driver has been successfully loaded in 3.486s
&amp#27;[38;5;112m[Appium]&amp#27;[0m Appium REST http interface listener started on http://192.168.0.113:4723
&amp#27;[38;5;112m[Appium]&amp#27;[0m Available drivers:
&amp#27;[38;5;112m[Appium]&amp#27;[0m   - uiautomator2@3.9.2 (automationName 'UiAutomator2')
&amp#27;[38;5;112m[Appium]&amp#27;[0m No plugins have been installed. Use the "appium plugin" command to install the one(s) you want to use.
&amp#27;[38;5;86m[HTTP]&amp#27;[0m &amp#27;[37m-->&amp#27;[39m &amp#27;[37mGET&amp#27;[39m &amp#27;[37m/status&amp#27;[39m &amp#27;[90m{}&amp#27;[39m
&amp#27;[38;5;229m[AppiumDriver@d2cb]&amp#27;[0m Calling AppiumDriver.getStatus() with args: []
&amp#27;[38;5;229m[AppiumDriver@d2cb]&amp#27;[0m Responding to client with driver.getStatus() result: {"ready":true,"message":"The server is ready to accept new connections","build":{"version":"2.13.1"}}
&amp#27;[38;5;86m[HTTP]&amp#27;[0m &amp#27;[37m<-- GET /status &amp#27;[39m&amp#27;[32m200&amp#27;[39m &amp#27;[90m18 ms - 111&amp#27;[39m &amp#27;[90m&amp#27;[39m
&amp#27;[38;5;112m[Appium]&amp#27;[0m Welcome to Appium v2.13.1
&amp#27;[38;5;112m[Appium]&amp#27;[0m Non-default server args:
&amp#27;[38;5;112m[Appium]&amp#27;[0m { address: &amp#27;[32m'192.168.0.113'&amp#27;[39m, port: &amp#27;[33m4725&amp#27;[39m }
&amp#27;[38;5;112m[Appium]&amp#27;[0m The autodetected Appium home path: C:\Users\Asus\.appium
&amp#27;[38;5;112m[Appium]&amp#27;[0m Attempting to load driver uiautomator2...
&amp#27;[38;5;112m[Appium]&amp#27;[0m Requiring driver at C:\Users\Asus\.appium\node_modules\appium-uiautomator2-driver\build\index.js
&amp#27;[38;5;112m[Appium]&amp#27;[0m AndroidUiautomator2Driver has been successfully loaded in 1.880s
&amp#27;[38;5;112m[Appium]&amp#27;[0m Appium REST http interface listener started on http://192.168.0.113:4725
&amp#27;[38;5;112m[Appium]&amp#27;[0m Available drivers:
&amp#27;[38;5;112m[Appium]&amp#27;[0m   - uiautomator2@3.9.2 (automationName 'UiAutomator2')
&amp#27;[38;5;112m[Appium]&amp#27;[0m No plugins have been installed. Use the "appium plugin" command to install the one(s) you want to use.
&amp#27;[38;5;86m[HTTP]&amp#27;[0m &amp#27;[37m-->&amp#27;[39m &amp#27;[37mGET&amp#27;[39m &amp#27;[37m/status&amp#27;[39m &amp#27;[90m{}&amp#27;[39m
&amp#27;[38;5;221m[AppiumDriver@a6dd]&amp#27;[0m Calling AppiumDriver.getStatus() with args: []
&amp#27;[38;5;221m[AppiumDriver@a6dd]&amp#27;[0m Responding to client with driver.getStatus() result: {"ready":true,"message":"The server is ready to accept new connections","build":{"version":"2.13.1"}}
&amp#27;[38;5;86m[HTTP]&amp#27;[0m &amp#27;[37m<-- GET /status &amp#27;[39m&amp#27;[32m200&amp#27;[39m &amp#27;[90m8 ms - 111&amp#27;[39m &amp#27;[90m&amp#27;[39m
&amp#27;[38;5;86m[HTTP]&amp#27;[0m Request idempotency key: 60822840-1e59-4256-abc0-ba03edd62555
&amp#27;[38;5;86m[HTTP]&amp#27;[0m Request idempotency key: a1c0ce01-f3d4-4e0b-8182-bbd780dd0080
&amp#27;[38;5;86m[HTTP]&amp#27;[0m &amp#27;[37m-->&amp#27;[39m &amp#27;[37mPOST&amp#27;[39m &amp#27;[37m/session&amp#27;[39m &amp#27;[90m{"capabilities":{"firstMatch":[{"appium:udid":"emulator-5554","appium:uiautomator2ServerLaunchTimeout":30000,"appium:deviceName":"Practice-Emulator","platformName":"ANDROID","appium:automationName":"UIAutomator2","appium:app":"D:\\EclipseSoftware\\appiumnew\\src\\test\\java\\resources\\Android-MyDemoAppRN.1.3.0.build-244.apk","appium:uiautomator2ServerInstallTimeout":30000,"appium:uiautomator2ServerReadTimeout":30000}]}}&amp#27;[39m
&amp#27;[38;5;221m[AppiumDriver@a6dd]&amp#27;[0m Calling AppiumDriver.createSession() with args: [null,null,{"firstMatch":[{"appium:udid":"emulator-5554","appium:uiautomator2ServerLaunchTimeout":30000,"appium:deviceName":"Practice-Emulator","platformName":"ANDROID","appium:automationName":"UIAutomator2","appium:app":"D:\\EclipseSoftware\\appiumnew\\src\\test\\java\\resources\\Android-MyDemoAppRN.1.3.0.build-244.apk","appium:uiautomator2ServerInstallTimeout":30000,"appium:uiautomator2ServerReadTimeout":30000}]}]
&amp#27;[38;5;221m[AppiumDriver@a6dd]&amp#27;[0m Event 'newSessionRequested' logged at 1751283468732 (17:07:48 GMT+0530 (India Standard Time))
&amp#27;[38;5;112m[Appium]&amp#27;[0m Attempting to find matching driver for automationName 'UIAutomator2' and platformName 'ANDROID'
&amp#27;[38;5;112m[Appium]&amp#27;[0m The 'uiautomator2' driver was installed and matched caps.
&amp#27;[38;5;112m[Appium]&amp#27;[0m Will require it at C:\Users\Asus\.appium\node_modules\appium-uiautomator2-driver
&amp#27;[38;5;86m[HTTP]&amp#27;[0m &amp#27;[37m-->&amp#27;[39m &amp#27;[37mPOST&amp#27;[39m &amp#27;[37m/session&amp#27;[39m &amp#27;[90m{"capabilities":{"firstMatch":[{"appium:udid":"emulator-5556","appium:uiautomator2ServerLaunchTimeout":30000,"appium:deviceName":"Second-Emulator","platformName":"ANDROID","appium:automationName":"UIAutomator2","appium:app":"D:\\EclipseSoftware\\appiumnew\\src\\test\\java\\resources\\Android-MyDemoAppRN.1.3.0.build-244.apk","appium:uiautomator2ServerInstallTimeout":30000,"appium:uiautomator2ServerReadTimeout":30000}]}}&amp#27;[39m
&amp#27;[38;5;221m[AppiumDriver@a6dd]&amp#27;[0m Calling AppiumDriver.createSession() with args: [null,null,{"firstMatch":[{"appium:udid":"emulator-5556","appium:uiautomator2ServerLaunchTimeout":30000,"appium:deviceName":"Second-Emulator","platformName":"ANDROID","appium:automationName":"UIAutomator2","appium:app":"D:\\EclipseSoftware\\appiumnew\\src\\test\\java\\resources\\Android-MyDemoAppRN.1.3.0.build-244.apk","appium:uiautomator2ServerInstallTimeout":30000,"appium:uiautomator2ServerReadTimeout":30000}]}]
&amp#27;[38;5;221m[AppiumDriver@a6dd]&amp#27;[0m Event 'newSessionRequested' logged at 1751283468744 (17:07:48 GMT+0530 (India Standard Time))
&amp#27;[38;5;112m[Appium]&amp#27;[0m Attempting to find matching driver for automationName 'UIAutomator2' and platformName 'ANDROID'
&amp#27;[38;5;112m[Appium]&amp#27;[0m The 'uiautomator2' driver was installed and matched caps.
&amp#27;[38;5;112m[Appium]&amp#27;[0m Will require it at C:\Users\Asus\.appium\node_modules\appium-uiautomator2-driver
&amp#27;[38;5;112m[Appium]&amp#27;[0m Requiring driver at C:\Users\Asus\.appium\node_modules\appium-uiautomator2-driver\build\index.js
&amp#27;[38;5;221m[AppiumDriver@a6dd]&amp#27;[0m Appium v2.13.1 creating new AndroidUiautomator2Driver (v3.9.2) session
&amp#27;[38;5;221m[AppiumDriver@a6dd]&amp#27;[0m Checking BaseDriver versions for Appium and AndroidUiautomator2Driver
&amp#27;[38;5;221m[AppiumDriver@a6dd]&amp#27;[0m Appium's BaseDriver version is 9.13.1
&amp#27;[38;5;221m[AppiumDriver@a6dd]&amp#27;[0m AndroidUiautomator2Driver's BaseDriver version is 9.13.1
&amp#27;[38;5;-11m[AndroidUiautomator2Driver@692e]&amp#27;[0m 
&amp#27;[38;5;-11m[AndroidUiautomator2Driver@692e]&amp#27;[0m Creating session with W3C capabilities: {
  "alwaysMatch": {
    "platformName": "ANDROID",
    "appium:udid": "emulator-5554",
    "appium:uiautomator2ServerLaunchTimeout": 30000,
    "appium:deviceName": "Practice-Emulator",
    "appium:automationName": "UIAutomator2",
    "appium:app": "D:\\EclipseSoftware\\appiumnew\\src\\test\\java\\resources\\Android-MyDemoAppRN.1.3.0.build-244.apk",
    "appium:uiautomator2ServerInstallTimeout": 30000,
    "appium:uiautomator2ServerReadTimeout": 30000
  },
  "firstMatch": [
    {}
  ]
}
&amp#27;[38;5;98m[a57e1418]&amp#27;[0m&amp#27;[38;5;-11m[AndroidUiautomator2Driver@692e]&amp#27;[0m Session created with session id: a57e1418-86b8-4720-b322-41e6d7d94692
&amp#27;[38;5;112m[Appium]&amp#27;[0m Requiring driver at C:\Users\Asus\.appium\node_modules\appium-uiautomator2-driver\build\index.js
&amp#27;[38;5;221m[AppiumDriver@a6dd]&amp#27;[0m Appium v2.13.1 creating new AndroidUiautomator2Driver (v3.9.2) session
&amp#27;[38;5;221m[AppiumDriver@a6dd]&amp#27;[0m Checking BaseDriver versions for Appium and AndroidUiautomator2Driver
&amp#27;[38;5;221m[AppiumDriver@a6dd]&amp#27;[0m Appium's BaseDriver version is 9.13.1
&amp#27;[38;5;221m[AppiumDriver@a6dd]&amp#27;[0m AndroidUiautomator2Driver's BaseDriver version is 9.13.1
&amp#27;[38;5;-186m[AndroidUiautomator2Driver@7907]&amp#27;[0m 
&amp#27;[38;5;-186m[AndroidUiautomator2Driver@7907]&amp#27;[0m Creating session with W3C capabilities: {
  "alwaysMatch": {
    "platformName": "ANDROID",
    "appium:udid": "emulator-5556",
    "appium:uiautomator2ServerLaunchTimeout": 30000,
    "appium:deviceName": "Second-Emulator",
    "appium:automationName": "UIAutomator2",
    "appium:app": "D:\\EclipseSoftware\\appiumnew\\src\\test\\java\\resources\\Android-MyDemoAppRN.1.3.0.build-244.apk",
    "appium:uiautomator2ServerInstallTimeout": 30000,
    "appium:uiautomator2ServerReadTimeout": 30000
  },
  "firstMatch": [
    {}
  ]
}
&amp#27;[38;5;146m[2e1dd3e6]&amp#27;[0m&amp#27;[38;5;-186m[AndroidUiautomator2Driver@7907]&amp#27;[0m Session created with session id: 2e1dd3e6-a52b-49e6-8c48-5485efc85bf0
&amp#27;[38;5;98m[a57e1418]&amp#27;[0m&amp#27;[38;5;229m[ADB]&amp#27;[0m Found 2 'build-tools' folders under 'C:\Users\Asus\AppData\Local\Android\Sdk' (newest first):
&amp#27;[38;5;98m[a57e1418]&amp#27;[0m&amp#27;[38;5;229m[ADB]&amp#27;[0m     C:\Users\Asus\AppData\Local\Android\Sdk\build-tools\35.0.0
&amp#27;[38;5;98m[a57e1418]&amp#27;[0m&amp#27;[38;5;229m[ADB]&amp#27;[0m     C:\Users\Asus\AppData\Local\Android\Sdk\build-tools\34.0.0
&amp#27;[38;5;98m[a57e1418]&amp#27;[0m&amp#27;[38;5;229m[ADB]&amp#27;[0m Using 'adb.exe' from 'C:\Users\Asus\AppData\Local\Android\Sdk\platform-tools\adb.exe'
&amp#27;[38;5;98m[a57e1418]&amp#27;[0m&amp#27;[38;5;229m[ADB]&amp#27;[0m Running 'C:\Users\Asus\AppData\Local\Android\Sdk\platform-tools\adb.exe -P 5037 start-server'
&amp#27;[38;5;146m[2e1dd3e6]&amp#27;[0m&amp#27;[38;5;229m[ADB]&amp#27;[0m Using 'adb.exe' from 'C:\Users\Asus\AppData\Local\Android\Sdk\platform-tools\adb.exe'
&amp#27;[38;5;146m[2e1dd3e6]&amp#27;[0m&amp#27;[38;5;229m[ADB]&amp#27;[0m Running 'C:\Users\Asus\AppData\Local\Android\Sdk\platform-tools\adb.exe -P 5037 start-server'
&amp#27;[38;5;98m[a57e1418]&amp#27;[0m&amp#27;[38;5;-11m[AndroidUiautomator2Driver@692e]&amp#27;[0m Retrieving device list
&amp#27;[38;5;98m[a57e1418]&amp#27;[0m&amp#27;[38;5;229m[ADB]&amp#27;[0m Trying to find connected Android devices
&amp#27;[38;5;98m[a57e1418]&amp#27;[0m&amp#27;[38;5;229m[ADB]&amp#27;[0m Getting connected devices
&amp#27;[38;5;146m[2e1dd3e6]&amp#27;[0m&amp#27;[38;5;-186m[AndroidUiautomator2Driver@7907]&amp#27;[0m Retrieving device list
&amp#27;[38;5;146m[2e1dd3e6]&amp#27;[0m&amp#27;[38;5;229m[ADB]&amp#27;[0m Trying to find connected Android devices
&amp#27;[38;5;146m[2e1dd3e6]&amp#27;[0m&amp#27;[38;5;229m[ADB]&amp#27;[0m Getting connected devices
&amp#27;[38;5;98m[a57e1418]&amp#27;[0m&amp#27;[38;5;229m[ADB]&amp#27;[0m Connected devices: [{"udid":"emulator-5554","state":"device"},{"udid":"emulator-5556","state":"device"}]
&amp#27;[38;5;98m[a57e1418]&amp#27;[0m&amp#27;[38;5;-11m[AndroidUiautomator2Driver@692e]&amp#27;[0m Using device: emulator-5554
&amp#27;[38;5;98m[a57e1418]&amp#27;[0m&amp#27;[38;5;229m[ADB]&amp#27;[0m Using 'adb.exe' from 'C:\Users\Asus\AppData\Local\Android\Sdk\platform-tools\adb.exe'
&amp#27;[38;5;98m[a57e1418]&amp#27;[0m&amp#27;[38;5;229m[ADB]&amp#27;[0m Running 'C:\Users\Asus\AppData\Local\Android\Sdk\platform-tools\adb.exe -P 5037 start-server'
&amp#27;[38;5;146m[2e1dd3e6]&amp#27;[0m&amp#27;[38;5;229m[ADB]&amp#27;[0m Connected devices: [{"udid":"emulator-5554","state":"device"},{"udid":"emulator-5556","state":"device"}]
&amp#27;[38;5;146m[2e1dd3e6]&amp#27;[0m&amp#27;[38;5;-186m[AndroidUiautomator2Driver@7907]&amp#27;[0m Using device: emulator-5556
&amp#27;[38;5;146m[2e1dd3e6]&amp#27;[0m&amp#27;[38;5;229m[ADB]&amp#27;[0m Using 'adb.exe' from 'C:\Users\Asus\AppData\Local\Android\Sdk\platform-tools\adb.exe'
&amp#27;[38;5;146m[2e1dd3e6]&amp#27;[0m&amp#27;[38;5;229m[ADB]&amp#27;[0m Running 'C:\Users\Asus\AppData\Local\Android\Sdk\platform-tools\adb.exe -P 5037 start-server'
&amp#27;[38;5;98m[a57e1418]&amp#27;[0m&amp#27;[38;5;229m[ADB]&amp#27;[0m Setting device id to emulator-5554
&amp#27;[38;5;98m[a57e1418]&amp#27;[0m&amp#27;[38;5;123m[BaseDriver]&amp#27;[0m Using local app 'D:\EclipseSoftware\appiumnew\src\test\java\resources\Android-MyDemoAppRN.1.3.0.build-244.apk'
&amp#27;[38;5;146m[2e1dd3e6]&amp#27;[0m&amp#27;[38;5;229m[ADB]&amp#27;[0m Setting device id to emulator-5556
&amp#27;[38;5;98m[a57e1418]&amp#27;[0m&amp#27;[38;5;-11m[AndroidUiautomator2Driver@692e]&amp#27;[0m Checking whether app is actually present
&amp#27;[38;5;98m[a57e1418]&amp#27;[0m&amp#27;[38;5;123m[BaseDriver]&amp#27;[0m Using local app 'D:\EclipseSoftware\appiumnew\src\test\java\resources\Android-MyDemoAppRN.1.3.0.build-244.apk'
&amp#27;[38;5;98m[a57e1418]&amp#27;[0m&amp#27;[38;5;229m[ADB]&amp#27;[0m Running 'C:\Users\Asus\AppData\Local\Android\Sdk\platform-tools\adb.exe -P 5037 -s emulator-5554 shell getprop ro.build.version.sdk'
&amp#27;[38;5;98m[a57e1418]&amp#27;[0m&amp#27;[38;5;229m[ADB]&amp#27;[0m Current device property 'ro.build.version.sdk': 35
&amp#27;[38;5;98m[a57e1418]&amp#27;[0m&amp#27;[38;5;229m[ADB]&amp#27;[0m Getting device platform version
&amp#27;[38;5;98m[a57e1418]&amp#27;[0m&amp#27;[38;5;229m[ADB]&amp#27;[0m Running 'C:\Users\Asus\AppData\Local\Android\Sdk\platform-tools\adb.exe -P 5037 -s emulator-5554 shell getprop ro.build.version.release'
&amp#27;[38;5;146m[2e1dd3e6]&amp#27;[0m&amp#27;[38;5;-186m[AndroidUiautomator2Driver@7907]&amp#27;[0m Checking whether app is actually present
&amp#27;[38;5;146m[2e1dd3e6]&amp#27;[0m&amp#27;[38;5;229m[ADB]&amp#27;[0m Running 'C:\Users\Asus\AppData\Local\Android\Sdk\platform-tools\adb.exe -P 5037 -s emulator-5556 shell getprop ro.build.version.sdk'
&amp#27;[38;5;98m[a57e1418]&amp#27;[0m&amp#27;[38;5;229m[ADB]&amp#27;[0m Current device property 'ro.build.version.release': 15
&amp#27;[38;5;98m[a57e1418]&amp#27;[0m&amp#27;[38;5;229m[ADB]&amp#27;[0m Device API level: 35
&amp#27;[38;5;98m[a57e1418]&amp#27;[0m&amp#27;[38;5;-11m[AndroidUiautomator2Driver@692e]&amp#27;[0m Relaxing hidden api policy
&amp#27;[38;5;98m[a57e1418]&amp#27;[0m&amp#27;[38;5;229m[ADB]&amp#27;[0m Running 'C:\Users\Asus\AppData\Local\Android\Sdk\platform-tools\adb.exe -P 5037 -s emulator-5554 shell 'settings put global hidden_api_policy_pre_p_apps 1;settings put global hidden_api_policy_p_apps 1;settings put global hidden_api_policy 1''
&amp#27;[38;5;98m[a57e1418]&amp#27;[0m&amp#27;[38;5;-11m[AndroidUiautomator2Driver@692e]&amp#27;[0m Parsing package and activity from app manifest
&amp#27;[38;5;98m[a57e1418]&amp#27;[0m&amp#27;[38;5;229m[ADB]&amp#27;[0m Running 'C:\Users\Asus\AppData\Local\Android\Sdk\platform-tools\adb.exe -P 5037 -s emulator-5554 wait-for-device'
&amp#27;[38;5;98m[a57e1418]&amp#27;[0m&amp#27;[38;5;229m[ADB]&amp#27;[0m Using 'aapt2.exe' from 'C:\Users\Asus\AppData\Local\Android\Sdk\build-tools\35.0.0\aapt2.exe'
&amp#27;[38;5;98m[a57e1418]&amp#27;[0m&amp#27;[38;5;229m[ADB]&amp#27;[0m Reading package manifest: 'C:\\Users\\Asus\\AppData\\Local\\Android\\Sdk\\build-tools\\35.0.0\\aapt2.exe dump badging D:\\EclipseSoftware\\appiumnew\\src\\test\\java\\resources\\Android-MyDemoAppRN.1.3.0.build-244.apk'
&amp#27;[38;5;98m[a57e1418]&amp#27;[0m&amp#27;[38;5;229m[ADB]&amp#27;[0m Running 'C:\Users\Asus\AppData\Local\Android\Sdk\platform-tools\adb.exe -P 5037 -s emulator-5554 shell echo ping'
&amp#27;[38;5;146m[2e1dd3e6]&amp#27;[0m&amp#27;[38;5;229m[ADB]&amp#27;[0m Current device property 'ro.build.version.sdk': 35
&amp#27;[38;5;146m[2e1dd3e6]&amp#27;[0m&amp#27;[38;5;229m[ADB]&amp#27;[0m Getting device platform version
&amp#27;[38;5;146m[2e1dd3e6]&amp#27;[0m&amp#27;[38;5;229m[ADB]&amp#27;[0m Running 'C:\Users\Asus\AppData\Local\Android\Sdk\platform-tools\adb.exe -P 5037 -s emulator-5556 shell getprop ro.build.version.release'
&amp#27;[38;5;98m[a57e1418]&amp#27;[0m&amp#27;[38;5;229m[ADB]&amp#27;[0m Package name: 'com.saucelabs.mydemoapp.rn'
&amp#27;[38;5;98m[a57e1418]&amp#27;[0m&amp#27;[38;5;229m[ADB]&amp#27;[0m Main activity name: 'com.saucelabs.mydemoapp.rn.MainActivity'
&amp#27;[38;5;98m[a57e1418]&amp#27;[0m&amp#27;[38;5;-11m[AndroidUiautomator2Driver@692e]&amp#27;[0m Parsed package and activity are: com.saucelabs.mydemoapp.rn/com.saucelabs.mydemoapp.rn.MainActivity
&amp#27;[38;5;98m[a57e1418]&amp#27;[0m&amp#27;[38;5;-11m[AndroidUiautomator2Driver@692e]&amp#27;[0m Pushing settings apk to the device...
&amp#27;[38;5;98m[a57e1418]&amp#27;[0m&amp#27;[38;5;229m[ADB]&amp#27;[0m Getting package info for 'io.appium.settings'
&amp#27;[38;5;98m[a57e1418]&amp#27;[0m&amp#27;[38;5;229m[ADB]&amp#27;[0m Running 'C:\Users\Asus\AppData\Local\Android\Sdk\platform-tools\adb.exe -P 5037 -s emulator-5554 shell dumpsys package io.appium.settings'
&amp#27;[38;5;146m[2e1dd3e6]&amp#27;[0m&amp#27;[38;5;229m[ADB]&amp#27;[0m Current device property 'ro.build.version.release': 15
&amp#27;[38;5;146m[2e1dd3e6]&amp#27;[0m&amp#27;[38;5;229m[ADB]&amp#27;[0m Device API level: 35
&amp#27;[38;5;146m[2e1dd3e6]&amp#27;[0m&amp#27;[38;5;-186m[AndroidUiautomator2Driver@7907]&amp#27;[0m Relaxing hidden api policy
&amp#27;[38;5;146m[2e1dd3e6]&amp#27;[0m&amp#27;[38;5;229m[ADB]&amp#27;[0m Running 'C:\Users\Asus\AppData\Local\Android\Sdk\platform-tools\adb.exe -P 5037 -s emulator-5556 shell 'settings put global hidden_api_policy_pre_p_apps 1;settings put global hidden_api_policy_p_apps 1;settings put global hidden_api_policy 1''
&amp#27;[38;5;146m[2e1dd3e6]&amp#27;[0m&amp#27;[38;5;-186m[AndroidUiautomator2Driver@7907]&amp#27;[0m Parsing package and activity from app manifest
&amp#27;[38;5;146m[2e1dd3e6]&amp#27;[0m&amp#27;[38;5;229m[ADB]&amp#27;[0m Running 'C:\Users\Asus\AppData\Local\Android\Sdk\platform-tools\adb.exe -P 5037 -s emulator-5556 wait-for-device'
&amp#27;[38;5;146m[2e1dd3e6]&amp#27;[0m&amp#27;[38;5;229m[ADB]&amp#27;[0m Using 'aapt2.exe' from 'C:\Users\Asus\AppData\Local\Android\Sdk\build-tools\35.0.0\aapt2.exe'
&amp#27;[38;5;146m[2e1dd3e6]&amp#27;[0m&amp#27;[38;5;229m[ADB]&amp#27;[0m Reading package manifest: 'C:\\Users\\Asus\\AppData\\Local\\Android\\Sdk\\build-tools\\35.0.0\\aapt2.exe dump badging D:\\EclipseSoftware\\appiumnew\\src\\test\\java\\resources\\Android-MyDemoAppRN.1.3.0.build-244.apk'
&amp#27;[38;5;146m[2e1dd3e6]&amp#27;[0m&amp#27;[38;5;229m[ADB]&amp#27;[0m Running 'C:\Users\Asus\AppData\Local\Android\Sdk\platform-tools\adb.exe -P 5037 -s emulator-5556 shell echo ping'
&amp#27;[38;5;146m[2e1dd3e6]&amp#27;[0m&amp#27;[38;5;229m[ADB]&amp#27;[0m Package name: 'com.saucelabs.mydemoapp.rn'
&amp#27;[38;5;146m[2e1dd3e6]&amp#27;[0m&amp#27;[38;5;229m[ADB]&amp#27;[0m Main activity name: 'com.saucelabs.mydemoapp.rn.MainActivity'
&amp#27;[38;5;146m[2e1dd3e6]&amp#27;[0m&amp#27;[38;5;-186m[AndroidUiautomator2Driver@7907]&amp#27;[0m Parsed package and activity are: com.saucelabs.mydemoapp.rn/com.saucelabs.mydemoapp.rn.MainActivity
&amp#27;[38;5;146m[2e1dd3e6]&amp#27;[0m&amp#27;[38;5;-186m[AndroidUiautomator2Driver@7907]&amp#27;[0m Pushing settings apk to the device...
&amp#27;[38;5;146m[2e1dd3e6]&amp#27;[0m&amp#27;[38;5;229m[ADB]&amp#27;[0m Getting package info for 'io.appium.settings'
&amp#27;[38;5;146m[2e1dd3e6]&amp#27;[0m&amp#27;[38;5;229m[ADB]&amp#27;[0m Running 'C:\Users\Asus\AppData\Local\Android\Sdk\platform-tools\adb.exe -P 5037 -s emulator-5556 shell dumpsys package io.appium.settings'
&amp#27;[38;5;146m[2e1dd3e6]&amp#27;[0m&amp#27;[38;5;229m[ADB]&amp#27;[0m Reading package manifest: 'C:\\Users\\Asus\\AppData\\Local\\Android\\Sdk\\build-tools\\35.0.0\\aapt2.exe dump badging C:\\Users\\Asus\\.appium\\node_modules\\appium-uiautomator2-driver\\node_modules\\io.appium.settings\\apks\\settings_apk-debug.apk'
&amp#27;[38;5;146m[2e1dd3e6]&amp#27;[0m&amp#27;[38;5;229m[ADB]&amp#27;[0m The version name of the installed 'io.appium.settings' is greater or equal to the application version name ('5.12.19' >= '5.12.19')
&amp#27;[38;5;146m[2e1dd3e6]&amp#27;[0m&amp#27;[38;5;229m[ADB]&amp#27;[0m There is no need to install/upgrade 'C:\Users\Asus\.appium\node_modules\appium-uiautomator2-driver\node_modules\io.appium.settings\apks\settings_apk-debug.apk'
&amp#27;[38;5;146m[2e1dd3e6]&amp#27;[0m&amp#27;[38;5;229m[ADB]&amp#27;[0m Running 'C:\Users\Asus\AppData\Local\Android\Sdk\platform-tools\adb.exe -P 5037 -s emulator-5556 shell dumpsys activity services io.appium.settings'
&amp#27;[38;5;146m[2e1dd3e6]&amp#27;[0m&amp#27;[38;5;-186m[AndroidUiautomator2Driver@7907]&amp#27;[0m io.appium.settings is already running. There is no need to reset its permissions.
&amp#27;[38;5;146m[2e1dd3e6]&amp#27;[0m&amp#27;[38;5;160m[Logcat]&amp#27;[0m Starting logs capture with command: C:\\Users\\Asus\\AppData\\Local\\Android\\Sdk\\platform-tools\\adb.exe -P 5037 -s emulator-5556 logcat -v threadtime
&amp#27;[38;5;146m[2e1dd3e6]&amp#27;[0m&amp#27;[38;5;-186m[AndroidUiautomator2Driver@7907]&amp#27;[0m Forwarding UiAutomator2 Server port 6790 to local port 8203
&amp#27;[38;5;146m[2e1dd3e6]&amp#27;[0m&amp#27;[38;5;229m[ADB]&amp#27;[0m Forwarding system: 8203 to device: 6790
&amp#27;[38;5;146m[2e1dd3e6]&amp#27;[0m&amp#27;[38;5;229m[ADB]&amp#27;[0m Running 'C:\Users\Asus\AppData\Local\Android\Sdk\platform-tools\adb.exe -P 5037 -s emulator-5556 forward tcp:8203 tcp:6790'
&amp#27;[38;5;146m[2e1dd3e6]&amp#27;[0m&amp#27;[38;5;229m[ADB]&amp#27;[0m Getting package info for 'io.appium.uiautomator2.server'
&amp#27;[38;5;146m[2e1dd3e6]&amp#27;[0m&amp#27;[38;5;229m[ADB]&amp#27;[0m Running 'C:\Users\Asus\AppData\Local\Android\Sdk\platform-tools\adb.exe -P 5037 -s emulator-5556 shell dumpsys package io.appium.uiautomator2.server'
&amp#27;[38;5;146m[2e1dd3e6]&amp#27;[0m&amp#27;[38;5;229m[ADB]&amp#27;[0m Getting install status for io.appium.uiautomator2.server.test
&amp#27;[38;5;146m[2e1dd3e6]&amp#27;[0m&amp#27;[38;5;229m[ADB]&amp#27;[0m Checking app cert for D:\EclipseSoftware\appiumnew\src\test\java\resources\Android-MyDemoAppRN.1.3.0.build-244.apk
&amp#27;[38;5;146m[2e1dd3e6]&amp#27;[0m&amp#27;[38;5;229m[ADB]&amp#27;[0m Running 'C:\Users\Asus\AppData\Local\Android\Sdk\platform-tools\adb.exe -P 5037 -s emulator-5556 shell cmd package list packages'
&amp#27;[38;5;146m[2e1dd3e6]&amp#27;[0m&amp#27;[38;5;229m[ADB]&amp#27;[0m Reading package manifest: 'C:\\Users\\Asus\\AppData\\Local\\Android\\Sdk\\build-tools\\35.0.0\\aapt2.exe dump badging C:\\Users\\Asus\\.appium\\node_modules\\appium-uiautomator2-driver\\node_modules\\appium-uiautomator2-server\\apks\\appium-uiautomator2-server-v7.1.7.apk'
&amp#27;[38;5;146m[2e1dd3e6]&amp#27;[0m&amp#27;[38;5;229m[ADB]&amp#27;[0m 'io.appium.uiautomator2.server.test' is installed
&amp#27;[38;5;146m[2e1dd3e6]&amp#27;[0m&amp#27;[38;5;229m[ADB]&amp#27;[0m Using 'apksigner.jar' from 'C:\Users\Asus\AppData\Local\Android\Sdk\build-tools\35.0.0\lib\apksigner.jar'
&amp#27;[38;5;146m[2e1dd3e6]&amp#27;[0m&amp#27;[38;5;229m[ADB]&amp#27;[0m Starting apksigner: 'C:\\Program Files\\jdk-17.0.12+7\\bin\\java.exe' -Xmx1024M -Xss1m -jar C:\\Users\\Asus\\AppData\\Local\\Android\\Sdk\\build-tools\\35.0.0\\lib\\apksigner.jar verify --print-certs D:\\EclipseSoftware\\appiumnew\\src\\test\\java\\resources\\Android-MyDemoAppRN.1.3.0.build-244.apk
&amp#27;[38;5;146m[2e1dd3e6]&amp#27;[0m&amp#27;[38;5;229m[ADB]&amp#27;[0m The version name of the installed 'io.appium.uiautomator2.server' is greater or equal to the application version name ('7.1.7' >= '7.1.7')
&amp#27;[38;5;146m[2e1dd3e6]&amp#27;[0m&amp#27;[38;5;-186m[AndroidUiautomator2Driver@7907]&amp#27;[0m Server packages status: [{"installState":"sameVersionInstalled","appPath":"C:\\Users\\Asus\\.appium\\node_modules\\appium-uiautomator2-driver\\node_modules\\appium-uiautomator2-server\\apks\\appium-uiautomator2-server-v7.1.7.apk","appId":"io.appium.uiautomator2.server"},{"installState":"sameVersionInstalled","appPath":"C:\\Users\\Asus\\.appium\\node_modules\\appium-uiautomator2-driver\\node_modules\\appium-uiautomator2-server\\apks\\appium-uiautomator2-server-debug-androidTest.apk","appId":"io.appium.uiautomator2.server.test"}]
&amp#27;[38;5;146m[2e1dd3e6]&amp#27;[0m&amp#27;[38;5;-186m[AndroidUiautomator2Driver@7907]&amp#27;[0m Server packages are not going to be (re)installed
&amp#27;[38;5;146m[2e1dd3e6]&amp#27;[0m&amp#27;[38;5;-186m[AndroidUiautomator2Driver@7907]&amp#27;[0m Waiting up to 30000ms for services to be available
&amp#27;[38;5;146m[2e1dd3e6]&amp#27;[0m&amp#27;[38;5;229m[ADB]&amp#27;[0m Running 'C:\Users\Asus\AppData\Local\Android\Sdk\platform-tools\adb.exe -P 5037 -s emulator-5556 shell pm list instrumentation'
&amp#27;[38;5;98m[a57e1418]&amp#27;[0m&amp#27;[38;5;229m[ADB]&amp#27;[0m Reading package manifest: 'C:\\Users\\Asus\\AppData\\Local\\Android\\Sdk\\build-tools\\35.0.0\\aapt2.exe dump badging C:\\Users\\Asus\\.appium\\node_modules\\appium-uiautomator2-driver\\node_modules\\io.appium.settings\\apks\\settings_apk-debug.apk'
&amp#27;[38;5;98m[a57e1418]&amp#27;[0m&amp#27;[38;5;229m[ADB]&amp#27;[0m The version name of the installed 'io.appium.settings' is greater or equal to the application version name ('5.12.19' >= '5.12.19')
&amp#27;[38;5;98m[a57e1418]&amp#27;[0m&amp#27;[38;5;229m[ADB]&amp#27;[0m There is no need to install/upgrade 'C:\Users\Asus\.appium\node_modules\appium-uiautomator2-driver\node_modules\io.appium.settings\apks\settings_apk-debug.apk'
&amp#27;[38;5;98m[a57e1418]&amp#27;[0m&amp#27;[38;5;229m[ADB]&amp#27;[0m Running 'C:\Users\Asus\AppData\Local\Android\Sdk\platform-tools\adb.exe -P 5037 -s emulator-5554 shell dumpsys activity services io.appium.settings'
&amp#27;[38;5;146m[2e1dd3e6]&amp#27;[0m&amp#27;[38;5;-186m[AndroidUiautomator2Driver@7907]&amp#27;[0m Instrumentation target 'io.appium.uiautomator2.server.test/androidx.test.runner.AndroidJUnitRunner' is available
&amp#27;[38;5;146m[2e1dd3e6]&amp#27;[0m&amp#27;[38;5;229m[ADB]&amp#27;[0m Adding packages ["io.appium.settings","io.appium.uiautomator2.server","io.appium.uiautomator2.server.test"] to Doze whitelist
&amp#27;[38;5;146m[2e1dd3e6]&amp#27;[0m&amp#27;[38;5;229m[ADB]&amp#27;[0m Got the following command chunks to execute: [["dumpsys","deviceidle","whitelist","+io.appium.settings",";","dumpsys","deviceidle","whitelist","+io.appium.uiautomator2.server",";","dumpsys","deviceidle","whitelist","+io.appium.uiautomator2.server.test",";"]]
&amp#27;[38;5;146m[2e1dd3e6]&amp#27;[0m&amp#27;[38;5;229m[ADB]&amp#27;[0m Running 'C:\Users\Asus\AppData\Local\Android\Sdk\platform-tools\adb.exe -P 5037 -s emulator-5556 shell dumpsys deviceidle whitelist +io.appium.settings ; dumpsys deviceidle whitelist +io.appium.uiautomator2.server ; dumpsys deviceidle whitelist +io.appium.uiautomator2.server.test ;'
&amp#27;[38;5;98m[a57e1418]&amp#27;[0m&amp#27;[38;5;-11m[AndroidUiautomator2Driver@692e]&amp#27;[0m io.appium.settings is already running. There is no need to reset its permissions.
&amp#27;[38;5;98m[a57e1418]&amp#27;[0m&amp#27;[38;5;160m[Logcat]&amp#27;[0m Starting logs capture with command: C:\\Users\\Asus\\AppData\\Local\\Android\\Sdk\\platform-tools\\adb.exe -P 5037 -s emulator-5554 logcat -v threadtime
&amp#27;[38;5;98m[a57e1418]&amp#27;[0m&amp#27;[38;5;-11m[AndroidUiautomator2Driver@692e]&amp#27;[0m Forwarding UiAutomator2 Server port 6790 to local port 8204
&amp#27;[38;5;98m[a57e1418]&amp#27;[0m&amp#27;[38;5;229m[ADB]&amp#27;[0m Forwarding system: 8204 to device: 6790
&amp#27;[38;5;98m[a57e1418]&amp#27;[0m&amp#27;[38;5;229m[ADB]&amp#27;[0m Running 'C:\Users\Asus\AppData\Local\Android\Sdk\platform-tools\adb.exe -P 5037 -s emulator-5554 forward tcp:8204 tcp:6790'
&amp#27;[38;5;98m[a57e1418]&amp#27;[0m&amp#27;[38;5;229m[ADB]&amp#27;[0m Getting package info for 'io.appium.uiautomator2.server'
&amp#27;[38;5;98m[a57e1418]&amp#27;[0m&amp#27;[38;5;229m[ADB]&amp#27;[0m Running 'C:\Users\Asus\AppData\Local\Android\Sdk\platform-tools\adb.exe -P 5037 -s emulator-5554 shell dumpsys package io.appium.uiautomator2.server'
&amp#27;[38;5;98m[a57e1418]&amp#27;[0m&amp#27;[38;5;229m[ADB]&amp#27;[0m Getting install status for io.appium.uiautomator2.server.test
&amp#27;[38;5;98m[a57e1418]&amp#27;[0m&amp#27;[38;5;229m[ADB]&amp#27;[0m Checking app cert for D:\EclipseSoftware\appiumnew\src\test\java\resources\Android-MyDemoAppRN.1.3.0.build-244.apk
&amp#27;[38;5;98m[a57e1418]&amp#27;[0m&amp#27;[38;5;229m[ADB]&amp#27;[0m Running 'C:\Users\Asus\AppData\Local\Android\Sdk\platform-tools\adb.exe -P 5037 -s emulator-5554 shell cmd package list packages'
&amp#27;[38;5;98m[a57e1418]&amp#27;[0m&amp#27;[38;5;229m[ADB]&amp#27;[0m Reading package manifest: 'C:\\Users\\Asus\\AppData\\Local\\Android\\Sdk\\build-tools\\35.0.0\\aapt2.exe dump badging C:\\Users\\Asus\\.appium\\node_modules\\appium-uiautomator2-driver\\node_modules\\appium-uiautomator2-server\\apks\\appium-uiautomator2-server-v7.1.7.apk'
&amp#27;[38;5;98m[a57e1418]&amp#27;[0m&amp#27;[38;5;229m[ADB]&amp#27;[0m 'io.appium.uiautomator2.server.test' is installed
&amp#27;[38;5;98m[a57e1418]&amp#27;[0m&amp#27;[38;5;229m[ADB]&amp#27;[0m The version name of the installed 'io.appium.uiautomator2.server' is greater or equal to the application version name ('7.1.7' >= '7.1.7')
&amp#27;[38;5;98m[a57e1418]&amp#27;[0m&amp#27;[38;5;-11m[AndroidUiautomator2Driver@692e]&amp#27;[0m Server packages status: [{"installState":"sameVersionInstalled","appPath":"C:\\Users\\Asus\\.appium\\node_modules\\appium-uiautomator2-driver\\node_modules\\appium-uiautomator2-server\\apks\\appium-uiautomator2-server-v7.1.7.apk","appId":"io.appium.uiautomator2.server"},{"installState":"sameVersionInstalled","appPath":"C:\\Users\\Asus\\.appium\\node_modules\\appium-uiautomator2-driver\\node_modules\\appium-uiautomator2-server\\apks\\appium-uiautomator2-server-debug-androidTest.apk","appId":"io.appium.uiautomator2.server.test"}]
&amp#27;[38;5;98m[a57e1418]&amp#27;[0m&amp#27;[38;5;-11m[AndroidUiautomator2Driver@692e]&amp#27;[0m Server packages are not going to be (re)installed
&amp#27;[38;5;98m[a57e1418]&amp#27;[0m&amp#27;[38;5;-11m[AndroidUiautomator2Driver@692e]&amp#27;[0m Waiting up to 30000ms for services to be available
&amp#27;[38;5;98m[a57e1418]&amp#27;[0m&amp#27;[38;5;229m[ADB]&amp#27;[0m Running 'C:\Users\Asus\AppData\Local\Android\Sdk\platform-tools\adb.exe -P 5037 -s emulator-5554 shell pm list instrumentation'
&amp#27;[38;5;98m[a57e1418]&amp#27;[0m&amp#27;[38;5;229m[ADB]&amp#27;[0m Using 'apksigner.jar' from 'C:\Users\Asus\AppData\Local\Android\Sdk\build-tools\35.0.0\lib\apksigner.jar'
&amp#27;[38;5;98m[a57e1418]&amp#27;[0m&amp#27;[38;5;229m[ADB]&amp#27;[0m Starting apksigner: 'C:\\Program Files\\jdk-17.0.12+7\\bin\\java.exe' -Xmx1024M -Xss1m -jar C:\\Users\\Asus\\AppData\\Local\\Android\\Sdk\\build-tools\\35.0.0\\lib\\apksigner.jar verify --print-certs D:\\EclipseSoftware\\appiumnew\\src\\test\\java\\resources\\Android-MyDemoAppRN.1.3.0.build-244.apk
&amp#27;[38;5;98m[a57e1418]&amp#27;[0m&amp#27;[38;5;-11m[AndroidUiautomator2Driver@692e]&amp#27;[0m Instrumentation target 'io.appium.uiautomator2.server.test/androidx.test.runner.AndroidJUnitRunner' is available
&amp#27;[38;5;98m[a57e1418]&amp#27;[0m&amp#27;[38;5;229m[ADB]&amp#27;[0m Adding packages ["io.appium.settings","io.appium.uiautomator2.server","io.appium.uiautomator2.server.test"] to Doze whitelist
&amp#27;[38;5;98m[a57e1418]&amp#27;[0m&amp#27;[38;5;229m[ADB]&amp#27;[0m Got the following command chunks to execute: [["dumpsys","deviceidle","whitelist","+io.appium.settings",";","dumpsys","deviceidle","whitelist","+io.appium.uiautomator2.server",";","dumpsys","deviceidle","whitelist","+io.appium.uiautomator2.server.test",";"]]
&amp#27;[38;5;98m[a57e1418]&amp#27;[0m&amp#27;[38;5;229m[ADB]&amp#27;[0m Running 'C:\Users\Asus\AppData\Local\Android\Sdk\platform-tools\adb.exe -P 5037 -s emulator-5554 shell dumpsys deviceidle whitelist +io.appium.settings ; dumpsys deviceidle whitelist +io.appium.uiautomator2.server ; dumpsys deviceidle whitelist +io.appium.uiautomator2.server.test ;'
&amp#27;[38;5;146m[2e1dd3e6]&amp#27;[0m&amp#27;[38;5;229m[ADB]&amp#27;[0m apksigner stdout: Signer #1 certificate DN: CN=Android Debug, OU=Android, O=Unknown, L=Unknown, ST=Unknown, C=US
Signer #1 certificate SHA-256 digest: fac61745dc0903786fb9ede62a962b399f7348f0bb6f899b8332667591033b9c
Signer #1 certificate SHA-1 digest: 5e8f16062ea3cd2c4a0d547876baa6f38cabf625
Signer #1 certificate MD5 digest: 20f46148b72d8e5e5ca23d37a4f41490

&amp#27;[38;5;146m[2e1dd3e6]&amp#27;[0m&amp#27;[38;5;229m[ADB]&amp#27;[0m 'D:\EclipseSoftware\appiumnew\src\test\java\resources\Android-MyDemoAppRN.1.3.0.build-244.apk' is signed with a non-default certificate
&amp#27;[38;5;146m[2e1dd3e6]&amp#27;[0m&amp#27;[38;5;229m[ADB]&amp#27;[0m Getting package info for 'com.saucelabs.mydemoapp.rn'
&amp#27;[38;5;146m[2e1dd3e6]&amp#27;[0m&amp#27;[38;5;229m[ADB]&amp#27;[0m Running 'C:\Users\Asus\AppData\Local\Android\Sdk\platform-tools\adb.exe -P 5037 -s emulator-5556 shell dumpsys package com.saucelabs.mydemoapp.rn'
&amp#27;[38;5;146m[2e1dd3e6]&amp#27;[0m&amp#27;[38;5;229m[ADB]&amp#27;[0m Reading package manifest: 'C:\\Users\\Asus\\AppData\\Local\\Android\\Sdk\\build-tools\\35.0.0\\aapt2.exe dump badging D:\\EclipseSoftware\\appiumnew\\src\\test\\java\\resources\\Android-MyDemoAppRN.1.3.0.build-244.apk'
&amp#27;[38;5;146m[2e1dd3e6]&amp#27;[0m&amp#27;[38;5;229m[ADB]&amp#27;[0m The version name of the installed 'com.saucelabs.mydemoapp.rn' is greater or equal to the application version name ('1.3.0' >= '1.3.0')
&amp#27;[38;5;146m[2e1dd3e6]&amp#27;[0m&amp#27;[38;5;229m[ADB]&amp#27;[0m There is no need to install/upgrade 'D:\EclipseSoftware\appiumnew\src\test\java\resources\Android-MyDemoAppRN.1.3.0.build-244.apk'
&amp#27;[38;5;146m[2e1dd3e6]&amp#27;[0m&amp#27;[38;5;-186m[AndroidUiautomator2Driver@7907]&amp#27;[0m Performing fast reset on 'com.saucelabs.mydemoapp.rn'
&amp#27;[38;5;146m[2e1dd3e6]&amp#27;[0m&amp#27;[38;5;229m[ADB]&amp#27;[0m Getting install status for com.saucelabs.mydemoapp.rn
&amp#27;[38;5;146m[2e1dd3e6]&amp#27;[0m&amp#27;[38;5;229m[ADB]&amp#27;[0m Running 'C:\Users\Asus\AppData\Local\Android\Sdk\platform-tools\adb.exe -P 5037 -s emulator-5556 shell cmd package list packages'
&amp#27;[38;5;146m[2e1dd3e6]&amp#27;[0m&amp#27;[38;5;229m[ADB]&amp#27;[0m 'com.saucelabs.mydemoapp.rn' is installed
&amp#27;[38;5;146m[2e1dd3e6]&amp#27;[0m&amp#27;[38;5;229m[ADB]&amp#27;[0m Running 'C:\Users\Asus\AppData\Local\Android\Sdk\platform-tools\adb.exe -P 5037 -s emulator-5556 shell am force-stop com.saucelabs.mydemoapp.rn'
&amp#27;[38;5;146m[2e1dd3e6]&amp#27;[0m&amp#27;[38;5;229m[ADB]&amp#27;[0m Running 'C:\Users\Asus\AppData\Local\Android\Sdk\platform-tools\adb.exe -P 5037 -s emulator-5556 shell pm clear com.saucelabs.mydemoapp.rn'
&amp#27;[38;5;146m[2e1dd3e6]&amp#27;[0m&amp#27;[38;5;-186m[AndroidUiautomator2Driver@7907]&amp#27;[0m Performed fast reset on the installed 'com.saucelabs.mydemoapp.rn' application (stop and clear)
&amp#27;[38;5;146m[2e1dd3e6]&amp#27;[0m&amp#27;[38;5;-186m[AndroidUiautomator2Driver@7907]&amp#27;[0m Performing shallow cleanup of automation leftovers
&amp#27;[38;5;146m[2e1dd3e6]&amp#27;[0m&amp#27;[38;5;-186m[AndroidUiautomator2Driver@7907]&amp#27;[0m No obsolete sessions have been detected (socket hang up)
&amp#27;[38;5;146m[2e1dd3e6]&amp#27;[0m&amp#27;[38;5;229m[ADB]&amp#27;[0m Running 'C:\Users\Asus\AppData\Local\Android\Sdk\platform-tools\adb.exe -P 5037 -s emulator-5556 shell am force-stop io.appium.uiautomator2.server'
&amp#27;[38;5;146m[2e1dd3e6]&amp#27;[0m&amp#27;[38;5;229m[ADB]&amp#27;[0m Running 'C:\Users\Asus\AppData\Local\Android\Sdk\platform-tools\adb.exe -P 5037 -s emulator-5556 shell am force-stop io.appium.uiautomator2.server.test'
&amp#27;[38;5;98m[a57e1418]&amp#27;[0m&amp#27;[38;5;229m[ADB]&amp#27;[0m apksigner stdout: Signer #1 certificate DN: CN=Android Debug, OU=Android, O=Unknown, L=Unknown, ST=Unknown, C=US
Signer #1 certificate SHA-256 digest: fac61745dc0903786fb9ede62a962b399f7348f0bb6f899b8332667591033b9c
Signer #1 certificate SHA-1 digest: 5e8f16062ea3cd2c4a0d547876baa6f38cabf625
Signer #1 certificate MD5 digest: 20f46148b72d8e5e5ca23d37a4f41490

&amp#27;[38;5;98m[a57e1418]&amp#27;[0m&amp#27;[38;5;229m[ADB]&amp#27;[0m 'D:\EclipseSoftware\appiumnew\src\test\java\resources\Android-MyDemoAppRN.1.3.0.build-244.apk' is signed with a non-default certificate
&amp#27;[38;5;98m[a57e1418]&amp#27;[0m&amp#27;[38;5;229m[ADB]&amp#27;[0m Getting package info for 'com.saucelabs.mydemoapp.rn'
&amp#27;[38;5;98m[a57e1418]&amp#27;[0m&amp#27;[38;5;229m[ADB]&amp#27;[0m Running 'C:\Users\Asus\AppData\Local\Android\Sdk\platform-tools\adb.exe -P 5037 -s emulator-5554 shell dumpsys package com.saucelabs.mydemoapp.rn'
&amp#27;[38;5;98m[a57e1418]&amp#27;[0m&amp#27;[38;5;229m[ADB]&amp#27;[0m Reading package manifest: 'C:\\Users\\Asus\\AppData\\Local\\Android\\Sdk\\build-tools\\35.0.0\\aapt2.exe dump badging D:\\EclipseSoftware\\appiumnew\\src\\test\\java\\resources\\Android-MyDemoAppRN.1.3.0.build-244.apk'
&amp#27;[38;5;98m[a57e1418]&amp#27;[0m&amp#27;[38;5;229m[ADB]&amp#27;[0m The version name of the installed 'com.saucelabs.mydemoapp.rn' is greater or equal to the application version name ('1.3.0' >= '1.3.0')
&amp#27;[38;5;98m[a57e1418]&amp#27;[0m&amp#27;[38;5;229m[ADB]&amp#27;[0m There is no need to install/upgrade 'D:\EclipseSoftware\appiumnew\src\test\java\resources\Android-MyDemoAppRN.1.3.0.build-244.apk'
&amp#27;[38;5;98m[a57e1418]&amp#27;[0m&amp#27;[38;5;-11m[AndroidUiautomator2Driver@692e]&amp#27;[0m Performing fast reset on 'com.saucelabs.mydemoapp.rn'
&amp#27;[38;5;98m[a57e1418]&amp#27;[0m&amp#27;[38;5;229m[ADB]&amp#27;[0m Getting install status for com.saucelabs.mydemoapp.rn
&amp#27;[38;5;98m[a57e1418]&amp#27;[0m&amp#27;[38;5;229m[ADB]&amp#27;[0m Running 'C:\Users\Asus\AppData\Local\Android\Sdk\platform-tools\adb.exe -P 5037 -s emulator-5554 shell cmd package list packages'
&amp#27;[38;5;146m[2e1dd3e6]&amp#27;[0m&amp#27;[38;5;-186m[AndroidUiautomator2Driver@7907]&amp#27;[0m Starting UIAutomator2 server 7.1.7
&amp#27;[38;5;146m[2e1dd3e6]&amp#27;[0m&amp#27;[38;5;-186m[AndroidUiautomator2Driver@7907]&amp#27;[0m Using UIAutomator2 server from 'C:\Users\Asus\.appium\node_modules\appium-uiautomator2-driver\node_modules\appium-uiautomator2-server\apks\appium-uiautomator2-server-v7.1.7.apk' and test from 'C:\Users\Asus\.appium\node_modules\appium-uiautomator2-driver\node_modules\appium-uiautomator2-server\apks\appium-uiautomator2-server-debug-androidTest.apk'
&amp#27;[38;5;146m[2e1dd3e6]&amp#27;[0m&amp#27;[38;5;-186m[AndroidUiautomator2Driver@7907]&amp#27;[0m Waiting up to 30000ms for UiAutomator2 to be online...
&amp#27;[38;5;146m[2e1dd3e6]&amp#27;[0m&amp#27;[38;5;229m[ADB]&amp#27;[0m Creating ADB subprocess with args: ["-P","5037","-s","emulator-5556","shell","am","instrument","-w","-e","disableAnalytics","true","io.appium.uiautomator2.server.test/androidx.test.runner.AndroidJUnitRunner"]
&amp#27;[38;5;146m[2e1dd3e6]&amp#27;[0m&amp#27;[38;5;-186m[AndroidUiautomator2Driver@7907]&amp#27;[0m Matched '/status' to command name 'getStatus'
&amp#27;[38;5;146m[2e1dd3e6]&amp#27;[0m&amp#27;[38;5;-186m[AndroidUiautomator2Driver@7907]&amp#27;[0m Proxying [GET /status] to [GET http://127.0.0.1:8203/status] with no body
&amp#27;[38;5;146m[2e1dd3e6]&amp#27;[0m&amp#27;[38;5;-186m[AndroidUiautomator2Driver@7907]&amp#27;[0m socket hang up
&amp#27;[38;5;98m[a57e1418]&amp#27;[0m&amp#27;[38;5;229m[ADB]&amp#27;[0m 'com.saucelabs.mydemoapp.rn' is installed
&amp#27;[38;5;98m[a57e1418]&amp#27;[0m&amp#27;[38;5;229m[ADB]&amp#27;[0m Running 'C:\Users\Asus\AppData\Local\Android\Sdk\platform-tools\adb.exe -P 5037 -s emulator-5554 shell am force-stop com.saucelabs.mydemoapp.rn'
&amp#27;[38;5;98m[a57e1418]&amp#27;[0m&amp#27;[38;5;229m[ADB]&amp#27;[0m Running 'C:\Users\Asus\AppData\Local\Android\Sdk\platform-tools\adb.exe -P 5037 -s emulator-5554 shell pm clear com.saucelabs.mydemoapp.rn'
&amp#27;[38;5;146m[2e1dd3e6]&amp#27;[0m&amp#27;[38;5;-186m[AndroidUiautomator2Driver@7907]&amp#27;[0m Matched '/status' to command name 'getStatus'
&amp#27;[38;5;146m[2e1dd3e6]&amp#27;[0m&amp#27;[38;5;-186m[AndroidUiautomator2Driver@7907]&amp#27;[0m Proxying [GET /status] to [GET http://127.0.0.1:8203/status] with no body
&amp#27;[38;5;146m[2e1dd3e6]&amp#27;[0m&amp#27;[38;5;-186m[AndroidUiautomator2Driver@7907]&amp#27;[0m socket hang up
&amp#27;[38;5;98m[a57e1418]&amp#27;[0m&amp#27;[38;5;-11m[AndroidUiautomator2Driver@692e]&amp#27;[0m Performed fast reset on the installed 'com.saucelabs.mydemoapp.rn' application (stop and clear)
&amp#27;[38;5;98m[a57e1418]&amp#27;[0m&amp#27;[38;5;-11m[AndroidUiautomator2Driver@692e]&amp#27;[0m Performing shallow cleanup of automation leftovers
&amp#27;[38;5;98m[a57e1418]&amp#27;[0m&amp#27;[38;5;-11m[AndroidUiautomator2Driver@692e]&amp#27;[0m No obsolete sessions have been detected (socket hang up)
&amp#27;[38;5;98m[a57e1418]&amp#27;[0m&amp#27;[38;5;229m[ADB]&amp#27;[0m Running 'C:\Users\Asus\AppData\Local\Android\Sdk\platform-tools\adb.exe -P 5037 -s emulator-5554 shell am force-stop io.appium.uiautomator2.server'
&amp#27;[38;5;98m[a57e1418]&amp#27;[0m&amp#27;[38;5;229m[ADB]&amp#27;[0m Running 'C:\Users\Asus\AppData\Local\Android\Sdk\platform-tools\adb.exe -P 5037 -s emulator-5554 shell am force-stop io.appium.uiautomator2.server.test'
&amp#27;[38;5;98m[a57e1418]&amp#27;[0m&amp#27;[38;5;-11m[AndroidUiautomator2Driver@692e]&amp#27;[0m Starting UIAutomator2 server 7.1.7
&amp#27;[38;5;98m[a57e1418]&amp#27;[0m&amp#27;[38;5;-11m[AndroidUiautomator2Driver@692e]&amp#27;[0m Using UIAutomator2 server from 'C:\Users\Asus\.appium\node_modules\appium-uiautomator2-driver\node_modules\appium-uiautomator2-server\apks\appium-uiautomator2-server-v7.1.7.apk' and test from 'C:\Users\Asus\.appium\node_modules\appium-uiautomator2-driver\node_modules\appium-uiautomator2-server\apks\appium-uiautomator2-server-debug-androidTest.apk'
&amp#27;[38;5;98m[a57e1418]&amp#27;[0m&amp#27;[38;5;-11m[AndroidUiautomator2Driver@692e]&amp#27;[0m Waiting up to 30000ms for UiAutomator2 to be online...
&amp#27;[38;5;98m[a57e1418]&amp#27;[0m&amp#27;[38;5;229m[ADB]&amp#27;[0m Creating ADB subprocess with args: ["-P","5037","-s","emulator-5554","shell","am","instrument","-w","-e","disableAnalytics","true","io.appium.uiautomator2.server.test/androidx.test.runner.AndroidJUnitRunner"]
&amp#27;[38;5;98m[a57e1418]&amp#27;[0m&amp#27;[38;5;-11m[AndroidUiautomator2Driver@692e]&amp#27;[0m Matched '/status' to command name 'getStatus'
&amp#27;[38;5;98m[a57e1418]&amp#27;[0m&amp#27;[38;5;-11m[AndroidUiautomator2Driver@692e]&amp#27;[0m Proxying [GET /status] to [GET http://127.0.0.1:8204/status] with no body
&amp#27;[38;5;146m[2e1dd3e6]&amp#27;[0m&amp#27;[38;5;-186m[AndroidUiautomator2Driver@7907]&amp#27;[0m Matched '/status' to command name 'getStatus'
&amp#27;[38;5;146m[2e1dd3e6]&amp#27;[0m&amp#27;[38;5;-186m[AndroidUiautomator2Driver@7907]&amp#27;[0m Proxying [GET /status] to [GET http://127.0.0.1:8203/status] with no body
&amp#27;[38;5;98m[a57e1418]&amp#27;[0m&amp#27;[38;5;-11m[AndroidUiautomator2Driver@692e]&amp#27;[0m socket hang up
&amp#27;[38;5;146m[2e1dd3e6]&amp#27;[0m&amp#27;[38;5;-186m[AndroidUiautomator2Driver@7907]&amp#27;[0m socket hang up
&amp#27;[38;5;98m[a57e1418]&amp#27;[0m&amp#27;[38;5;-11m[AndroidUiautomator2Driver@692e]&amp#27;[0m Matched '/status' to command name 'getStatus'
&amp#27;[38;5;98m[a57e1418]&amp#27;[0m&amp#27;[38;5;-11m[AndroidUiautomator2Driver@692e]&amp#27;[0m Proxying [GET /status] to [GET http://127.0.0.1:8204/status] with no body
&amp#27;[38;5;146m[2e1dd3e6]&amp#27;[0m&amp#27;[38;5;-186m[AndroidUiautomator2Driver@7907]&amp#27;[0m Matched '/status' to command name 'getStatus'
&amp#27;[38;5;146m[2e1dd3e6]&amp#27;[0m&amp#27;[38;5;-186m[AndroidUiautomator2Driver@7907]&amp#27;[0m Proxying [GET /status] to [GET http://127.0.0.1:8203/status] with no body
&amp#27;[38;5;98m[a57e1418]&amp#27;[0m&amp#27;[38;5;-11m[AndroidUiautomator2Driver@692e]&amp#27;[0m socket hang up
&amp#27;[38;5;146m[2e1dd3e6]&amp#27;[0m&amp#27;[38;5;-186m[AndroidUiautomator2Driver@7907]&amp#27;[0m socket hang up
&amp#27;[38;5;98m[a57e1418]&amp#27;[0m&amp#27;[38;5;-11m[AndroidUiautomator2Driver@692e]&amp#27;[0m Matched '/status' to command name 'getStatus'
&amp#27;[38;5;98m[a57e1418]&amp#27;[0m&amp#27;[38;5;-11m[AndroidUiautomator2Driver@692e]&amp#27;[0m Proxying [GET /status] to [GET http://127.0.0.1:8204/status] with no body
&amp#27;[38;5;146m[2e1dd3e6]&amp#27;[0m&amp#27;[38;5;-186m[AndroidUiautomator2Driver@7907]&amp#27;[0m Matched '/status' to command name 'getStatus'
&amp#27;[38;5;146m[2e1dd3e6]&amp#27;[0m&amp#27;[38;5;-186m[AndroidUiautomator2Driver@7907]&amp#27;[0m Proxying [GET /status] to [GET http://127.0.0.1:8203/status] with no body
&amp#27;[38;5;98m[a57e1418]&amp#27;[0m&amp#27;[38;5;-11m[AndroidUiautomator2Driver@692e]&amp#27;[0m socket hang up
&amp#27;[38;5;146m[2e1dd3e6]&amp#27;[0m&amp#27;[38;5;-186m[AndroidUiautomator2Driver@7907]&amp#27;[0m socket hang up
&amp#27;[38;5;98m[a57e1418]&amp#27;[0m&amp#27;[38;5;-11m[AndroidUiautomator2Driver@692e]&amp#27;[0m Matched '/status' to command name 'getStatus'
&amp#27;[38;5;98m[a57e1418]&amp#27;[0m&amp#27;[38;5;-11m[AndroidUiautomator2Driver@692e]&amp#27;[0m Proxying [GET /status] to [GET http://127.0.0.1:8204/status] with no body
&amp#27;[38;5;146m[2e1dd3e6]&amp#27;[0m&amp#27;[38;5;-186m[AndroidUiautomator2Driver@7907]&amp#27;[0m Matched '/status' to command name 'getStatus'
&amp#27;[38;5;146m[2e1dd3e6]&amp#27;[0m&amp#27;[38;5;-186m[AndroidUiautomator2Driver@7907]&amp#27;[0m Proxying [GET /status] to [GET http://127.0.0.1:8203/status] with no body
&amp#27;[38;5;98m[a57e1418]&amp#27;[0m&amp#27;[38;5;-11m[AndroidUiautomator2Driver@692e]&amp#27;[0m socket hang up
&amp#27;[38;5;146m[2e1dd3e6]&amp#27;[0m&amp#27;[38;5;-186m[AndroidUiautomator2Driver@7907]&amp#27;[0m socket hang up
&amp#27;[38;5;146m[2e1dd3e6]&amp#27;[0m&amp#27;[38;5;-186m[AndroidUiautomator2Driver@7907]&amp#27;[0m [Instrumentation] 
&amp#27;[38;5;98m[a57e1418]&amp#27;[0m&amp#27;[38;5;-11m[AndroidUiautomator2Driver@692e]&amp#27;[0m Matched '/status' to command name 'getStatus'
&amp#27;[38;5;98m[a57e1418]&amp#27;[0m&amp#27;[38;5;-11m[AndroidUiautomator2Driver@692e]&amp#27;[0m Proxying [GET /status] to [GET http://127.0.0.1:8204/status] with no body
&amp#27;[38;5;146m[2e1dd3e6]&amp#27;[0m&amp#27;[38;5;-186m[AndroidUiautomator2Driver@7907]&amp#27;[0m Matched '/status' to command name 'getStatus'
&amp#27;[38;5;146m[2e1dd3e6]&amp#27;[0m&amp#27;[38;5;-186m[AndroidUiautomator2Driver@7907]&amp#27;[0m Proxying [GET /status] to [GET http://127.0.0.1:8203/status] with no body
&amp#27;[38;5;98m[a57e1418]&amp#27;[0m&amp#27;[38;5;-11m[AndroidUiautomator2Driver@692e]&amp#27;[0m socket hang up
&amp#27;[38;5;146m[2e1dd3e6]&amp#27;[0m&amp#27;[38;5;-186m[AndroidUiautomator2Driver@7907]&amp#27;[0m socket hang up
&amp#27;[38;5;98m[a57e1418]&amp#27;[0m&amp#27;[38;5;-11m[AndroidUiautomator2Driver@692e]&amp#27;[0m Matched '/status' to command name 'getStatus'
&amp#27;[38;5;98m[a57e1418]&amp#27;[0m&amp#27;[38;5;-11m[AndroidUiautomator2Driver@692e]&amp#27;[0m Proxying [GET /status] to [GET http://127.0.0.1:8204/status] with no body
&amp#27;[38;5;146m[2e1dd3e6]&amp#27;[0m&amp#27;[38;5;-186m[AndroidUiautomator2Driver@7907]&amp#27;[0m Matched '/status' to command name 'getStatus'
&amp#27;[38;5;146m[2e1dd3e6]&amp#27;[0m&amp#27;[38;5;-186m[AndroidUiautomator2Driver@7907]&amp#27;[0m Proxying [GET /status] to [GET http://127.0.0.1:8203/status] with no body
&amp#27;[38;5;98m[a57e1418]&amp#27;[0m&amp#27;[38;5;-11m[AndroidUiautomator2Driver@692e]&amp#27;[0m socket hang up
&amp#27;[38;5;146m[2e1dd3e6]&amp#27;[0m&amp#27;[38;5;-186m[AndroidUiautomator2Driver@7907]&amp#27;[0m Got response with status 200: {"sessionId":"None","value":{"message":"UiAutomator2 Server is ready to accept commands","ready":true}}
&amp#27;[38;5;146m[2e1dd3e6]&amp#27;[0m&amp#27;[38;5;-186m[AndroidUiautomator2Driver@7907]&amp#27;[0m The initialization of the instrumentation process took 7628ms
&amp#27;[38;5;146m[2e1dd3e6]&amp#27;[0m&amp#27;[38;5;-186m[AndroidUiautomator2Driver@7907]&amp#27;[0m Matched '/session' to command name 'createSession'
&amp#27;[38;5;146m[2e1dd3e6]&amp#27;[0m&amp#27;[38;5;-186m[AndroidUiautomator2Driver@7907]&amp#27;[0m Proxying [POST /session] to [POST http://127.0.0.1:8203/session] with body: {"capabilities":{"firstMatch":[{"platformName":"ANDROID","udid":"emulator-5556","uiautomator2ServerLaunchTimeout":30000,"deviceName":"emulator-5556","automationName":"UIAutomator2","app":"D:\\EclipseSoftware\\appiumnew\\src\\test\\java\\resources\\Android-MyDemoAppRN.1.3.0.build-244.apk","uiautomator2ServerInstallTimeout":30000,"uiautomator2ServerReadTimeout":30000,"platform":"LINUX","webStorageEnabled":false,"takesScreenshot":true,"javascriptEnabled":true,"databaseEnabled":false,"networkConnectionEnabled":true,"locationContextEnabled":false,"warnings":{},"desired":{"platformName":"ANDROID","udid":"emulator-5556","uiautomator2ServerLaunchTimeout":30000,"deviceName":"Second-Emulator","automationName":"UIAutomator2","app":"D:\\EclipseSoftware\\appiumnew\\src\\test\\java\\resources\\Android-MyDemoAppRN.1.3.0.build-244.apk","uiautomator2ServerInstallTimeout":30000,"uiautomator2ServerReadTimeout":30000},"deviceUDID":"emulator-5556","appPackage":"com.saucelabs.mydemoapp.rn"}],"alwaysMatch":{}}}
&amp#27;[38;5;146m[2e1dd3e6]&amp#27;[0m&amp#27;[38;5;-186m[AndroidUiautomator2Driver@7907]&amp#27;[0m Got response with status 200: {"sessionId":"a0e763c6-ec8b-4c27-bdcc-46158667402f","value":{"capabilities":{"firstMatch":[{"platformName":"ANDROID","udid":"emulator-5556","uiautomator2ServerLaunchTimeout":30000,"deviceName":"emulator-5556","automationName":"UIAutomator2","app":"D:\\EclipseSoftware\\appiumnew\\src\\test\\java\\resources\\Android-MyDemoAppRN.1.3.0.build-244.apk","uiautomator2ServerInstallTimeout":30000,"uiautomator2ServerReadTimeout":30000,"platform":"LINUX","webStorageEnabled":false,"takesScreenshot":true,"javascriptEnabled":true,"databaseEnabled":false,"networkConnectionEnabled":true,"locationContextEnabled":false,"warnings":{},"desired":{"platformName":"ANDROID","udid":"emulator-5556","uiautomator2ServerLaunchTimeout":30000,"deviceName":"Second-Emulator","automationName":"UIAutomator2","app":"D:\\EclipseSoftware\\appiumnew\\src\\test\\java\\resources\\Android-MyDemoAppRN.1.3.0.build-244.apk","uiautomator2ServerInstallTimeout":30000,"uiautomator2ServerReadTimeout":30000},"deviceUDID":"emulator-5556","appPackage":"com.sa...
&amp#27;[38;5;146m[2e1dd3e6]&amp#27;[0m&amp#27;[38;5;-186m[AndroidUiautomator2Driver@7907]&amp#27;[0m Determined the downstream protocol as 'W3C'
&amp#27;[38;5;146m[2e1dd3e6]&amp#27;[0m&amp#27;[38;5;-186m[AndroidUiautomator2Driver@7907]&amp#27;[0m Proxying [GET /appium/device/pixel_ratio] to [GET http://127.0.0.1:8203/session/a0e763c6-ec8b-4c27-bdcc-46158667402f/appium/device/pixel_ratio] with no body
&amp#27;[38;5;146m[2e1dd3e6]&amp#27;[0m&amp#27;[38;5;-186m[AndroidUiautomator2Driver@7907]&amp#27;[0m Matched '/appium/device/system_bars' to command name 'getSystemBars'
&amp#27;[38;5;146m[2e1dd3e6]&amp#27;[0m&amp#27;[38;5;-186m[AndroidUiautomator2Driver@7907]&amp#27;[0m Proxying [GET /appium/device/system_bars] to [GET http://127.0.0.1:8203/session/a0e763c6-ec8b-4c27-bdcc-46158667402f/appium/device/system_bars] with no body
&amp#27;[38;5;146m[2e1dd3e6]&amp#27;[0m&amp#27;[38;5;-186m[AndroidUiautomator2Driver@7907]&amp#27;[0m Matched '/window/current/size' to command name 'getWindowSize'
&amp#27;[38;5;146m[2e1dd3e6]&amp#27;[0m&amp#27;[38;5;-186m[AndroidUiautomator2Driver@7907]&amp#27;[0m Proxying [GET /window/current/size] to [GET http://127.0.0.1:8203/session/a0e763c6-ec8b-4c27-bdcc-46158667402f/window/current/size] with no body
&amp#27;[38;5;146m[2e1dd3e6]&amp#27;[0m&amp#27;[38;5;-186m[AndroidUiautomator2Driver@7907]&amp#27;[0m Proxying [GET /appium/device/info] to [GET http://127.0.0.1:8203/session/a0e763c6-ec8b-4c27-bdcc-46158667402f/appium/device/info] with no body
&amp#27;[38;5;146m[2e1dd3e6]&amp#27;[0m&amp#27;[38;5;229m[ADB]&amp#27;[0m Running 'C:\Users\Asus\AppData\Local\Android\Sdk\platform-tools\adb.exe -P 5037 -s emulator-5556 shell dumpsys window'
&amp#27;[38;5;146m[2e1dd3e6]&amp#27;[0m&amp#27;[38;5;229m[ADB]&amp#27;[0m Running 'C:\Users\Asus\AppData\Local\Android\Sdk\platform-tools\adb.exe -P 5037 -s emulator-5556 shell dumpsys power'
&amp#27;[38;5;146m[2e1dd3e6]&amp#27;[0m&amp#27;[38;5;-186m[AndroidUiautomator2Driver@7907]&amp#27;[0m Got response with status 200: {"sessionId":"a0e763c6-ec8b-4c27-bdcc-46158667402f","value":3}
&amp#27;[38;5;146m[2e1dd3e6]&amp#27;[0m&amp#27;[38;5;-186m[AndroidUiautomator2Driver@7907]&amp#27;[0m Got response with status 200: {"sessionId":"a0e763c6-ec8b-4c27-bdcc-46158667402f","value":{"statusBar":156}}
&amp#27;[38;5;146m[2e1dd3e6]&amp#27;[0m&amp#27;[38;5;-186m[AndroidUiautomator2Driver@7907]&amp#27;[0m Got response with status 200: {"sessionId":"a0e763c6-ec8b-4c27-bdcc-46158667402f","value":{"height":2856,"width":1280}}
&amp#27;[38;5;146m[2e1dd3e6]&amp#27;[0m&amp#27;[38;5;-186m[AndroidUiautomator2Driver@7907]&amp#27;[0m Got response with status 200: {"sessionId":"a0e763c6-ec8b-4c27-bdcc-46158667402f","value":{"androidId":"205dd8db15f33d83","apiVersion":"35","bluetooth":{"state":"ON"},"brand":"google","carrierName":"T-Mobile","displayDensity":480,"locale":"en_US","manufacturer":"Google","model":"sdk_gphone64_x86_64","networks":[{"capabilities":{"SSID":null,"linkDownBandwidthKbps":4300,"linkUpstreamBandwidthKbps":1800,"networkCapabilities":"NET_CAPABILITY_MMS,NET_CAPABILITY_SUPL,NET_CAPABILITY_IA,NET_CAPABILITY_XCAP,NET_CAPABILITY_INTERNET,NET_CAPABILITY_NOT_RESTRICTED,NET_CAPABILITY_TRUSTED,NET_CAPABILITY_NOT_VPN,NET_CAPABILITY_VALIDATED,NET_CAPABILITY_NOT_ROAMING,NET_CAPABILITY_NOT_CONGESTED,NET_CAPABILITY_NOT_SUSPENDED","signalStrength":-2147483648,"transportTypes":"TRANSPORT_CELLULAR"},"detailedState":"CONNECTED","extraInfo":"fast.t-mobile.com","isAvailable":true,"isConnected":true,"isFailover":false,"isRoaming":false,"state":"CONNECTED","subtype":10,"subtypeName":"HSPA","type":0,"typeName":"MOBILE"},{"capabilities":{"SSID":null,"linkDownBandwidthKb...
&amp#27;[38;5;146m[2e1dd3e6]&amp#27;[0m&amp#27;[38;5;-186m[AndroidUiautomator2Driver@7907]&amp#27;[0m Screen already unlocked, doing nothing
&amp#27;[38;5;146m[2e1dd3e6]&amp#27;[0m&amp#27;[38;5;-186m[AndroidUiautomator2Driver@7907]&amp#27;[0m Starting 'com.saucelabs.mydemoapp.rn/com.saucelabs.mydemoapp.rn.MainActivity and waiting for 'com.saucelabs.mydemoapp.rn/com.saucelabs.mydemoapp.rn.MainActivity'
&amp#27;[38;5;146m[2e1dd3e6]&amp#27;[0m&amp#27;[38;5;229m[ADB]&amp#27;[0m Running 'C:\Users\Asus\AppData\Local\Android\Sdk\platform-tools\adb.exe -P 5037 -s emulator-5556 shell am start-activity -W -n com.saucelabs.mydemoapp.rn/com.saucelabs.mydemoapp.rn.MainActivity -S -a android.intent.action.MAIN -c android.intent.category.LAUNCHER -f 0x10200000'
&amp#27;[38;5;98m[a57e1418]&amp#27;[0m&amp#27;[38;5;-11m[AndroidUiautomator2Driver@692e]&amp#27;[0m Matched '/status' to command name 'getStatus'
&amp#27;[38;5;98m[a57e1418]&amp#27;[0m&amp#27;[38;5;-11m[AndroidUiautomator2Driver@692e]&amp#27;[0m Proxying [GET /status] to [GET http://127.0.0.1:8204/status] with no body
&amp#27;[38;5;98m[a57e1418]&amp#27;[0m&amp#27;[38;5;-11m[AndroidUiautomator2Driver@692e]&amp#27;[0m socket hang up
&amp#27;[38;5;98m[a57e1418]&amp#27;[0m&amp#27;[38;5;-11m[AndroidUiautomator2Driver@692e]&amp#27;[0m Matched '/status' to command name 'getStatus'
&amp#27;[38;5;98m[a57e1418]&amp#27;[0m&amp#27;[38;5;-11m[AndroidUiautomator2Driver@692e]&amp#27;[0m Proxying [GET /status] to [GET http://127.0.0.1:8204/status] with no body
&amp#27;[38;5;98m[a57e1418]&amp#27;[0m&amp#27;[38;5;-11m[AndroidUiautomator2Driver@692e]&amp#27;[0m socket hang up
&amp#27;[38;5;98m[a57e1418]&amp#27;[0m&amp#27;[38;5;-11m[AndroidUiautomator2Driver@692e]&amp#27;[0m [Instrumentation] 
&amp#27;[38;5;98m[a57e1418]&amp#27;[0m&amp#27;[38;5;-11m[AndroidUiautomator2Driver@692e]&amp#27;[0m Matched '/status' to command name 'getStatus'
&amp#27;[38;5;98m[a57e1418]&amp#27;[0m&amp#27;[38;5;-11m[AndroidUiautomator2Driver@692e]&amp#27;[0m Proxying [GET /status] to [GET http://127.0.0.1:8204/status] with no body
&amp#27;[38;5;98m[a57e1418]&amp#27;[0m&amp#27;[38;5;-11m[AndroidUiautomator2Driver@692e]&amp#27;[0m socket hang up
&amp#27;[38;5;98m[a57e1418]&amp#27;[0m&amp#27;[38;5;-11m[AndroidUiautomator2Driver@692e]&amp#27;[0m Matched '/status' to command name 'getStatus'
&amp#27;[38;5;98m[a57e1418]&amp#27;[0m&amp#27;[38;5;-11m[AndroidUiautomator2Driver@692e]&amp#27;[0m Proxying [GET /status] to [GET http://127.0.0.1:8204/status] with no body
&amp#27;[38;5;98m[a57e1418]&amp#27;[0m&amp#27;[38;5;-11m[AndroidUiautomator2Driver@692e]&amp#27;[0m Got response with status 200: {"sessionId":"None","value":{"message":"UiAutomator2 Server is ready to accept commands","ready":true}}
&amp#27;[38;5;98m[a57e1418]&amp#27;[0m&amp#27;[38;5;-11m[AndroidUiautomator2Driver@692e]&amp#27;[0m The initialization of the instrumentation process took 9502ms
&amp#27;[38;5;98m[a57e1418]&amp#27;[0m&amp#27;[38;5;-11m[AndroidUiautomator2Driver@692e]&amp#27;[0m Matched '/session' to command name 'createSession'
&amp#27;[38;5;98m[a57e1418]&amp#27;[0m&amp#27;[38;5;-11m[AndroidUiautomator2Driver@692e]&amp#27;[0m Proxying [POST /session] to [POST http://127.0.0.1:8204/session] with body: {"capabilities":{"firstMatch":[{"platformName":"ANDROID","udid":"emulator-5554","uiautomator2ServerLaunchTimeout":30000,"deviceName":"emulator-5554","automationName":"UIAutomator2","app":"D:\\EclipseSoftware\\appiumnew\\src\\test\\java\\resources\\Android-MyDemoAppRN.1.3.0.build-244.apk","uiautomator2ServerInstallTimeout":30000,"uiautomator2ServerReadTimeout":30000,"platform":"LINUX","webStorageEnabled":false,"takesScreenshot":true,"javascriptEnabled":true,"databaseEnabled":false,"networkConnectionEnabled":true,"locationContextEnabled":false,"warnings":{},"desired":{"platformName":"ANDROID","udid":"emulator-5554","uiautomator2ServerLaunchTimeout":30000,"deviceName":"Practice-Emulator","automationName":"UIAutomator2","app":"D:\\EclipseSoftware\\appiumnew\\src\\test\\java\\resources\\Android-MyDemoAppRN.1.3.0.build-244.apk","uiautomator2ServerInstallTimeout":30000,"uiautomator2ServerReadTimeout":30000},"deviceUDID":"emulator-5554","appPackage":"com.saucelabs.mydemoapp.rn"}],"alwaysMatch":{}}}
&amp#27;[38;5;98m[a57e1418]&amp#27;[0m&amp#27;[38;5;-11m[AndroidUiautomator2Driver@692e]&amp#27;[0m Got response with status 200: {"sessionId":"ed744b99-d1da-4994-aaaa-a2d253842424","value":{"capabilities":{"firstMatch":[{"platformName":"ANDROID","udid":"emulator-5554","uiautomator2ServerLaunchTimeout":30000,"deviceName":"emulator-5554","automationName":"UIAutomator2","app":"D:\\EclipseSoftware\\appiumnew\\src\\test\\java\\resources\\Android-MyDemoAppRN.1.3.0.build-244.apk","uiautomator2ServerInstallTimeout":30000,"uiautomator2ServerReadTimeout":30000,"platform":"LINUX","webStorageEnabled":false,"takesScreenshot":true,"javascriptEnabled":true,"databaseEnabled":false,"networkConnectionEnabled":true,"locationContextEnabled":false,"warnings":{},"desired":{"platformName":"ANDROID","udid":"emulator-5554","uiautomator2ServerLaunchTimeout":30000,"deviceName":"Practice-Emulator","automationName":"UIAutomator2","app":"D:\\EclipseSoftware\\appiumnew\\src\\test\\java\\resources\\Android-MyDemoAppRN.1.3.0.build-244.apk","uiautomator2ServerInstallTimeout":30000,"uiautomator2ServerReadTimeout":30000},"deviceUDID":"emulator-5554","appPackage":"com....
&amp#27;[38;5;98m[a57e1418]&amp#27;[0m&amp#27;[38;5;-11m[AndroidUiautomator2Driver@692e]&amp#27;[0m Determined the downstream protocol as 'W3C'
&amp#27;[38;5;98m[a57e1418]&amp#27;[0m&amp#27;[38;5;-11m[AndroidUiautomator2Driver@692e]&amp#27;[0m Proxying [GET /appium/device/pixel_ratio] to [GET http://127.0.0.1:8204/session/ed744b99-d1da-4994-aaaa-a2d253842424/appium/device/pixel_ratio] with no body
&amp#27;[38;5;98m[a57e1418]&amp#27;[0m&amp#27;[38;5;-11m[AndroidUiautomator2Driver@692e]&amp#27;[0m Matched '/appium/device/system_bars' to command name 'getSystemBars'
&amp#27;[38;5;98m[a57e1418]&amp#27;[0m&amp#27;[38;5;-11m[AndroidUiautomator2Driver@692e]&amp#27;[0m Proxying [GET /appium/device/system_bars] to [GET http://127.0.0.1:8204/session/ed744b99-d1da-4994-aaaa-a2d253842424/appium/device/system_bars] with no body
&amp#27;[38;5;98m[a57e1418]&amp#27;[0m&amp#27;[38;5;-11m[AndroidUiautomator2Driver@692e]&amp#27;[0m Matched '/window/current/size' to command name 'getWindowSize'
&amp#27;[38;5;98m[a57e1418]&amp#27;[0m&amp#27;[38;5;-11m[AndroidUiautomator2Driver@692e]&amp#27;[0m Proxying [GET /window/current/size] to [GET http://127.0.0.1:8204/session/ed744b99-d1da-4994-aaaa-a2d253842424/window/current/size] with no body
&amp#27;[38;5;98m[a57e1418]&amp#27;[0m&amp#27;[38;5;-11m[AndroidUiautomator2Driver@692e]&amp#27;[0m Proxying [GET /appium/device/info] to [GET http://127.0.0.1:8204/session/ed744b99-d1da-4994-aaaa-a2d253842424/appium/device/info] with no body
&amp#27;[38;5;98m[a57e1418]&amp#27;[0m&amp#27;[38;5;229m[ADB]&amp#27;[0m Running 'C:\Users\Asus\AppData\Local\Android\Sdk\platform-tools\adb.exe -P 5037 -s emulator-5554 shell dumpsys window'
&amp#27;[38;5;98m[a57e1418]&amp#27;[0m&amp#27;[38;5;229m[ADB]&amp#27;[0m Running 'C:\Users\Asus\AppData\Local\Android\Sdk\platform-tools\adb.exe -P 5037 -s emulator-5554 shell dumpsys power'
&amp#27;[38;5;98m[a57e1418]&amp#27;[0m&amp#27;[38;5;-11m[AndroidUiautomator2Driver@692e]&amp#27;[0m Got response with status 200: {"sessionId":"ed744b99-d1da-4994-aaaa-a2d253842424","value":3}
&amp#27;[38;5;98m[a57e1418]&amp#27;[0m&amp#27;[38;5;-11m[AndroidUiautomator2Driver@692e]&amp#27;[0m Got response with status 200: {"sessionId":"ed744b99-d1da-4994-aaaa-a2d253842424","value":{"statusBar":156}}
&amp#27;[38;5;98m[a57e1418]&amp#27;[0m&amp#27;[38;5;-11m[AndroidUiautomator2Driver@692e]&amp#27;[0m Got response with status 200: {"sessionId":"ed744b99-d1da-4994-aaaa-a2d253842424","value":{"height":2856,"width":1280}}
&amp#27;[38;5;146m[2e1dd3e6]&amp#27;[0m&amp#27;[38;5;229m[ADB]&amp#27;[0m Waiting up to 20000ms for activity matching pkg: 'com.saucelabs.mydemoapp.rn' and activity: 'com.saucelabs.mydemoapp.rn.MainActivity' to be focused
&amp#27;[38;5;146m[2e1dd3e6]&amp#27;[0m&amp#27;[38;5;229m[ADB]&amp#27;[0m Possible activities, to be checked: 'com.saucelabs.mydemoapp.rn.MainActivity', 'com.saucelabs.mydemoapp.rn.com.saucelabs.mydemoapp.rn.MainActivity'
&amp#27;[38;5;146m[2e1dd3e6]&amp#27;[0m&amp#27;[38;5;229m[ADB]&amp#27;[0m Getting focused package and activity
&amp#27;[38;5;146m[2e1dd3e6]&amp#27;[0m&amp#27;[38;5;229m[ADB]&amp#27;[0m Running 'C:\Users\Asus\AppData\Local\Android\Sdk\platform-tools\adb.exe -P 5037 -s emulator-5556 shell dumpsys window displays'
&amp#27;[38;5;146m[2e1dd3e6]&amp#27;[0m&amp#27;[38;5;229m[ADB]&amp#27;[0m Found package: 'com.saucelabs.mydemoapp.rn' and fully qualified activity name : 'com.saucelabs.mydemoapp.rn.MainActivity'
&amp#27;[38;5;146m[2e1dd3e6]&amp#27;[0m&amp#27;[38;5;221m[AppiumDriver@a6dd]&amp#27;[0m New AndroidUiautomator2Driver session created successfully, session 2e1dd3e6-a52b-49e6-8c48-5485efc85bf0 added to master session list
&amp#27;[38;5;146m[2e1dd3e6]&amp#27;[0m&amp#27;[38;5;221m[AppiumDriver@a6dd]&amp#27;[0m Event 'newSessionStarted' logged at 1751283486785 (17:08:06 GMT+0530 (India Standard Time))
&amp#27;[38;5;146m[2e1dd3e6]&amp#27;[0m&amp#27;[38;5;-186m[AndroidUiautomator2Driver@7907]&amp#27;[0m Cached the protocol value 'W3C' for the new session 2e1dd3e6-a52b-49e6-8c48-5485efc85bf0
&amp#27;[38;5;146m[2e1dd3e6]&amp#27;[0m&amp#27;[38;5;-186m[AndroidUiautomator2Driver@7907]&amp#27;[0m Responding to client with driver.createSession() result: {"capabilities":{"platformName":"ANDROID","udid":"emulator-5556","uiautomator2ServerLaunchTimeout":30000,"deviceName":"emulator-5556","automationName":"UIAutomator2","app":"D:\\EclipseSoftware\\appiumnew\\src\\test\\java\\resources\\Android-MyDemoAppRN.1.3.0.build-244.apk","uiautomator2ServerInstallTimeout":30000,"uiautomator2ServerReadTimeout":30000,"platform":"LINUX","webStorageEnabled":false,"takesScreenshot":true,"javascriptEnabled":true,"databaseEnabled":false,"networkConnectionEnabled":true,"locationContextEnabled":false,"warnings":{},"desired":{"platformName":"ANDROID","udid":"emulator-5556","uiautomator2ServerLaunchTimeout":30000,"deviceName":"Second-Emulator","automationName":"UIAutomator2","app":"D:\\EclipseSoftware\\appiumnew\\src\\test\\java\\resources\\Android-MyDemoAppRN.1.3.0.build-244.apk","uiautomator2ServerInstallTimeout":30000,"uiautomator2ServerReadTimeout":30000},"deviceUDID":"emulator-5556","appPackage":"com.saucelabs.mydemoapp.rn","pixelRatio":"3","statBarHeight":156,"viewportRect":{...
&amp#27;[38;5;146m[2e1dd3e6]&amp#27;[0m&amp#27;[38;5;86m[HTTP]&amp#27;[0m &amp#27;[37m<-- POST /session &amp#27;[39m&amp#27;[32m200&amp#27;[39m &amp#27;[90m18044 ms - 1296&amp#27;[39m &amp#27;[90m&amp#27;[39m
&amp#27;[38;5;98m[a57e1418]&amp#27;[0m&amp#27;[38;5;-11m[AndroidUiautomator2Driver@692e]&amp#27;[0m Got response with status 200: {"sessionId":"ed744b99-d1da-4994-aaaa-a2d253842424","value":{"androidId":"8dbf08d9ce1d1a8f","apiVersion":"35","bluetooth":{"state":"ON"},"brand":"google","carrierName":"T-Mobile","displayDensity":480,"locale":"en_US","manufacturer":"Google","model":"sdk_gphone64_x86_64","networks":[{"capabilities":{"SSID":null,"linkDownBandwidthKbps":4300,"linkUpstreamBandwidthKbps":1800,"networkCapabilities":"NET_CAPABILITY_MMS,NET_CAPABILITY_SUPL,NET_CAPABILITY_IA,NET_CAPABILITY_XCAP,NET_CAPABILITY_INTERNET,NET_CAPABILITY_NOT_RESTRICTED,NET_CAPABILITY_TRUSTED,NET_CAPABILITY_NOT_VPN,NET_CAPABILITY_VALIDATED,NET_CAPABILITY_NOT_ROAMING,NET_CAPABILITY_NOT_CONGESTED,NET_CAPABILITY_NOT_SUSPENDED","signalStrength":-2147483648,"transportTypes":"TRANSPORT_CELLULAR"},"detailedState":"CONNECTED","extraInfo":"fast.t-mobile.com","isAvailable":true,"isConnected":true,"isFailover":false,"isRoaming":false,"state":"CONNECTED","subtype":10,"subtypeName":"HSPA","type":0,"typeName":"MOBILE"},{"capabilities":{"SSID":null,"linkDownBandwidthKb...
this is appium4725
&amp#27;[38;5;98m[a57e1418]&amp#27;[0m&amp#27;[38;5;-11m[AndroidUiautomator2Driver@692e]&amp#27;[0m Screen already unlocked, doing nothing
&amp#27;[38;5;98m[a57e1418]&amp#27;[0m&amp#27;[38;5;-11m[AndroidUiautomator2Driver@692e]&amp#27;[0m Starting 'com.saucelabs.mydemoapp.rn/com.saucelabs.mydemoapp.rn.MainActivity and waiting for 'com.saucelabs.mydemoapp.rn/com.saucelabs.mydemoapp.rn.MainActivity'
&amp#27;[38;5;98m[a57e1418]&amp#27;[0m&amp#27;[38;5;229m[ADB]&amp#27;[0m Running 'C:\Users\Asus\AppData\Local\Android\Sdk\platform-tools\adb.exe -P 5037 -s emulator-5554 shell am start-activity -W -n com.saucelabs.mydemoapp.rn/com.saucelabs.mydemoapp.rn.MainActivity -S -a android.intent.action.MAIN -c android.intent.category.LAUNCHER -f 0x10200000'
&amp#27;[38;5;146m[2e1dd3e6]&amp#27;[0m&amp#27;[38;5;86m[HTTP]&amp#27;[0m &amp#27;[37m-->&amp#27;[39m &amp#27;[37mPOST&amp#27;[39m &amp#27;[37m/session/2e1dd3e6-a52b-49e6-8c48-5485efc85bf0/element&amp#27;[39m &amp#27;[90m{"value":"new UiSelector().description(\"open menu\")","using":"-android uiautomator"}&amp#27;[39m
&amp#27;[38;5;146m[2e1dd3e6]&amp#27;[0m&amp#27;[38;5;-186m[AndroidUiautomator2Driver@7907]&amp#27;[0m Calling AppiumDriver.findElement() with args: ["-android uiautomator","new UiSelector().description(\"open menu\")","2e1dd3e6-a52b-49e6-8c48-5485efc85bf0"]
&amp#27;[38;5;146m[2e1dd3e6]&amp#27;[0m&amp#27;[38;5;-186m[AndroidUiautomator2Driver@7907]&amp#27;[0m Valid locator strategies for this request: xpath, id, class name, accessibility id, css selector, -android uiautomator
&amp#27;[38;5;146m[2e1dd3e6]&amp#27;[0m&amp#27;[38;5;-186m[AndroidUiautomator2Driver@7907]&amp#27;[0m Waiting up to 0 ms for condition
&amp#27;[38;5;146m[2e1dd3e6]&amp#27;[0m&amp#27;[38;5;-186m[AndroidUiautomator2Driver@7907]&amp#27;[0m Matched '/element' to command name 'findElement'
&amp#27;[38;5;146m[2e1dd3e6]&amp#27;[0m&amp#27;[38;5;-186m[AndroidUiautomator2Driver@7907]&amp#27;[0m Proxying [POST /element] to [POST http://127.0.0.1:8203/session/a0e763c6-ec8b-4c27-bdcc-46158667402f/element] with body: {"strategy":"-android uiautomator","selector":"new UiSelector().description(\"open menu\")","context":"","multiple":false}
&amp#27;[38;5;146m[2e1dd3e6]&amp#27;[0m&amp#27;[38;5;-186m[AndroidUiautomator2Driver@7907]&amp#27;[0m Got response with status 200: {"sessionId":"a0e763c6-ec8b-4c27-bdcc-46158667402f","value":{"ELEMENT":"00000000-0000-04ae-ffff-ffff00000022","element-6066-11e4-a52e-4f735466cecf":"00000000-0000-04ae-ffff-ffff00000022"}}
&amp#27;[38;5;146m[2e1dd3e6]&amp#27;[0m&amp#27;[38;5;-186m[AndroidUiautomator2Driver@7907]&amp#27;[0m Responding to client with driver.findElement() result: {"element-6066-11e4-a52e-4f735466cecf":"00000000-0000-04ae-ffff-ffff00000022","ELEMENT":"00000000-0000-04ae-ffff-ffff00000022"}
&amp#27;[38;5;146m[2e1dd3e6]&amp#27;[0m&amp#27;[38;5;86m[HTTP]&amp#27;[0m &amp#27;[37m<-- POST /session/2e1dd3e6-a52b-49e6-8c48-5485efc85bf0/element &amp#27;[39m&amp#27;[32m200&amp#27;[39m &amp#27;[90m1374 ms - 137&amp#27;[39m &amp#27;[90m&amp#27;[39m
&amp#27;[38;5;146m[2e1dd3e6]&amp#27;[0m&amp#27;[38;5;86m[HTTP]&amp#27;[0m &amp#27;[37m-->&amp#27;[39m &amp#27;[37mGET&amp#27;[39m &amp#27;[37m/session/2e1dd3e6-a52b-49e6-8c48-5485efc85bf0/element/00000000-0000-04ae-ffff-ffff00000022/displayed&amp#27;[39m &amp#27;[90m{}&amp#27;[39m
&amp#27;[38;5;146m[2e1dd3e6]&amp#27;[0m&amp#27;[38;5;-186m[AndroidUiautomator2Driver@7907]&amp#27;[0m Calling AppiumDriver.elementDisplayed() with args: ["00000000-0000-04ae-ffff-ffff00000022","2e1dd3e6-a52b-49e6-8c48-5485efc85bf0"]
&amp#27;[38;5;146m[2e1dd3e6]&amp#27;[0m&amp#27;[38;5;-186m[AndroidUiautomator2Driver@7907]&amp#27;[0m Matched '/element/00000000-0000-04ae-ffff-ffff00000022/attribute/displayed' to command name 'getAttribute'
&amp#27;[38;5;146m[2e1dd3e6]&amp#27;[0m&amp#27;[38;5;-186m[AndroidUiautomator2Driver@7907]&amp#27;[0m Proxying [GET /element/00000000-0000-04ae-ffff-ffff00000022/attribute/displayed] to [GET http://127.0.0.1:8203/session/a0e763c6-ec8b-4c27-bdcc-46158667402f/element/00000000-0000-04ae-ffff-ffff00000022/attribute/displayed] with no body
&amp#27;[38;5;146m[2e1dd3e6]&amp#27;[0m&amp#27;[38;5;-186m[AndroidUiautomator2Driver@7907]&amp#27;[0m Got response with status 200: {"sessionId":"a0e763c6-ec8b-4c27-bdcc-46158667402f","value":"true"}
&amp#27;[38;5;146m[2e1dd3e6]&amp#27;[0m&amp#27;[38;5;-186m[AndroidUiautomator2Driver@7907]&amp#27;[0m Responding to client with driver.elementDisplayed() result: true
&amp#27;[38;5;146m[2e1dd3e6]&amp#27;[0m&amp#27;[38;5;86m[HTTP]&amp#27;[0m &amp#27;[37m<-- GET /session/2e1dd3e6-a52b-49e6-8c48-5485efc85bf0/element/00000000-0000-04ae-ffff-ffff00000022/displayed &amp#27;[39m&amp#27;[32m200&amp#27;[39m &amp#27;[90m64 ms - 14&amp#27;[39m &amp#27;[90m&amp#27;[39m
&amp#27;[38;5;146m[2e1dd3e6]&amp#27;[0m&amp#27;[38;5;86m[HTTP]&amp#27;[0m &amp#27;[37m-->&amp#27;[39m &amp#27;[37mGET&amp#27;[39m &amp#27;[37m/session/2e1dd3e6-a52b-49e6-8c48-5485efc85bf0/element/00000000-0000-04ae-ffff-ffff00000022/enabled&amp#27;[39m &amp#27;[90m{}&amp#27;[39m
&amp#27;[38;5;146m[2e1dd3e6]&amp#27;[0m&amp#27;[38;5;-186m[AndroidUiautomator2Driver@7907]&amp#27;[0m Calling AppiumDriver.elementEnabled() with args: ["00000000-0000-04ae-ffff-ffff00000022","2e1dd3e6-a52b-49e6-8c48-5485efc85bf0"]
&amp#27;[38;5;146m[2e1dd3e6]&amp#27;[0m&amp#27;[38;5;-186m[AndroidUiautomator2Driver@7907]&amp#27;[0m Matched '/element/00000000-0000-04ae-ffff-ffff00000022/attribute/enabled' to command name 'getAttribute'
&amp#27;[38;5;146m[2e1dd3e6]&amp#27;[0m&amp#27;[38;5;-186m[AndroidUiautomator2Driver@7907]&amp#27;[0m Proxying [GET /element/00000000-0000-04ae-ffff-ffff00000022/attribute/enabled] to [GET http://127.0.0.1:8203/session/a0e763c6-ec8b-4c27-bdcc-46158667402f/element/00000000-0000-04ae-ffff-ffff00000022/attribute/enabled] with no body
&amp#27;[38;5;146m[2e1dd3e6]&amp#27;[0m&amp#27;[38;5;-186m[AndroidUiautomator2Driver@7907]&amp#27;[0m Got response with status 200: {"sessionId":"a0e763c6-ec8b-4c27-bdcc-46158667402f","value":"true"}
&amp#27;[38;5;146m[2e1dd3e6]&amp#27;[0m&amp#27;[38;5;-186m[AndroidUiautomator2Driver@7907]&amp#27;[0m Responding to client with driver.elementEnabled() result: true
&amp#27;[38;5;146m[2e1dd3e6]&amp#27;[0m&amp#27;[38;5;86m[HTTP]&amp#27;[0m &amp#27;[37m<-- GET /session/2e1dd3e6-a52b-49e6-8c48-5485efc85bf0/element/00000000-0000-04ae-ffff-ffff00000022/enabled &amp#27;[39m&amp#27;[32m200&amp#27;[39m &amp#27;[90m45 ms - 14&amp#27;[39m &amp#27;[90m&amp#27;[39m
&amp#27;[38;5;146m[2e1dd3e6]&amp#27;[0m&amp#27;[38;5;86m[HTTP]&amp#27;[0m &amp#27;[37m-->&amp#27;[39m &amp#27;[37mPOST&amp#27;[39m &amp#27;[37m/session/2e1dd3e6-a52b-49e6-8c48-5485efc85bf0/element&amp#27;[39m &amp#27;[90m{"value":"new UiSelector().description(\"open menu\")","using":"-android uiautomator"}&amp#27;[39m
&amp#27;[38;5;146m[2e1dd3e6]&amp#27;[0m&amp#27;[38;5;-186m[AndroidUiautomator2Driver@7907]&amp#27;[0m Calling AppiumDriver.findElement() with args: ["-android uiautomator","new UiSelector().description(\"open menu\")","2e1dd3e6-a52b-49e6-8c48-5485efc85bf0"]
&amp#27;[38;5;146m[2e1dd3e6]&amp#27;[0m&amp#27;[38;5;-186m[AndroidUiautomator2Driver@7907]&amp#27;[0m Valid locator strategies for this request: xpath, id, class name, accessibility id, css selector, -android uiautomator
&amp#27;[38;5;146m[2e1dd3e6]&amp#27;[0m&amp#27;[38;5;-186m[AndroidUiautomator2Driver@7907]&amp#27;[0m Waiting up to 0 ms for condition
&amp#27;[38;5;146m[2e1dd3e6]&amp#27;[0m&amp#27;[38;5;-186m[AndroidUiautomator2Driver@7907]&amp#27;[0m Matched '/element' to command name 'findElement'
&amp#27;[38;5;146m[2e1dd3e6]&amp#27;[0m&amp#27;[38;5;-186m[AndroidUiautomator2Driver@7907]&amp#27;[0m Proxying [POST /element] to [POST http://127.0.0.1:8203/session/a0e763c6-ec8b-4c27-bdcc-46158667402f/element] with body: {"strategy":"-android uiautomator","selector":"new UiSelector().description(\"open menu\")","context":"","multiple":false}
&amp#27;[38;5;146m[2e1dd3e6]&amp#27;[0m&amp#27;[38;5;-186m[AndroidUiautomator2Driver@7907]&amp#27;[0m Got response with status 200: {"sessionId":"a0e763c6-ec8b-4c27-bdcc-46158667402f","value":{"ELEMENT":"00000000-0000-04ae-ffff-ffff00000022","element-6066-11e4-a52e-4f735466cecf":"00000000-0000-04ae-ffff-ffff00000022"}}
&amp#27;[38;5;146m[2e1dd3e6]&amp#27;[0m&amp#27;[38;5;-186m[AndroidUiautomator2Driver@7907]&amp#27;[0m Responding to client with driver.findElement() result: {"element-6066-11e4-a52e-4f735466cecf":"00000000-0000-04ae-ffff-ffff00000022","ELEMENT":"00000000-0000-04ae-ffff-ffff00000022"}
&amp#27;[38;5;146m[2e1dd3e6]&amp#27;[0m&amp#27;[38;5;86m[HTTP]&amp#27;[0m &amp#27;[37m<-- POST /session/2e1dd3e6-a52b-49e6-8c48-5485efc85bf0/element &amp#27;[39m&amp#27;[32m200&amp#27;[39m &amp#27;[90m71 ms - 137&amp#27;[39m &amp#27;[90m&amp#27;[39m
&amp#27;[38;5;146m[2e1dd3e6]&amp#27;[0m&amp#27;[38;5;86m[HTTP]&amp#27;[0m &amp#27;[37m-->&amp#27;[39m &amp#27;[37mPOST&amp#27;[39m &amp#27;[37m/session/2e1dd3e6-a52b-49e6-8c48-5485efc85bf0/element/00000000-0000-04ae-ffff-ffff00000022/click&amp#27;[39m &amp#27;[90m{"id":"00000000-0000-04ae-ffff-ffff00000022"}&amp#27;[39m
&amp#27;[38;5;146m[2e1dd3e6]&amp#27;[0m&amp#27;[38;5;-186m[AndroidUiautomator2Driver@7907]&amp#27;[0m Calling AppiumDriver.click() with args: ["00000000-0000-04ae-ffff-ffff00000022","2e1dd3e6-a52b-49e6-8c48-5485efc85bf0"]
&amp#27;[38;5;146m[2e1dd3e6]&amp#27;[0m&amp#27;[38;5;-186m[AndroidUiautomator2Driver@7907]&amp#27;[0m Matched '/element/00000000-0000-04ae-ffff-ffff00000022/click' to command name 'click'
&amp#27;[38;5;146m[2e1dd3e6]&amp#27;[0m&amp#27;[38;5;-186m[AndroidUiautomator2Driver@7907]&amp#27;[0m Proxying [POST /element/00000000-0000-04ae-ffff-ffff00000022/click] to [POST http://127.0.0.1:8203/session/a0e763c6-ec8b-4c27-bdcc-46158667402f/element/00000000-0000-04ae-ffff-ffff00000022/click] with body: {"element":"00000000-0000-04ae-ffff-ffff00000022"}
&amp#27;[38;5;146m[2e1dd3e6]&amp#27;[0m&amp#27;[38;5;-186m[AndroidUiautomator2Driver@7907]&amp#27;[0m Got response with status 200: {"sessionId":"a0e763c6-ec8b-4c27-bdcc-46158667402f","value":null}
&amp#27;[38;5;146m[2e1dd3e6]&amp#27;[0m&amp#27;[38;5;-186m[AndroidUiautomator2Driver@7907]&amp#27;[0m Responding to client with driver.click() result: null
&amp#27;[38;5;146m[2e1dd3e6]&amp#27;[0m&amp#27;[38;5;86m[HTTP]&amp#27;[0m &amp#27;[37m<-- POST /session/2e1dd3e6-a52b-49e6-8c48-5485efc85bf0/element/00000000-0000-04ae-ffff-ffff00000022/click &amp#27;[39m&amp#27;[32m200&amp#27;[39m &amp#27;[90m158 ms - 14&amp#27;[39m &amp#27;[90m&amp#27;[39m
&amp#27;[38;5;146m[2e1dd3e6]&amp#27;[0m&amp#27;[38;5;86m[HTTP]&amp#27;[0m &amp#27;[37m-->&amp#27;[39m &amp#27;[37mPOST&amp#27;[39m &amp#27;[37m/session/2e1dd3e6-a52b-49e6-8c48-5485efc85bf0/element&amp#27;[39m &amp#27;[90m{"value":"menu item geo location","using":"accessibility id"}&amp#27;[39m
&amp#27;[38;5;146m[2e1dd3e6]&amp#27;[0m&amp#27;[38;5;-186m[AndroidUiautomator2Driver@7907]&amp#27;[0m Calling AppiumDriver.findElement() with args: ["accessibility id","menu item geo location","2e1dd3e6-a52b-49e6-8c48-5485efc85bf0"]
&amp#27;[38;5;146m[2e1dd3e6]&amp#27;[0m&amp#27;[38;5;-186m[AndroidUiautomator2Driver@7907]&amp#27;[0m Valid locator strategies for this request: xpath, id, class name, accessibility id, css selector, -android uiautomator
&amp#27;[38;5;146m[2e1dd3e6]&amp#27;[0m&amp#27;[38;5;-186m[AndroidUiautomator2Driver@7907]&amp#27;[0m Waiting up to 0 ms for condition
&amp#27;[38;5;146m[2e1dd3e6]&amp#27;[0m&amp#27;[38;5;-186m[AndroidUiautomator2Driver@7907]&amp#27;[0m Matched '/element' to command name 'findElement'
&amp#27;[38;5;146m[2e1dd3e6]&amp#27;[0m&amp#27;[38;5;-186m[AndroidUiautomator2Driver@7907]&amp#27;[0m Proxying [POST /element] to [POST http://127.0.0.1:8203/session/a0e763c6-ec8b-4c27-bdcc-46158667402f/element] with body: {"strategy":"accessibility id","selector":"menu item geo location","context":"","multiple":false}
&amp#27;[38;5;146m[2e1dd3e6]&amp#27;[0m&amp#27;[38;5;-186m[AndroidUiautomator2Driver@7907]&amp#27;[0m Got response with status 200: {"sessionId":"a0e763c6-ec8b-4c27-bdcc-46158667402f","value":{"ELEMENT":"00000000-0000-04ae-ffff-ffff00000096","element-6066-11e4-a52e-4f735466cecf":"00000000-0000-04ae-ffff-ffff00000096"}}
&amp#27;[38;5;146m[2e1dd3e6]&amp#27;[0m&amp#27;[38;5;-186m[AndroidUiautomator2Driver@7907]&amp#27;[0m Responding to client with driver.findElement() result: {"element-6066-11e4-a52e-4f735466cecf":"00000000-0000-04ae-ffff-ffff00000096","ELEMENT":"00000000-0000-04ae-ffff-ffff00000096"}
&amp#27;[38;5;146m[2e1dd3e6]&amp#27;[0m&amp#27;[38;5;86m[HTTP]&amp#27;[0m &amp#27;[37m<-- POST /session/2e1dd3e6-a52b-49e6-8c48-5485efc85bf0/element &amp#27;[39m&amp#27;[32m200&amp#27;[39m &amp#27;[90m1013 ms - 137&amp#27;[39m &amp#27;[90m&amp#27;[39m
&amp#27;[38;5;146m[2e1dd3e6]&amp#27;[0m&amp#27;[38;5;86m[HTTP]&amp#27;[0m &amp#27;[37m-->&amp#27;[39m &amp#27;[37mGET&amp#27;[39m &amp#27;[37m/session/2e1dd3e6-a52b-49e6-8c48-5485efc85bf0/element/00000000-0000-04ae-ffff-ffff00000096/displayed&amp#27;[39m &amp#27;[90m{}&amp#27;[39m
&amp#27;[38;5;146m[2e1dd3e6]&amp#27;[0m&amp#27;[38;5;-186m[AndroidUiautomator2Driver@7907]&amp#27;[0m Calling AppiumDriver.elementDisplayed() with args: ["00000000-0000-04ae-ffff-ffff00000096","2e1dd3e6-a52b-49e6-8c48-5485efc85bf0"]
&amp#27;[38;5;146m[2e1dd3e6]&amp#27;[0m&amp#27;[38;5;-186m[AndroidUiautomator2Driver@7907]&amp#27;[0m Matched '/element/00000000-0000-04ae-ffff-ffff00000096/attribute/displayed' to command name 'getAttribute'
&amp#27;[38;5;146m[2e1dd3e6]&amp#27;[0m&amp#27;[38;5;-186m[AndroidUiautomator2Driver@7907]&amp#27;[0m Proxying [GET /element/00000000-0000-04ae-ffff-ffff00000096/attribute/displayed] to [GET http://127.0.0.1:8203/session/a0e763c6-ec8b-4c27-bdcc-46158667402f/element/00000000-0000-04ae-ffff-ffff00000096/attribute/displayed] with no body
&amp#27;[38;5;146m[2e1dd3e6]&amp#27;[0m&amp#27;[38;5;-186m[AndroidUiautomator2Driver@7907]&amp#27;[0m Got response with status 200: {"sessionId":"a0e763c6-ec8b-4c27-bdcc-46158667402f","value":"true"}
&amp#27;[38;5;146m[2e1dd3e6]&amp#27;[0m&amp#27;[38;5;-186m[AndroidUiautomator2Driver@7907]&amp#27;[0m Responding to client with driver.elementDisplayed() result: true
&amp#27;[38;5;146m[2e1dd3e6]&amp#27;[0m&amp#27;[38;5;86m[HTTP]&amp#27;[0m &amp#27;[37m<-- GET /session/2e1dd3e6-a52b-49e6-8c48-5485efc85bf0/element/00000000-0000-04ae-ffff-ffff00000096/displayed &amp#27;[39m&amp#27;[32m200&amp#27;[39m &amp#27;[90m530 ms - 14&amp#27;[39m &amp#27;[90m&amp#27;[39m
&amp#27;[38;5;146m[2e1dd3e6]&amp#27;[0m&amp#27;[38;5;86m[HTTP]&amp#27;[0m &amp#27;[37m-->&amp#27;[39m &amp#27;[37mGET&amp#27;[39m &amp#27;[37m/session/2e1dd3e6-a52b-49e6-8c48-5485efc85bf0/element/00000000-0000-04ae-ffff-ffff00000096/enabled&amp#27;[39m &amp#27;[90m{}&amp#27;[39m
&amp#27;[38;5;146m[2e1dd3e6]&amp#27;[0m&amp#27;[38;5;-186m[AndroidUiautomator2Driver@7907]&amp#27;[0m Calling AppiumDriver.elementEnabled() with args: ["00000000-0000-04ae-ffff-ffff00000096","2e1dd3e6-a52b-49e6-8c48-5485efc85bf0"]
&amp#27;[38;5;146m[2e1dd3e6]&amp#27;[0m&amp#27;[38;5;-186m[AndroidUiautomator2Driver@7907]&amp#27;[0m Matched '/element/00000000-0000-04ae-ffff-ffff00000096/attribute/enabled' to command name 'getAttribute'
&amp#27;[38;5;146m[2e1dd3e6]&amp#27;[0m&amp#27;[38;5;-186m[AndroidUiautomator2Driver@7907]&amp#27;[0m Proxying [GET /element/00000000-0000-04ae-ffff-ffff00000096/attribute/enabled] to [GET http://127.0.0.1:8203/session/a0e763c6-ec8b-4c27-bdcc-46158667402f/element/00000000-0000-04ae-ffff-ffff00000096/attribute/enabled] with no body
&amp#27;[38;5;146m[2e1dd3e6]&amp#27;[0m&amp#27;[38;5;-186m[AndroidUiautomator2Driver@7907]&amp#27;[0m Got response with status 200: {"sessionId":"a0e763c6-ec8b-4c27-bdcc-46158667402f","value":"true"}
&amp#27;[38;5;146m[2e1dd3e6]&amp#27;[0m&amp#27;[38;5;-186m[AndroidUiautomator2Driver@7907]&amp#27;[0m Responding to client with driver.elementEnabled() result: true
&amp#27;[38;5;146m[2e1dd3e6]&amp#27;[0m&amp#27;[38;5;86m[HTTP]&amp#27;[0m &amp#27;[37m<-- GET /session/2e1dd3e6-a52b-49e6-8c48-5485efc85bf0/element/00000000-0000-04ae-ffff-ffff00000096/enabled &amp#27;[39m&amp#27;[32m200&amp#27;[39m &amp#27;[90m32 ms - 14&amp#27;[39m &amp#27;[90m&amp#27;[39m
&amp#27;[38;5;146m[2e1dd3e6]&amp#27;[0m&amp#27;[38;5;86m[HTTP]&amp#27;[0m &amp#27;[37m-->&amp#27;[39m &amp#27;[37mPOST&amp#27;[39m &amp#27;[37m/session/2e1dd3e6-a52b-49e6-8c48-5485efc85bf0/element&amp#27;[39m &amp#27;[90m{"value":"menu item geo location","using":"accessibility id"}&amp#27;[39m
&amp#27;[38;5;146m[2e1dd3e6]&amp#27;[0m&amp#27;[38;5;-186m[AndroidUiautomator2Driver@7907]&amp#27;[0m Calling AppiumDriver.findElement() with args: ["accessibility id","menu item geo location","2e1dd3e6-a52b-49e6-8c48-5485efc85bf0"]
&amp#27;[38;5;146m[2e1dd3e6]&amp#27;[0m&amp#27;[38;5;-186m[AndroidUiautomator2Driver@7907]&amp#27;[0m Valid locator strategies for this request: xpath, id, class name, accessibility id, css selector, -android uiautomator
&amp#27;[38;5;146m[2e1dd3e6]&amp#27;[0m&amp#27;[38;5;-186m[AndroidUiautomator2Driver@7907]&amp#27;[0m Waiting up to 0 ms for condition
&amp#27;[38;5;146m[2e1dd3e6]&amp#27;[0m&amp#27;[38;5;-186m[AndroidUiautomator2Driver@7907]&amp#27;[0m Matched '/element' to command name 'findElement'
&amp#27;[38;5;146m[2e1dd3e6]&amp#27;[0m&amp#27;[38;5;-186m[AndroidUiautomator2Driver@7907]&amp#27;[0m Proxying [POST /element] to [POST http://127.0.0.1:8203/session/a0e763c6-ec8b-4c27-bdcc-46158667402f/element] with body: {"strategy":"accessibility id","selector":"menu item geo location","context":"","multiple":false}
&amp#27;[38;5;146m[2e1dd3e6]&amp#27;[0m&amp#27;[38;5;-186m[AndroidUiautomator2Driver@7907]&amp#27;[0m Got response with status 200: {"sessionId":"a0e763c6-ec8b-4c27-bdcc-46158667402f","value":{"ELEMENT":"00000000-0000-04ae-ffff-ffff00000096","element-6066-11e4-a52e-4f735466cecf":"00000000-0000-04ae-ffff-ffff00000096"}}
&amp#27;[38;5;146m[2e1dd3e6]&amp#27;[0m&amp#27;[38;5;-186m[AndroidUiautomator2Driver@7907]&amp#27;[0m Responding to client with driver.findElement() result: {"element-6066-11e4-a52e-4f735466cecf":"00000000-0000-04ae-ffff-ffff00000096","ELEMENT":"00000000-0000-04ae-ffff-ffff00000096"}
&amp#27;[38;5;146m[2e1dd3e6]&amp#27;[0m&amp#27;[38;5;86m[HTTP]&amp#27;[0m &amp#27;[37m<-- POST /session/2e1dd3e6-a52b-49e6-8c48-5485efc85bf0/element &amp#27;[39m&amp#27;[32m200&amp#27;[39m &amp#27;[90m49 ms - 137&amp#27;[39m &amp#27;[90m&amp#27;[39m
&amp#27;[38;5;146m[2e1dd3e6]&amp#27;[0m&amp#27;[38;5;86m[HTTP]&amp#27;[0m &amp#27;[37m-->&amp#27;[39m &amp#27;[37mPOST&amp#27;[39m &amp#27;[37m/session/2e1dd3e6-a52b-49e6-8c48-5485efc85bf0/element/00000000-0000-04ae-ffff-ffff00000096/click&amp#27;[39m &amp#27;[90m{"id":"00000000-0000-04ae-ffff-ffff00000096"}&amp#27;[39m
&amp#27;[38;5;146m[2e1dd3e6]&amp#27;[0m&amp#27;[38;5;-186m[AndroidUiautomator2Driver@7907]&amp#27;[0m Calling AppiumDriver.click() with args: ["00000000-0000-04ae-ffff-ffff00000096","2e1dd3e6-a52b-49e6-8c48-5485efc85bf0"]
&amp#27;[38;5;146m[2e1dd3e6]&amp#27;[0m&amp#27;[38;5;-186m[AndroidUiautomator2Driver@7907]&amp#27;[0m Matched '/element/00000000-0000-04ae-ffff-ffff00000096/click' to command name 'click'
&amp#27;[38;5;146m[2e1dd3e6]&amp#27;[0m&amp#27;[38;5;-186m[AndroidUiautomator2Driver@7907]&amp#27;[0m Proxying [POST /element/00000000-0000-04ae-ffff-ffff00000096/click] to [POST http://127.0.0.1:8203/session/a0e763c6-ec8b-4c27-bdcc-46158667402f/element/00000000-0000-04ae-ffff-ffff00000096/click] with body: {"element":"00000000-0000-04ae-ffff-ffff00000096"}
&amp#27;[38;5;146m[2e1dd3e6]&amp#27;[0m&amp#27;[38;5;-186m[AndroidUiautomator2Driver@7907]&amp#27;[0m Got response with status 200: {"sessionId":"a0e763c6-ec8b-4c27-bdcc-46158667402f","value":null}
&amp#27;[38;5;146m[2e1dd3e6]&amp#27;[0m&amp#27;[38;5;-186m[AndroidUiautomator2Driver@7907]&amp#27;[0m Responding to client with driver.click() result: null
&amp#27;[38;5;146m[2e1dd3e6]&amp#27;[0m&amp#27;[38;5;86m[HTTP]&amp#27;[0m &amp#27;[37m<-- POST /session/2e1dd3e6-a52b-49e6-8c48-5485efc85bf0/element/00000000-0000-04ae-ffff-ffff00000096/click &amp#27;[39m&amp#27;[32m200&amp#27;[39m &amp#27;[90m122 ms - 14&amp#27;[39m &amp#27;[90m&amp#27;[39m
&amp#27;[38;5;146m[2e1dd3e6]&amp#27;[0m&amp#27;[38;5;86m[HTTP]&amp#27;[0m &amp#27;[37m-->&amp#27;[39m &amp#27;[37mPOST&amp#27;[39m &amp#27;[37m/session/2e1dd3e6-a52b-49e6-8c48-5485efc85bf0/element&amp#27;[39m &amp#27;[90m{"value":"com.android.permissioncontroller:id/permission_allow_foreground_only_button","using":"id"}&amp#27;[39m
&amp#27;[38;5;146m[2e1dd3e6]&amp#27;[0m&amp#27;[38;5;-186m[AndroidUiautomator2Driver@7907]&amp#27;[0m Calling AppiumDriver.findElement() with args: ["id","com.android.permissioncontroller:id/permission_allow_foreground_only_button","2e1dd3e6-a52b-49e6-8c48-5485efc85bf0"]
&amp#27;[38;5;146m[2e1dd3e6]&amp#27;[0m&amp#27;[38;5;-186m[AndroidUiautomator2Driver@7907]&amp#27;[0m Valid locator strategies for this request: xpath, id, class name, accessibility id, css selector, -android uiautomator
&amp#27;[38;5;146m[2e1dd3e6]&amp#27;[0m&amp#27;[38;5;-186m[AndroidUiautomator2Driver@7907]&amp#27;[0m Waiting up to 0 ms for condition
&amp#27;[38;5;146m[2e1dd3e6]&amp#27;[0m&amp#27;[38;5;-186m[AndroidUiautomator2Driver@7907]&amp#27;[0m Matched '/element' to command name 'findElement'
&amp#27;[38;5;146m[2e1dd3e6]&amp#27;[0m&amp#27;[38;5;-186m[AndroidUiautomator2Driver@7907]&amp#27;[0m Proxying [POST /element] to [POST http://127.0.0.1:8203/session/a0e763c6-ec8b-4c27-bdcc-46158667402f/element] with body: {"strategy":"id","selector":"com.android.permissioncontroller:id/permission_allow_foreground_only_button","context":"","multiple":false}
&amp#27;[38;5;146m[2e1dd3e6]&amp#27;[0m&amp#27;[38;5;-186m[AndroidUiautomator2Driver@7907]&amp#27;[0m Got response with status 404: {"sessionId":"a0e763c6-ec8b-4c27-bdcc-46158667402f","value":{"error":"no such element","message":"An element could not be located on the page using the given search parameters","stacktrace":"io.appium.uiautomator2.common.exceptions.ElementNotFoundException: An element could not be located on the page using the given search parameters\n\tat io.appium.uiautomator2.handler.FindElement.safeHandle(FindElement.java:63)\n\tat io.appium.uiautomator2.handler.request.SafeRequestHandler.handle(SafeRequestHandler.java:59)\n\tat io.appium.uiautomator2.server.AppiumServlet.handleRequest(AppiumServlet.java:259)\n\tat io.appium.uiautomator2.server.AppiumServlet.handleHttpRequest(AppiumServlet.java:253)\n\tat io.appium.uiautomator2.http.ServerHandler.channelRead(ServerHandler.java:77)\n\tat io.netty.channel.AbstractChannelHandlerContext.invokeChannelRead(AbstractChannelHandlerContext.java:366)\n\tat io.netty.channel.AbstractChannelHandlerContext.invokeChannelRead(AbstractChannelHandlerContext.java:352)\n\tat io.netty.chann...
&amp#27;[38;5;146m[2e1dd3e6]&amp#27;[0m&amp#27;[38;5;123m[W3C]&amp#27;[0m Matched W3C error code 'no such element' to NoSuchElementError
&amp#27;[38;5;146m[2e1dd3e6]&amp#27;[0m&amp#27;[38;5;-186m[AndroidUiautomator2Driver@7907]&amp#27;[0m Encountered internal error running command: NoSuchElementError: An element could not be located on the page using the given search parameters.
    at AndroidUiautomator2Driver.findElOrEls (C:\Users\Asus\.appium\node_modules\appium-uiautomator2-driver\node_modules\appium-android-driver\lib\commands\find.ts:86:11)
    at processTicksAndRejections (node:internal/process/task_queues:105:5)
    at AndroidUiautomator2Driver.findElOrElsWithProcessing (C:\Users\Asus\AppData\Roaming\npm\node_modules\appium\node_modules\@appium\base-driver\lib\basedriver\commands\find.ts:60:12)
    at AndroidUiautomator2Driver.findElement (C:\Users\Asus\AppData\Roaming\npm\node_modules\appium\node_modules\@appium\base-driver\lib\basedriver\commands\find.ts:75:12)
&amp#27;[38;5;146m[2e1dd3e6]&amp#27;[0m&amp#27;[38;5;86m[HTTP]&amp#27;[0m &amp#27;[37m<-- POST /session/2e1dd3e6-a52b-49e6-8c48-5485efc85bf0/element &amp#27;[39m&amp#27;[33m404&amp#27;[39m &amp#27;[90m338 ms - 888&amp#27;[39m &amp#27;[90m&amp#27;[39m
&amp#27;[38;5;146m[2e1dd3e6]&amp#27;[0m&amp#27;[38;5;86m[HTTP]&amp#27;[0m &amp#27;[37m-->&amp#27;[39m &amp#27;[37mPOST&amp#27;[39m &amp#27;[37m/session/2e1dd3e6-a52b-49e6-8c48-5485efc85bf0/element&amp#27;[39m &amp#27;[90m{"value":"com.android.permissioncontroller:id/permission_allow_foreground_only_button","using":"id"}&amp#27;[39m
&amp#27;[38;5;146m[2e1dd3e6]&amp#27;[0m&amp#27;[38;5;-186m[AndroidUiautomator2Driver@7907]&amp#27;[0m Calling AppiumDriver.findElement() with args: ["id","com.android.permissioncontroller:id/permission_allow_foreground_only_button","2e1dd3e6-a52b-49e6-8c48-5485efc85bf0"]
&amp#27;[38;5;146m[2e1dd3e6]&amp#27;[0m&amp#27;[38;5;-186m[AndroidUiautomator2Driver@7907]&amp#27;[0m Valid locator strategies for this request: xpath, id, class name, accessibility id, css selector, -android uiautomator
&amp#27;[38;5;146m[2e1dd3e6]&amp#27;[0m&amp#27;[38;5;-186m[AndroidUiautomator2Driver@7907]&amp#27;[0m Waiting up to 0 ms for condition
&amp#27;[38;5;146m[2e1dd3e6]&amp#27;[0m&amp#27;[38;5;-186m[AndroidUiautomator2Driver@7907]&amp#27;[0m Matched '/element' to command name 'findElement'
&amp#27;[38;5;146m[2e1dd3e6]&amp#27;[0m&amp#27;[38;5;-186m[AndroidUiautomator2Driver@7907]&amp#27;[0m Proxying [POST /element] to [POST http://127.0.0.1:8203/session/a0e763c6-ec8b-4c27-bdcc-46158667402f/element] with body: {"strategy":"id","selector":"com.android.permissioncontroller:id/permission_allow_foreground_only_button","context":"","multiple":false}
&amp#27;[38;5;146m[2e1dd3e6]&amp#27;[0m&amp#27;[38;5;-186m[AndroidUiautomator2Driver@7907]&amp#27;[0m Got response with status 200: {"sessionId":"a0e763c6-ec8b-4c27-bdcc-46158667402f","value":{"ELEMENT":"00000000-0000-04af-ffff-ffff000000ef","element-6066-11e4-a52e-4f735466cecf":"00000000-0000-04af-ffff-ffff000000ef"}}
&amp#27;[38;5;146m[2e1dd3e6]&amp#27;[0m&amp#27;[38;5;-186m[AndroidUiautomator2Driver@7907]&amp#27;[0m Responding to client with driver.findElement() result: {"element-6066-11e4-a52e-4f735466cecf":"00000000-0000-04af-ffff-ffff000000ef","ELEMENT":"00000000-0000-04af-ffff-ffff000000ef"}
&amp#27;[38;5;146m[2e1dd3e6]&amp#27;[0m&amp#27;[38;5;86m[HTTP]&amp#27;[0m &amp#27;[37m<-- POST /session/2e1dd3e6-a52b-49e6-8c48-5485efc85bf0/element &amp#27;[39m&amp#27;[32m200&amp#27;[39m &amp#27;[90m515 ms - 137&amp#27;[39m &amp#27;[90m&amp#27;[39m
&amp#27;[38;5;146m[2e1dd3e6]&amp#27;[0m&amp#27;[38;5;86m[HTTP]&amp#27;[0m &amp#27;[37m-->&amp#27;[39m &amp#27;[37mGET&amp#27;[39m &amp#27;[37m/session/2e1dd3e6-a52b-49e6-8c48-5485efc85bf0/element/00000000-0000-04af-ffff-ffff000000ef/displayed&amp#27;[39m &amp#27;[90m{}&amp#27;[39m
&amp#27;[38;5;146m[2e1dd3e6]&amp#27;[0m&amp#27;[38;5;-186m[AndroidUiautomator2Driver@7907]&amp#27;[0m Calling AppiumDriver.elementDisplayed() with args: ["00000000-0000-04af-ffff-ffff000000ef","2e1dd3e6-a52b-49e6-8c48-5485efc85bf0"]
&amp#27;[38;5;146m[2e1dd3e6]&amp#27;[0m&amp#27;[38;5;-186m[AndroidUiautomator2Driver@7907]&amp#27;[0m Matched '/element/00000000-0000-04af-ffff-ffff000000ef/attribute/displayed' to command name 'getAttribute'
&amp#27;[38;5;146m[2e1dd3e6]&amp#27;[0m&amp#27;[38;5;-186m[AndroidUiautomator2Driver@7907]&amp#27;[0m Proxying [GET /element/00000000-0000-04af-ffff-ffff000000ef/attribute/displayed] to [GET http://127.0.0.1:8203/session/a0e763c6-ec8b-4c27-bdcc-46158667402f/element/00000000-0000-04af-ffff-ffff000000ef/attribute/displayed] with no body
&amp#27;[38;5;146m[2e1dd3e6]&amp#27;[0m&amp#27;[38;5;-186m[AndroidUiautomator2Driver@7907]&amp#27;[0m Got response with status 200: {"sessionId":"a0e763c6-ec8b-4c27-bdcc-46158667402f","value":"true"}
&amp#27;[38;5;146m[2e1dd3e6]&amp#27;[0m&amp#27;[38;5;-186m[AndroidUiautomator2Driver@7907]&amp#27;[0m Responding to client with driver.elementDisplayed() result: true
&amp#27;[38;5;146m[2e1dd3e6]&amp#27;[0m&amp#27;[38;5;86m[HTTP]&amp#27;[0m &amp#27;[37m<-- GET /session/2e1dd3e6-a52b-49e6-8c48-5485efc85bf0/element/00000000-0000-04af-ffff-ffff000000ef/displayed &amp#27;[39m&amp#27;[32m200&amp#27;[39m &amp#27;[90m395 ms - 14&amp#27;[39m &amp#27;[90m&amp#27;[39m
&amp#27;[38;5;146m[2e1dd3e6]&amp#27;[0m&amp#27;[38;5;86m[HTTP]&amp#27;[0m &amp#27;[37m-->&amp#27;[39m &amp#27;[37mGET&amp#27;[39m &amp#27;[37m/session/2e1dd3e6-a52b-49e6-8c48-5485efc85bf0/element/00000000-0000-04af-ffff-ffff000000ef/enabled&amp#27;[39m &amp#27;[90m{}&amp#27;[39m
&amp#27;[38;5;146m[2e1dd3e6]&amp#27;[0m&amp#27;[38;5;-186m[AndroidUiautomator2Driver@7907]&amp#27;[0m Calling AppiumDriver.elementEnabled() with args: ["00000000-0000-04af-ffff-ffff000000ef","2e1dd3e6-a52b-49e6-8c48-5485efc85bf0"]
&amp#27;[38;5;146m[2e1dd3e6]&amp#27;[0m&amp#27;[38;5;-186m[AndroidUiautomator2Driver@7907]&amp#27;[0m Matched '/element/00000000-0000-04af-ffff-ffff000000ef/attribute/enabled' to command name 'getAttribute'
&amp#27;[38;5;146m[2e1dd3e6]&amp#27;[0m&amp#27;[38;5;-186m[AndroidUiautomator2Driver@7907]&amp#27;[0m Proxying [GET /element/00000000-0000-04af-ffff-ffff000000ef/attribute/enabled] to [GET http://127.0.0.1:8203/session/a0e763c6-ec8b-4c27-bdcc-46158667402f/element/00000000-0000-04af-ffff-ffff000000ef/attribute/enabled] with no body
&amp#27;[38;5;146m[2e1dd3e6]&amp#27;[0m&amp#27;[38;5;-186m[AndroidUiautomator2Driver@7907]&amp#27;[0m Got response with status 200: {"sessionId":"a0e763c6-ec8b-4c27-bdcc-46158667402f","value":"true"}
&amp#27;[38;5;146m[2e1dd3e6]&amp#27;[0m&amp#27;[38;5;-186m[AndroidUiautomator2Driver@7907]&amp#27;[0m Responding to client with driver.elementEnabled() result: true
&amp#27;[38;5;146m[2e1dd3e6]&amp#27;[0m&amp#27;[38;5;86m[HTTP]&amp#27;[0m &amp#27;[37m<-- GET /session/2e1dd3e6-a52b-49e6-8c48-5485efc85bf0/element/00000000-0000-04af-ffff-ffff000000ef/enabled &amp#27;[39m&amp#27;[32m200&amp#27;[39m &amp#27;[90m35 ms - 14&amp#27;[39m &amp#27;[90m&amp#27;[39m
&amp#27;[38;5;146m[2e1dd3e6]&amp#27;[0m&amp#27;[38;5;86m[HTTP]&amp#27;[0m &amp#27;[37m-->&amp#27;[39m &amp#27;[37mPOST&amp#27;[39m &amp#27;[37m/session/2e1dd3e6-a52b-49e6-8c48-5485efc85bf0/element&amp#27;[39m &amp#27;[90m{"value":"com.android.permissioncontroller:id/permission_allow_foreground_only_button","using":"id"}&amp#27;[39m
&amp#27;[38;5;146m[2e1dd3e6]&amp#27;[0m&amp#27;[38;5;-186m[AndroidUiautomator2Driver@7907]&amp#27;[0m Calling AppiumDriver.findElement() with args: ["id","com.android.permissioncontroller:id/permission_allow_foreground_only_button","2e1dd3e6-a52b-49e6-8c48-5485efc85bf0"]
&amp#27;[38;5;146m[2e1dd3e6]&amp#27;[0m&amp#27;[38;5;-186m[AndroidUiautomator2Driver@7907]&amp#27;[0m Valid locator strategies for this request: xpath, id, class name, accessibility id, css selector, -android uiautomator
&amp#27;[38;5;146m[2e1dd3e6]&amp#27;[0m&amp#27;[38;5;-186m[AndroidUiautomator2Driver@7907]&amp#27;[0m Waiting up to 0 ms for condition
&amp#27;[38;5;146m[2e1dd3e6]&amp#27;[0m&amp#27;[38;5;-186m[AndroidUiautomator2Driver@7907]&amp#27;[0m Matched '/element' to command name 'findElement'
&amp#27;[38;5;146m[2e1dd3e6]&amp#27;[0m&amp#27;[38;5;-186m[AndroidUiautomator2Driver@7907]&amp#27;[0m Proxying [POST /element] to [POST http://127.0.0.1:8203/session/a0e763c6-ec8b-4c27-bdcc-46158667402f/element] with body: {"strategy":"id","selector":"com.android.permissioncontroller:id/permission_allow_foreground_only_button","context":"","multiple":false}
&amp#27;[38;5;146m[2e1dd3e6]&amp#27;[0m&amp#27;[38;5;-186m[AndroidUiautomator2Driver@7907]&amp#27;[0m Got response with status 200: {"sessionId":"a0e763c6-ec8b-4c27-bdcc-46158667402f","value":{"ELEMENT":"00000000-0000-04af-ffff-ffff000000ef","element-6066-11e4-a52e-4f735466cecf":"00000000-0000-04af-ffff-ffff000000ef"}}
&amp#27;[38;5;146m[2e1dd3e6]&amp#27;[0m&amp#27;[38;5;-186m[AndroidUiautomator2Driver@7907]&amp#27;[0m Responding to client with driver.findElement() result: {"element-6066-11e4-a52e-4f735466cecf":"00000000-0000-04af-ffff-ffff000000ef","ELEMENT":"00000000-0000-04af-ffff-ffff000000ef"}
&amp#27;[38;5;146m[2e1dd3e6]&amp#27;[0m&amp#27;[38;5;86m[HTTP]&amp#27;[0m &amp#27;[37m<-- POST /session/2e1dd3e6-a52b-49e6-8c48-5485efc85bf0/element &amp#27;[39m&amp#27;[32m200&amp#27;[39m &amp#27;[90m48 ms - 137&amp#27;[39m &amp#27;[90m&amp#27;[39m
&amp#27;[38;5;146m[2e1dd3e6]&amp#27;[0m&amp#27;[38;5;86m[HTTP]&amp#27;[0m &amp#27;[37m-->&amp#27;[39m &amp#27;[37mPOST&amp#27;[39m &amp#27;[37m/session/2e1dd3e6-a52b-49e6-8c48-5485efc85bf0/element/00000000-0000-04af-ffff-ffff000000ef/click&amp#27;[39m &amp#27;[90m{"id":"00000000-0000-04af-ffff-ffff000000ef"}&amp#27;[39m
&amp#27;[38;5;146m[2e1dd3e6]&amp#27;[0m&amp#27;[38;5;-186m[AndroidUiautomator2Driver@7907]&amp#27;[0m Calling AppiumDriver.click() with args: ["00000000-0000-04af-ffff-ffff000000ef","2e1dd3e6-a52b-49e6-8c48-5485efc85bf0"]
&amp#27;[38;5;146m[2e1dd3e6]&amp#27;[0m&amp#27;[38;5;-186m[AndroidUiautomator2Driver@7907]&amp#27;[0m Matched '/element/00000000-0000-04af-ffff-ffff000000ef/click' to command name 'click'
&amp#27;[38;5;146m[2e1dd3e6]&amp#27;[0m&amp#27;[38;5;-186m[AndroidUiautomator2Driver@7907]&amp#27;[0m Proxying [POST /element/00000000-0000-04af-ffff-ffff000000ef/click] to [POST http://127.0.0.1:8203/session/a0e763c6-ec8b-4c27-bdcc-46158667402f/element/00000000-0000-04af-ffff-ffff000000ef/click] with body: {"element":"00000000-0000-04af-ffff-ffff000000ef"}
&amp#27;[38;5;146m[2e1dd3e6]&amp#27;[0m&amp#27;[38;5;-186m[AndroidUiautomator2Driver@7907]&amp#27;[0m Got response with status 200: {"sessionId":"a0e763c6-ec8b-4c27-bdcc-46158667402f","value":null}
&amp#27;[38;5;146m[2e1dd3e6]&amp#27;[0m&amp#27;[38;5;-186m[AndroidUiautomator2Driver@7907]&amp#27;[0m Responding to client with driver.click() result: null
&amp#27;[38;5;146m[2e1dd3e6]&amp#27;[0m&amp#27;[38;5;86m[HTTP]&amp#27;[0m &amp#27;[37m<-- POST /session/2e1dd3e6-a52b-49e6-8c48-5485efc85bf0/element/00000000-0000-04af-ffff-ffff000000ef/click &amp#27;[39m&amp#27;[32m200&amp#27;[39m &amp#27;[90m98 ms - 14&amp#27;[39m &amp#27;[90m&amp#27;[39m
&amp#27;[38;5;98m[a57e1418]&amp#27;[0m&amp#27;[38;5;229m[ADB]&amp#27;[0m Waiting up to 20000ms for activity matching pkg: 'com.saucelabs.mydemoapp.rn' and activity: 'com.saucelabs.mydemoapp.rn.MainActivity' to be focused
&amp#27;[38;5;98m[a57e1418]&amp#27;[0m&amp#27;[38;5;229m[ADB]&amp#27;[0m Possible activities, to be checked: 'com.saucelabs.mydemoapp.rn.MainActivity', 'com.saucelabs.mydemoapp.rn.com.saucelabs.mydemoapp.rn.MainActivity'
&amp#27;[38;5;98m[a57e1418]&amp#27;[0m&amp#27;[38;5;229m[ADB]&amp#27;[0m Getting focused package and activity
&amp#27;[38;5;98m[a57e1418]&amp#27;[0m&amp#27;[38;5;229m[ADB]&amp#27;[0m Running 'C:\Users\Asus\AppData\Local\Android\Sdk\platform-tools\adb.exe -P 5037 -s emulator-5554 shell dumpsys window displays'
&amp#27;[38;5;98m[a57e1418]&amp#27;[0m&amp#27;[38;5;229m[ADB]&amp#27;[0m Found package: 'com.saucelabs.mydemoapp.rn' and fully qualified activity name : 'com.saucelabs.mydemoapp.rn.MainActivity'
&amp#27;[38;5;98m[a57e1418]&amp#27;[0m&amp#27;[38;5;221m[AppiumDriver@a6dd]&amp#27;[0m New AndroidUiautomator2Driver session created successfully, session a57e1418-86b8-4720-b322-41e6d7d94692 added to master session list
&amp#27;[38;5;98m[a57e1418]&amp#27;[0m&amp#27;[38;5;221m[AppiumDriver@a6dd]&amp#27;[0m Event 'newSessionStarted' logged at 1751283496576 (17:08:16 GMT+0530 (India Standard Time))
&amp#27;[38;5;98m[a57e1418]&amp#27;[0m&amp#27;[38;5;-11m[AndroidUiautomator2Driver@692e]&amp#27;[0m Cached the protocol value 'W3C' for the new session a57e1418-86b8-4720-b322-41e6d7d94692
&amp#27;[38;5;98m[a57e1418]&amp#27;[0m&amp#27;[38;5;-11m[AndroidUiautomator2Driver@692e]&amp#27;[0m Responding to client with driver.createSession() result: {"capabilities":{"platformName":"ANDROID","udid":"emulator-5554","uiautomator2ServerLaunchTimeout":30000,"deviceName":"emulator-5554","automationName":"UIAutomator2","app":"D:\\EclipseSoftware\\appiumnew\\src\\test\\java\\resources\\Android-MyDemoAppRN.1.3.0.build-244.apk","uiautomator2ServerInstallTimeout":30000,"uiautomator2ServerReadTimeout":30000,"platform":"LINUX","webStorageEnabled":false,"takesScreenshot":true,"javascriptEnabled":true,"databaseEnabled":false,"networkConnectionEnabled":true,"locationContextEnabled":false,"warnings":{},"desired":{"platformName":"ANDROID","udid":"emulator-5554","uiautomator2ServerLaunchTimeout":30000,"deviceName":"Practice-Emulator","automationName":"UIAutomator2","app":"D:\\EclipseSoftware\\appiumnew\\src\\test\\java\\resources\\Android-MyDemoAppRN.1.3.0.build-244.apk","uiautomator2ServerInstallTimeout":30000,"uiautomator2ServerReadTimeout":30000},"deviceUDID":"emulator-5554","appPackage":"com.saucelabs.mydemoapp.rn","pixelRatio":"3","statBarHeight":156,"viewportRect"...
&amp#27;[38;5;98m[a57e1418]&amp#27;[0m&amp#27;[38;5;86m[HTTP]&amp#27;[0m &amp#27;[37m<-- POST /session &amp#27;[39m&amp#27;[32m200&amp#27;[39m &amp#27;[90m27847 ms - 1298&amp#27;[39m &amp#27;[90m&amp#27;[39m
this is appium4725
&amp#27;[38;5;98m[a57e1418]&amp#27;[0m&amp#27;[38;5;86m[HTTP]&amp#27;[0m &amp#27;[37m-->&amp#27;[39m &amp#27;[37mPOST&amp#27;[39m &amp#27;[37m/session/a57e1418-86b8-4720-b322-41e6d7d94692/element&amp#27;[39m &amp#27;[90m{"value":"new UiSelector().description(\"open menu\")","using":"-android uiautomator"}&amp#27;[39m
&amp#27;[38;5;98m[a57e1418]&amp#27;[0m&amp#27;[38;5;-11m[AndroidUiautomator2Driver@692e]&amp#27;[0m Calling AppiumDriver.findElement() with args: ["-android uiautomator","new UiSelector().description(\"open menu\")","a57e1418-86b8-4720-b322-41e6d7d94692"]
&amp#27;[38;5;98m[a57e1418]&amp#27;[0m&amp#27;[38;5;-11m[AndroidUiautomator2Driver@692e]&amp#27;[0m Valid locator strategies for this request: xpath, id, class name, accessibility id, css selector, -android uiautomator
&amp#27;[38;5;98m[a57e1418]&amp#27;[0m&amp#27;[38;5;-11m[AndroidUiautomator2Driver@692e]&amp#27;[0m Waiting up to 0 ms for condition
&amp#27;[38;5;98m[a57e1418]&amp#27;[0m&amp#27;[38;5;-11m[AndroidUiautomator2Driver@692e]&amp#27;[0m Matched '/element' to command name 'findElement'
&amp#27;[38;5;98m[a57e1418]&amp#27;[0m&amp#27;[38;5;-11m[AndroidUiautomator2Driver@692e]&amp#27;[0m Proxying [POST /element] to [POST http://127.0.0.1:8204/session/ed744b99-d1da-4994-aaaa-a2d253842424/element] with body: {"strategy":"-android uiautomator","selector":"new UiSelector().description(\"open menu\")","context":"","multiple":false}
&amp#27;[38;5;146m[2e1dd3e6]&amp#27;[0m&amp#27;[38;5;86m[HTTP]&amp#27;[0m &amp#27;[37m-->&amp#27;[39m &amp#27;[37mPOST&amp#27;[39m &amp#27;[37m/session/2e1dd3e6-a52b-49e6-8c48-5485efc85bf0/element&amp#27;[39m &amp#27;[90m{"value":"latitude data","using":"accessibility id"}&amp#27;[39m
&amp#27;[38;5;146m[2e1dd3e6]&amp#27;[0m&amp#27;[38;5;-186m[AndroidUiautomator2Driver@7907]&amp#27;[0m Calling AppiumDriver.findElement() with args: ["accessibility id","latitude data","2e1dd3e6-a52b-49e6-8c48-5485efc85bf0"]
&amp#27;[38;5;146m[2e1dd3e6]&amp#27;[0m&amp#27;[38;5;-186m[AndroidUiautomator2Driver@7907]&amp#27;[0m Valid locator strategies for this request: xpath, id, class name, accessibility id, css selector, -android uiautomator
&amp#27;[38;5;146m[2e1dd3e6]&amp#27;[0m&amp#27;[38;5;-186m[AndroidUiautomator2Driver@7907]&amp#27;[0m Waiting up to 0 ms for condition
&amp#27;[38;5;146m[2e1dd3e6]&amp#27;[0m&amp#27;[38;5;-186m[AndroidUiautomator2Driver@7907]&amp#27;[0m Matched '/element' to command name 'findElement'
&amp#27;[38;5;146m[2e1dd3e6]&amp#27;[0m&amp#27;[38;5;-186m[AndroidUiautomator2Driver@7907]&amp#27;[0m Proxying [POST /element] to [POST http://127.0.0.1:8203/session/a0e763c6-ec8b-4c27-bdcc-46158667402f/element] with body: {"strategy":"accessibility id","selector":"latitude data","context":"","multiple":false}
&amp#27;[38;5;146m[2e1dd3e6]&amp#27;[0m&amp#27;[38;5;-186m[AndroidUiautomator2Driver@7907]&amp#27;[0m Got response with status 200: {"sessionId":"a0e763c6-ec8b-4c27-bdcc-46158667402f","value":{"ELEMENT":"00000000-0000-04ae-ffff-ffff000000c6","element-6066-11e4-a52e-4f735466cecf":"00000000-0000-04ae-ffff-ffff000000c6"}}
&amp#27;[38;5;146m[2e1dd3e6]&amp#27;[0m&amp#27;[38;5;-186m[AndroidUiautomator2Driver@7907]&amp#27;[0m Responding to client with driver.findElement() result: {"element-6066-11e4-a52e-4f735466cecf":"00000000-0000-04ae-ffff-ffff000000c6","ELEMENT":"00000000-0000-04ae-ffff-ffff000000c6"}
&amp#27;[38;5;146m[2e1dd3e6]&amp#27;[0m&amp#27;[38;5;86m[HTTP]&amp#27;[0m &amp#27;[37m<-- POST /session/2e1dd3e6-a52b-49e6-8c48-5485efc85bf0/element &amp#27;[39m&amp#27;[32m200&amp#27;[39m &amp#27;[90m90 ms - 137&amp#27;[39m &amp#27;[90m&amp#27;[39m
&amp#27;[38;5;146m[2e1dd3e6]&amp#27;[0m&amp#27;[38;5;86m[HTTP]&amp#27;[0m &amp#27;[37m-->&amp#27;[39m &amp#27;[37mGET&amp#27;[39m &amp#27;[37m/session/2e1dd3e6-a52b-49e6-8c48-5485efc85bf0/element/00000000-0000-04ae-ffff-ffff000000c6/text&amp#27;[39m &amp#27;[90m{}&amp#27;[39m
&amp#27;[38;5;146m[2e1dd3e6]&amp#27;[0m&amp#27;[38;5;-186m[AndroidUiautomator2Driver@7907]&amp#27;[0m Driver proxy active, passing request on via HTTP proxy
&amp#27;[38;5;146m[2e1dd3e6]&amp#27;[0m&amp#27;[38;5;-186m[AndroidUiautomator2Driver@7907]&amp#27;[0m Matched '/session/2e1dd3e6-a52b-49e6-8c48-5485efc85bf0/element/00000000-0000-04ae-ffff-ffff000000c6/text' to command name 'getText'
&amp#27;[38;5;146m[2e1dd3e6]&amp#27;[0m&amp#27;[38;5;-186m[AndroidUiautomator2Driver@7907]&amp#27;[0m Proxying [GET /session/2e1dd3e6-a52b-49e6-8c48-5485efc85bf0/element/00000000-0000-04ae-ffff-ffff000000c6/text] to [GET http://127.0.0.1:8203/session/a0e763c6-ec8b-4c27-bdcc-46158667402f/element/00000000-0000-04ae-ffff-ffff000000c6/text] with no body
&amp#27;[38;5;146m[2e1dd3e6]&amp#27;[0m&amp#27;[38;5;-186m[AndroidUiautomator2Driver@7907]&amp#27;[0m Got response with status 200: {"sessionId":"a0e763c6-ec8b-4c27-bdcc-46158667402f","value":"37.4219983"}
&amp#27;[38;5;146m[2e1dd3e6]&amp#27;[0m&amp#27;[38;5;-186m[AndroidUiautomator2Driver@7907]&amp#27;[0m Replacing sessionId a0e763c6-ec8b-4c27-bdcc-46158667402f with 2e1dd3e6-a52b-49e6-8c48-5485efc85bf0
&amp#27;[38;5;146m[2e1dd3e6]&amp#27;[0m&amp#27;[38;5;86m[HTTP]&amp#27;[0m &amp#27;[37m<-- GET /session/2e1dd3e6-a52b-49e6-8c48-5485efc85bf0/element/00000000-0000-04ae-ffff-ffff000000c6/text &amp#27;[39m&amp#27;[32m200&amp#27;[39m &amp#27;[90m30 ms - 73&amp#27;[39m &amp#27;[90m&amp#27;[39m
Latitude is : 37.4219983
&amp#27;[38;5;146m[2e1dd3e6]&amp#27;[0m&amp#27;[38;5;86m[HTTP]&amp#27;[0m &amp#27;[37m-->&amp#27;[39m &amp#27;[37mPOST&amp#27;[39m &amp#27;[37m/session/2e1dd3e6-a52b-49e6-8c48-5485efc85bf0/element&amp#27;[39m &amp#27;[90m{"value":"longitude data","using":"accessibility id"}&amp#27;[39m
&amp#27;[38;5;146m[2e1dd3e6]&amp#27;[0m&amp#27;[38;5;-186m[AndroidUiautomator2Driver@7907]&amp#27;[0m Calling AppiumDriver.findElement() with args: ["accessibility id","longitude data","2e1dd3e6-a52b-49e6-8c48-5485efc85bf0"]
&amp#27;[38;5;146m[2e1dd3e6]&amp#27;[0m&amp#27;[38;5;-186m[AndroidUiautomator2Driver@7907]&amp#27;[0m Valid locator strategies for this request: xpath, id, class name, accessibility id, css selector, -android uiautomator
&amp#27;[38;5;146m[2e1dd3e6]&amp#27;[0m&amp#27;[38;5;-186m[AndroidUiautomator2Driver@7907]&amp#27;[0m Waiting up to 0 ms for condition
&amp#27;[38;5;146m[2e1dd3e6]&amp#27;[0m&amp#27;[38;5;-186m[AndroidUiautomator2Driver@7907]&amp#27;[0m Matched '/element' to command name 'findElement'
&amp#27;[38;5;146m[2e1dd3e6]&amp#27;[0m&amp#27;[38;5;-186m[AndroidUiautomator2Driver@7907]&amp#27;[0m Proxying [POST /element] to [POST http://127.0.0.1:8203/session/a0e763c6-ec8b-4c27-bdcc-46158667402f/element] with body: {"strategy":"accessibility id","selector":"longitude data","context":"","multiple":false}
&amp#27;[38;5;98m[a57e1418]&amp#27;[0m&amp#27;[38;5;-11m[AndroidUiautomator2Driver@692e]&amp#27;[0m Got response with status 200: {"sessionId":"ed744b99-d1da-4994-aaaa-a2d253842424","value":{"ELEMENT":"00000000-0000-048d-ffff-ffff00000022","element-6066-11e4-a52e-4f735466cecf":"00000000-0000-048d-ffff-ffff00000022"}}
&amp#27;[38;5;98m[a57e1418]&amp#27;[0m&amp#27;[38;5;-11m[AndroidUiautomator2Driver@692e]&amp#27;[0m Responding to client with driver.findElement() result: {"element-6066-11e4-a52e-4f735466cecf":"00000000-0000-048d-ffff-ffff00000022","ELEMENT":"00000000-0000-048d-ffff-ffff00000022"}
&amp#27;[38;5;98m[a57e1418]&amp#27;[0m&amp#27;[38;5;86m[HTTP]&amp#27;[0m &amp#27;[37m<-- POST /session/a57e1418-86b8-4720-b322-41e6d7d94692/element &amp#27;[39m&amp#27;[32m200&amp#27;[39m &amp#27;[90m1078 ms - 137&amp#27;[39m &amp#27;[90m&amp#27;[39m
&amp#27;[38;5;98m[a57e1418]&amp#27;[0m&amp#27;[38;5;86m[HTTP]&amp#27;[0m &amp#27;[37m-->&amp#27;[39m &amp#27;[37mGET&amp#27;[39m &amp#27;[37m/session/a57e1418-86b8-4720-b322-41e6d7d94692/element/00000000-0000-048d-ffff-ffff00000022/displayed&amp#27;[39m &amp#27;[90m{}&amp#27;[39m
&amp#27;[38;5;98m[a57e1418]&amp#27;[0m&amp#27;[38;5;-11m[AndroidUiautomator2Driver@692e]&amp#27;[0m Calling AppiumDriver.elementDisplayed() with args: ["00000000-0000-048d-ffff-ffff00000022","a57e1418-86b8-4720-b322-41e6d7d94692"]
&amp#27;[38;5;98m[a57e1418]&amp#27;[0m&amp#27;[38;5;-11m[AndroidUiautomator2Driver@692e]&amp#27;[0m Matched '/element/00000000-0000-048d-ffff-ffff00000022/attribute/displayed' to command name 'getAttribute'
&amp#27;[38;5;98m[a57e1418]&amp#27;[0m&amp#27;[38;5;-11m[AndroidUiautomator2Driver@692e]&amp#27;[0m Proxying [GET /element/00000000-0000-048d-ffff-ffff00000022/attribute/displayed] to [GET http://127.0.0.1:8204/session/ed744b99-d1da-4994-aaaa-a2d253842424/element/00000000-0000-048d-ffff-ffff00000022/attribute/displayed] with no body
&amp#27;[38;5;146m[2e1dd3e6]&amp#27;[0m&amp#27;[38;5;-186m[AndroidUiautomator2Driver@7907]&amp#27;[0m Got response with status 200: {"sessionId":"a0e763c6-ec8b-4c27-bdcc-46158667402f","value":{"ELEMENT":"00000000-0000-04ae-ffff-ffff000000c8","element-6066-11e4-a52e-4f735466cecf":"00000000-0000-04ae-ffff-ffff000000c8"}}
&amp#27;[38;5;146m[2e1dd3e6]&amp#27;[0m&amp#27;[38;5;-186m[AndroidUiautomator2Driver@7907]&amp#27;[0m Responding to client with driver.findElement() result: {"element-6066-11e4-a52e-4f735466cecf":"00000000-0000-04ae-ffff-ffff000000c8","ELEMENT":"00000000-0000-04ae-ffff-ffff000000c8"}
&amp#27;[38;5;146m[2e1dd3e6]&amp#27;[0m&amp#27;[38;5;86m[HTTP]&amp#27;[0m &amp#27;[37m<-- POST /session/2e1dd3e6-a52b-49e6-8c48-5485efc85bf0/element &amp#27;[39m&amp#27;[32m200&amp#27;[39m &amp#27;[90m57 ms - 137&amp#27;[39m &amp#27;[90m&amp#27;[39m
&amp#27;[38;5;146m[2e1dd3e6]&amp#27;[0m&amp#27;[38;5;86m[HTTP]&amp#27;[0m &amp#27;[37m-->&amp#27;[39m &amp#27;[37mGET&amp#27;[39m &amp#27;[37m/session/2e1dd3e6-a52b-49e6-8c48-5485efc85bf0/element/00000000-0000-04ae-ffff-ffff000000c8/text&amp#27;[39m &amp#27;[90m{}&amp#27;[39m
&amp#27;[38;5;146m[2e1dd3e6]&amp#27;[0m&amp#27;[38;5;-186m[AndroidUiautomator2Driver@7907]&amp#27;[0m Driver proxy active, passing request on via HTTP proxy
&amp#27;[38;5;146m[2e1dd3e6]&amp#27;[0m&amp#27;[38;5;-186m[AndroidUiautomator2Driver@7907]&amp#27;[0m Matched '/session/2e1dd3e6-a52b-49e6-8c48-5485efc85bf0/element/00000000-0000-04ae-ffff-ffff000000c8/text' to command name 'getText'
&amp#27;[38;5;146m[2e1dd3e6]&amp#27;[0m&amp#27;[38;5;-186m[AndroidUiautomator2Driver@7907]&amp#27;[0m Proxying [GET /session/2e1dd3e6-a52b-49e6-8c48-5485efc85bf0/element/00000000-0000-04ae-ffff-ffff000000c8/text] to [GET http://127.0.0.1:8203/session/a0e763c6-ec8b-4c27-bdcc-46158667402f/element/00000000-0000-04ae-ffff-ffff000000c8/text] with no body
&amp#27;[38;5;98m[a57e1418]&amp#27;[0m&amp#27;[38;5;-11m[AndroidUiautomator2Driver@692e]&amp#27;[0m Got response with status 200: {"sessionId":"ed744b99-d1da-4994-aaaa-a2d253842424","value":"true"}
&amp#27;[38;5;98m[a57e1418]&amp#27;[0m&amp#27;[38;5;-11m[AndroidUiautomator2Driver@692e]&amp#27;[0m Responding to client with driver.elementDisplayed() result: true
&amp#27;[38;5;98m[a57e1418]&amp#27;[0m&amp#27;[38;5;86m[HTTP]&amp#27;[0m &amp#27;[37m<-- GET /session/a57e1418-86b8-4720-b322-41e6d7d94692/element/00000000-0000-048d-ffff-ffff00000022/displayed &amp#27;[39m&amp#27;[32m200&amp#27;[39m &amp#27;[90m80 ms - 14&amp#27;[39m &amp#27;[90m&amp#27;[39m
&amp#27;[38;5;146m[2e1dd3e6]&amp#27;[0m&amp#27;[38;5;-186m[AndroidUiautomator2Driver@7907]&amp#27;[0m Got response with status 200: {"sessionId":"a0e763c6-ec8b-4c27-bdcc-46158667402f","value":"-122.084"}
&amp#27;[38;5;146m[2e1dd3e6]&amp#27;[0m&amp#27;[38;5;-186m[AndroidUiautomator2Driver@7907]&amp#27;[0m Replacing sessionId a0e763c6-ec8b-4c27-bdcc-46158667402f with 2e1dd3e6-a52b-49e6-8c48-5485efc85bf0
&amp#27;[38;5;146m[2e1dd3e6]&amp#27;[0m&amp#27;[38;5;86m[HTTP]&amp#27;[0m &amp#27;[37m<-- GET /session/2e1dd3e6-a52b-49e6-8c48-5485efc85bf0/element/00000000-0000-04ae-ffff-ffff000000c8/text &amp#27;[39m&amp#27;[32m200&amp#27;[39m &amp#27;[90m50 ms - 71&amp#27;[39m &amp#27;[90m&amp#27;[39m
Longitude is : -122.084
]]></system-out>
    <system-err><![CDATA[SLF4J: Failed to load class "org.slf4j.impl.StaticLoggerBinder".
SLF4J: Defaulting to no-operation (NOP) logger implementation
SLF4J: See http://www.slf4j.org/codes.html#StaticLoggerBinder for further details.
]]></system-err>
  </testcase>
  <testcase name="getGeoLocationTest" classname="haidaraliappium.GetGeoLocationTest" time="11.957">
    <system-out><![CDATA[&amp#27;[38;5;98m[a57e1418]&amp#27;[0m&amp#27;[38;5;86m[HTTP]&amp#27;[0m &amp#27;[37m-->&amp#27;[39m &amp#27;[37mGET&amp#27;[39m &amp#27;[37m/session/a57e1418-86b8-4720-b322-41e6d7d94692/element/00000000-0000-048d-ffff-ffff00000022/enabled&amp#27;[39m &amp#27;[90m{}&amp#27;[39m
&amp#27;[38;5;98m[a57e1418]&amp#27;[0m&amp#27;[38;5;-11m[AndroidUiautomator2Driver@692e]&amp#27;[0m Calling AppiumDriver.elementEnabled() with args: ["00000000-0000-048d-ffff-ffff00000022","a57e1418-86b8-4720-b322-41e6d7d94692"]
&amp#27;[38;5;98m[a57e1418]&amp#27;[0m&amp#27;[38;5;-11m[AndroidUiautomator2Driver@692e]&amp#27;[0m Matched '/element/00000000-0000-048d-ffff-ffff00000022/attribute/enabled' to command name 'getAttribute'
&amp#27;[38;5;98m[a57e1418]&amp#27;[0m&amp#27;[38;5;-11m[AndroidUiautomator2Driver@692e]&amp#27;[0m Proxying [GET /element/00000000-0000-048d-ffff-ffff00000022/attribute/enabled] to [GET http://127.0.0.1:8204/session/ed744b99-d1da-4994-aaaa-a2d253842424/element/00000000-0000-048d-ffff-ffff00000022/attribute/enabled] with no body
&amp#27;[38;5;146m[2e1dd3e6]&amp#27;[0m&amp#27;[38;5;86m[HTTP]&amp#27;[0m &amp#27;[37m-->&amp#27;[39m &amp#27;[37mDELETE&amp#27;[39m &amp#27;[37m/session/2e1dd3e6-a52b-49e6-8c48-5485efc85bf0&amp#27;[39m &amp#27;[90m{}&amp#27;[39m
&amp#27;[38;5;146m[2e1dd3e6]&amp#27;[0m&amp#27;[38;5;-186m[AndroidUiautomator2Driver@7907]&amp#27;[0m Calling AppiumDriver.deleteSession() with args: ["2e1dd3e6-a52b-49e6-8c48-5485efc85bf0"]
&amp#27;[38;5;146m[2e1dd3e6]&amp#27;[0m&amp#27;[38;5;221m[AppiumDriver@a6dd]&amp#27;[0m Event 'quitSessionRequested' logged at 1751283497787 (17:08:17 GMT+0530 (India Standard Time))
&amp#27;[38;5;146m[2e1dd3e6]&amp#27;[0m&amp#27;[38;5;221m[AppiumDriver@a6dd]&amp#27;[0m Removing session 2e1dd3e6-a52b-49e6-8c48-5485efc85bf0 from our master session list
&amp#27;[38;5;146m[2e1dd3e6]&amp#27;[0m&amp#27;[38;5;-186m[AndroidUiautomator2Driver@7907]&amp#27;[0m Deleting UiAutomator2 session
&amp#27;[38;5;146m[2e1dd3e6]&amp#27;[0m&amp#27;[38;5;-186m[AndroidUiautomator2Driver@7907]&amp#27;[0m Deleting UiAutomator2 server session
&amp#27;[38;5;146m[2e1dd3e6]&amp#27;[0m&amp#27;[38;5;-186m[AndroidUiautomator2Driver@7907]&amp#27;[0m Matched '/' to command name 'deleteSession'
&amp#27;[38;5;146m[2e1dd3e6]&amp#27;[0m&amp#27;[38;5;-186m[AndroidUiautomator2Driver@7907]&amp#27;[0m Proxying [DELETE /] to [DELETE http://127.0.0.1:8203/session/a0e763c6-ec8b-4c27-bdcc-46158667402f] with no body
&amp#27;[38;5;146m[2e1dd3e6]&amp#27;[0m&amp#27;[38;5;-186m[AndroidUiautomator2Driver@7907]&amp#27;[0m Got response with status 200: {"sessionId":"a0e763c6-ec8b-4c27-bdcc-46158667402f","value":null}
&amp#27;[38;5;146m[2e1dd3e6]&amp#27;[0m&amp#27;[38;5;-186m[AndroidUiautomator2Driver@7907]&amp#27;[0m [Instrumentation] io.appium.uiautomator2.server.test.AppiumUiAutomator2Server:
&amp#27;[38;5;146m[2e1dd3e6]&amp#27;[0m&amp#27;[38;5;-186m[AndroidUiautomator2Driver@7907]&amp#27;[0m [Instrumentation] The process has exited with code null, signal SIGTERM
&amp#27;[38;5;146m[2e1dd3e6]&amp#27;[0m&amp#27;[38;5;229m[ADB]&amp#27;[0m Running 'C:\Users\Asus\AppData\Local\Android\Sdk\platform-tools\adb.exe -P 5037 -s emulator-5556 shell dumpsys activity services io.appium.settings/.recorder.RecorderService'
&amp#27;[38;5;146m[2e1dd3e6]&amp#27;[0m&amp#27;[38;5;229m[ADB]&amp#27;[0m Running 'C:\Users\Asus\AppData\Local\Android\Sdk\platform-tools\adb.exe -P 5037 -s emulator-5556 shell am force-stop com.saucelabs.mydemoapp.rn'
&amp#27;[38;5;98m[a57e1418]&amp#27;[0m&amp#27;[38;5;-11m[AndroidUiautomator2Driver@692e]&amp#27;[0m Got response with status 200: {"sessionId":"ed744b99-d1da-4994-aaaa-a2d253842424","value":"true"}
&amp#27;[38;5;98m[a57e1418]&amp#27;[0m&amp#27;[38;5;-11m[AndroidUiautomator2Driver@692e]&amp#27;[0m Responding to client with driver.elementEnabled() result: true
&amp#27;[38;5;98m[a57e1418]&amp#27;[0m&amp#27;[38;5;86m[HTTP]&amp#27;[0m &amp#27;[37m<-- GET /session/a57e1418-86b8-4720-b322-41e6d7d94692/element/00000000-0000-048d-ffff-ffff00000022/enabled &amp#27;[39m&amp#27;[32m200&amp#27;[39m &amp#27;[90m112 ms - 14&amp#27;[39m &amp#27;[90m&amp#27;[39m
&amp#27;[38;5;98m[a57e1418]&amp#27;[0m&amp#27;[38;5;86m[HTTP]&amp#27;[0m &amp#27;[37m-->&amp#27;[39m &amp#27;[37mPOST&amp#27;[39m &amp#27;[37m/session/a57e1418-86b8-4720-b322-41e6d7d94692/element&amp#27;[39m &amp#27;[90m{"value":"new UiSelector().description(\"open menu\")","using":"-android uiautomator"}&amp#27;[39m
&amp#27;[38;5;98m[a57e1418]&amp#27;[0m&amp#27;[38;5;-11m[AndroidUiautomator2Driver@692e]&amp#27;[0m Calling AppiumDriver.findElement() with args: ["-android uiautomator","new UiSelector().description(\"open menu\")","a57e1418-86b8-4720-b322-41e6d7d94692"]
&amp#27;[38;5;98m[a57e1418]&amp#27;[0m&amp#27;[38;5;-11m[AndroidUiautomator2Driver@692e]&amp#27;[0m Valid locator strategies for this request: xpath, id, class name, accessibility id, css selector, -android uiautomator
&amp#27;[38;5;98m[a57e1418]&amp#27;[0m&amp#27;[38;5;-11m[AndroidUiautomator2Driver@692e]&amp#27;[0m Waiting up to 0 ms for condition
&amp#27;[38;5;98m[a57e1418]&amp#27;[0m&amp#27;[38;5;-11m[AndroidUiautomator2Driver@692e]&amp#27;[0m Matched '/element' to command name 'findElement'
&amp#27;[38;5;98m[a57e1418]&amp#27;[0m&amp#27;[38;5;-11m[AndroidUiautomator2Driver@692e]&amp#27;[0m Proxying [POST /element] to [POST http://127.0.0.1:8204/session/ed744b99-d1da-4994-aaaa-a2d253842424/element] with body: {"strategy":"-android uiautomator","selector":"new UiSelector().description(\"open menu\")","context":"","multiple":false}
&amp#27;[38;5;98m[a57e1418]&amp#27;[0m&amp#27;[38;5;-11m[AndroidUiautomator2Driver@692e]&amp#27;[0m Got response with status 200: {"sessionId":"ed744b99-d1da-4994-aaaa-a2d253842424","value":{"ELEMENT":"00000000-0000-048d-ffff-ffff00000022","element-6066-11e4-a52e-4f735466cecf":"00000000-0000-048d-ffff-ffff00000022"}}
&amp#27;[38;5;98m[a57e1418]&amp#27;[0m&amp#27;[38;5;-11m[AndroidUiautomator2Driver@692e]&amp#27;[0m Responding to client with driver.findElement() result: {"element-6066-11e4-a52e-4f735466cecf":"00000000-0000-048d-ffff-ffff00000022","ELEMENT":"00000000-0000-048d-ffff-ffff00000022"}
&amp#27;[38;5;98m[a57e1418]&amp#27;[0m&amp#27;[38;5;86m[HTTP]&amp#27;[0m &amp#27;[37m<-- POST /session/a57e1418-86b8-4720-b322-41e6d7d94692/element &amp#27;[39m&amp#27;[32m200&amp#27;[39m &amp#27;[90m114 ms - 137&amp#27;[39m &amp#27;[90m&amp#27;[39m
&amp#27;[38;5;98m[a57e1418]&amp#27;[0m&amp#27;[38;5;86m[HTTP]&amp#27;[0m &amp#27;[37m-->&amp#27;[39m &amp#27;[37mPOST&amp#27;[39m &amp#27;[37m/session/a57e1418-86b8-4720-b322-41e6d7d94692/element/00000000-0000-048d-ffff-ffff00000022/click&amp#27;[39m &amp#27;[90m{"id":"00000000-0000-048d-ffff-ffff00000022"}&amp#27;[39m
&amp#27;[38;5;98m[a57e1418]&amp#27;[0m&amp#27;[38;5;-11m[AndroidUiautomator2Driver@692e]&amp#27;[0m Calling AppiumDriver.click() with args: ["00000000-0000-048d-ffff-ffff00000022","a57e1418-86b8-4720-b322-41e6d7d94692"]
&amp#27;[38;5;98m[a57e1418]&amp#27;[0m&amp#27;[38;5;-11m[AndroidUiautomator2Driver@692e]&amp#27;[0m Matched '/element/00000000-0000-048d-ffff-ffff00000022/click' to command name 'click'
&amp#27;[38;5;98m[a57e1418]&amp#27;[0m&amp#27;[38;5;-11m[AndroidUiautomator2Driver@692e]&amp#27;[0m Proxying [POST /element/00000000-0000-048d-ffff-ffff00000022/click] to [POST http://127.0.0.1:8204/session/ed744b99-d1da-4994-aaaa-a2d253842424/element/00000000-0000-048d-ffff-ffff00000022/click] with body: {"element":"00000000-0000-048d-ffff-ffff00000022"}
&amp#27;[38;5;146m[2e1dd3e6]&amp#27;[0m&amp#27;[38;5;229m[ADB]&amp#27;[0m Removing forwarded port socket connection: 8203 
&amp#27;[38;5;146m[2e1dd3e6]&amp#27;[0m&amp#27;[38;5;229m[ADB]&amp#27;[0m Running 'C:\Users\Asus\AppData\Local\Android\Sdk\platform-tools\adb.exe -P 5037 -s emulator-5556 forward --remove tcp:8203'
&amp#27;[38;5;146m[2e1dd3e6]&amp#27;[0m&amp#27;[38;5;-186m[AndroidUiautomator2Driver@7907]&amp#27;[0m Restoring hidden api policy to the device default configuration
&amp#27;[38;5;146m[2e1dd3e6]&amp#27;[0m&amp#27;[38;5;229m[ADB]&amp#27;[0m Running 'C:\Users\Asus\AppData\Local\Android\Sdk\platform-tools\adb.exe -P 5037 -s emulator-5556 shell 'settings delete global hidden_api_policy_pre_p_apps;settings delete global hidden_api_policy_p_apps;settings delete global hidden_api_policy''
&amp#27;[38;5;98m[a57e1418]&amp#27;[0m&amp#27;[38;5;-11m[AndroidUiautomator2Driver@692e]&amp#27;[0m Got response with status 200: {"sessionId":"ed744b99-d1da-4994-aaaa-a2d253842424","value":null}
&amp#27;[38;5;98m[a57e1418]&amp#27;[0m&amp#27;[38;5;-11m[AndroidUiautomator2Driver@692e]&amp#27;[0m Responding to client with driver.click() result: null
&amp#27;[38;5;98m[a57e1418]&amp#27;[0m&amp#27;[38;5;86m[HTTP]&amp#27;[0m &amp#27;[37m<-- POST /session/a57e1418-86b8-4720-b322-41e6d7d94692/element/00000000-0000-048d-ffff-ffff00000022/click &amp#27;[39m&amp#27;[32m200&amp#27;[39m &amp#27;[90m184 ms - 14&amp#27;[39m &amp#27;[90m&amp#27;[39m
&amp#27;[38;5;98m[a57e1418]&amp#27;[0m&amp#27;[38;5;86m[HTTP]&amp#27;[0m &amp#27;[37m-->&amp#27;[39m &amp#27;[37mPOST&amp#27;[39m &amp#27;[37m/session/a57e1418-86b8-4720-b322-41e6d7d94692/element&amp#27;[39m &amp#27;[90m{"value":"menu item geo location","using":"accessibility id"}&amp#27;[39m
&amp#27;[38;5;98m[a57e1418]&amp#27;[0m&amp#27;[38;5;-11m[AndroidUiautomator2Driver@692e]&amp#27;[0m Calling AppiumDriver.findElement() with args: ["accessibility id","menu item geo location","a57e1418-86b8-4720-b322-41e6d7d94692"]
&amp#27;[38;5;98m[a57e1418]&amp#27;[0m&amp#27;[38;5;-11m[AndroidUiautomator2Driver@692e]&amp#27;[0m Valid locator strategies for this request: xpath, id, class name, accessibility id, css selector, -android uiautomator
&amp#27;[38;5;98m[a57e1418]&amp#27;[0m&amp#27;[38;5;-11m[AndroidUiautomator2Driver@692e]&amp#27;[0m Waiting up to 0 ms for condition
&amp#27;[38;5;98m[a57e1418]&amp#27;[0m&amp#27;[38;5;-11m[AndroidUiautomator2Driver@692e]&amp#27;[0m Matched '/element' to command name 'findElement'
&amp#27;[38;5;98m[a57e1418]&amp#27;[0m&amp#27;[38;5;-11m[AndroidUiautomator2Driver@692e]&amp#27;[0m Proxying [POST /element] to [POST http://127.0.0.1:8204/session/ed744b99-d1da-4994-aaaa-a2d253842424/element] with body: {"strategy":"accessibility id","selector":"menu item geo location","context":"","multiple":false}
&amp#27;[38;5;146m[2e1dd3e6]&amp#27;[0m&amp#27;[38;5;160m[Logcat]&amp#27;[0m Stopping logcat capture
&amp#27;[38;5;146m[2e1dd3e6]&amp#27;[0m&amp#27;[38;5;221m[AppiumDriver@a6dd]&amp#27;[0m Event 'quitSessionFinished' logged at 1751283498701 (17:08:18 GMT+0530 (India Standard Time))
&amp#27;[38;5;146m[2e1dd3e6]&amp#27;[0m&amp#27;[38;5;221m[AppiumDriver@a6dd]&amp#27;[0m Received response: null
&amp#27;[38;5;146m[2e1dd3e6]&amp#27;[0m&amp#27;[38;5;221m[AppiumDriver@a6dd]&amp#27;[0m But deleting session, so not returning
&amp#27;[38;5;146m[2e1dd3e6]&amp#27;[0m&amp#27;[38;5;221m[AppiumDriver@a6dd]&amp#27;[0m Responding to client with driver.deleteSession() result: null
&amp#27;[38;5;146m[2e1dd3e6]&amp#27;[0m&amp#27;[38;5;86m[HTTP]&amp#27;[0m &amp#27;[37m<-- DELETE /session/2e1dd3e6-a52b-49e6-8c48-5485efc85bf0 &amp#27;[39m&amp#27;[32m200&amp#27;[39m &amp#27;[90m917 ms - 14&amp#27;[39m &amp#27;[90m&amp#27;[39m
&amp#27;[38;5;86m[HTTP]&amp#27;[0m Request idempotency key: ba652ce4-2670-4ab6-964a-8b7e8e9676d1
&amp#27;[38;5;86m[HTTP]&amp#27;[0m &amp#27;[37m-->&amp#27;[39m &amp#27;[37mPOST&amp#27;[39m &amp#27;[37m/session&amp#27;[39m &amp#27;[90m{"capabilities":{"firstMatch":[{"appium:udid":"emulator-5556","appium:uiautomator2ServerLaunchTimeout":30000,"appium:deviceName":"Second-Emulator","platformName":"ANDROID","appium:automationName":"UIAutomator2","appium:app":"D:\\EclipseSoftware\\appiumnew\\src\\test\\java\\resources\\Android-MyDemoAppRN.1.3.0.build-244.apk","appium:uiautomator2ServerInstallTimeout":30000,"appium:uiautomator2ServerReadTimeout":30000}]}}&amp#27;[39m
&amp#27;[38;5;221m[AppiumDriver@a6dd]&amp#27;[0m Calling AppiumDriver.createSession() with args: [null,null,{"firstMatch":[{"appium:udid":"emulator-5556","appium:uiautomator2ServerLaunchTimeout":30000,"appium:deviceName":"Second-Emulator","platformName":"ANDROID","appium:automationName":"UIAutomator2","appium:app":"D:\\EclipseSoftware\\appiumnew\\src\\test\\java\\resources\\Android-MyDemoAppRN.1.3.0.build-244.apk","appium:uiautomator2ServerInstallTimeout":30000,"appium:uiautomator2ServerReadTimeout":30000}]}]
&amp#27;[38;5;221m[AppiumDriver@a6dd]&amp#27;[0m Event 'newSessionRequested' logged at 1751283498744 (17:08:18 GMT+0530 (India Standard Time))
&amp#27;[38;5;112m[Appium]&amp#27;[0m Attempting to find matching driver for automationName 'UIAutomator2' and platformName 'ANDROID'
&amp#27;[38;5;112m[Appium]&amp#27;[0m The 'uiautomator2' driver was installed and matched caps.
&amp#27;[38;5;112m[Appium]&amp#27;[0m Will require it at C:\Users\Asus\.appium\node_modules\appium-uiautomator2-driver
&amp#27;[38;5;112m[Appium]&amp#27;[0m Requiring driver at C:\Users\Asus\.appium\node_modules\appium-uiautomator2-driver\build\index.js
&amp#27;[38;5;221m[AppiumDriver@a6dd]&amp#27;[0m Appium v2.13.1 creating new AndroidUiautomator2Driver (v3.9.2) session
&amp#27;[38;5;221m[AppiumDriver@a6dd]&amp#27;[0m Checking BaseDriver versions for Appium and AndroidUiautomator2Driver
&amp#27;[38;5;221m[AppiumDriver@a6dd]&amp#27;[0m Appium's BaseDriver version is 9.13.1
&amp#27;[38;5;221m[AppiumDriver@a6dd]&amp#27;[0m AndroidUiautomator2Driver's BaseDriver version is 9.13.1
&amp#27;[38;5;0m[AndroidUiautomator2Driver@2ae5]&amp#27;[0m 
&amp#27;[38;5;0m[AndroidUiautomator2Driver@2ae5]&amp#27;[0m Creating session with W3C capabilities: {
  "alwaysMatch": {
    "platformName": "ANDROID",
    "appium:udid": "emulator-5556",
    "appium:uiautomator2ServerLaunchTimeout": 30000,
    "appium:deviceName": "Second-Emulator",
    "appium:automationName": "UIAutomator2",
    "appium:app": "D:\\EclipseSoftware\\appiumnew\\src\\test\\java\\resources\\Android-MyDemoAppRN.1.3.0.build-244.apk",
    "appium:uiautomator2ServerInstallTimeout": 30000,
    "appium:uiautomator2ServerReadTimeout": 30000
  },
  "firstMatch": [
    {}
  ]
}
&amp#27;[38;5;176m[30bc93a7]&amp#27;[0m&amp#27;[38;5;0m[AndroidUiautomator2Driver@2ae5]&amp#27;[0m Session created with session id: 30bc93a7-ac36-4d4a-9540-e0ae12c39852
&amp#27;[38;5;176m[30bc93a7]&amp#27;[0m&amp#27;[38;5;229m[ADB]&amp#27;[0m Using 'adb.exe' from 'C:\Users\Asus\AppData\Local\Android\Sdk\platform-tools\adb.exe'
&amp#27;[38;5;176m[30bc93a7]&amp#27;[0m&amp#27;[38;5;229m[ADB]&amp#27;[0m Running 'C:\Users\Asus\AppData\Local\Android\Sdk\platform-tools\adb.exe -P 5037 start-server'
&amp#27;[38;5;176m[30bc93a7]&amp#27;[0m&amp#27;[38;5;0m[AndroidUiautomator2Driver@2ae5]&amp#27;[0m Retrieving device list
&amp#27;[38;5;176m[30bc93a7]&amp#27;[0m&amp#27;[38;5;229m[ADB]&amp#27;[0m Trying to find connected Android devices
&amp#27;[38;5;176m[30bc93a7]&amp#27;[0m&amp#27;[38;5;229m[ADB]&amp#27;[0m Getting connected devices
&amp#27;[38;5;176m[30bc93a7]&amp#27;[0m&amp#27;[38;5;229m[ADB]&amp#27;[0m Connected devices: [{"udid":"emulator-5554","state":"device"},{"udid":"emulator-5556","state":"device"}]
&amp#27;[38;5;176m[30bc93a7]&amp#27;[0m&amp#27;[38;5;0m[AndroidUiautomator2Driver@2ae5]&amp#27;[0m Using device: emulator-5556
&amp#27;[38;5;176m[30bc93a7]&amp#27;[0m&amp#27;[38;5;229m[ADB]&amp#27;[0m Using 'adb.exe' from 'C:\Users\Asus\AppData\Local\Android\Sdk\platform-tools\adb.exe'
&amp#27;[38;5;176m[30bc93a7]&amp#27;[0m&amp#27;[38;5;229m[ADB]&amp#27;[0m Running 'C:\Users\Asus\AppData\Local\Android\Sdk\platform-tools\adb.exe -P 5037 start-server'
&amp#27;[38;5;176m[30bc93a7]&amp#27;[0m&amp#27;[38;5;229m[ADB]&amp#27;[0m Setting device id to emulator-5556
&amp#27;[38;5;176m[30bc93a7]&amp#27;[0m&amp#27;[38;5;123m[BaseDriver]&amp#27;[0m Using local app 'D:\EclipseSoftware\appiumnew\src\test\java\resources\Android-MyDemoAppRN.1.3.0.build-244.apk'
&amp#27;[38;5;176m[30bc93a7]&amp#27;[0m&amp#27;[38;5;0m[AndroidUiautomator2Driver@2ae5]&amp#27;[0m Checking whether app is actually present
&amp#27;[38;5;176m[30bc93a7]&amp#27;[0m&amp#27;[38;5;229m[ADB]&amp#27;[0m Running 'C:\Users\Asus\AppData\Local\Android\Sdk\platform-tools\adb.exe -P 5037 -s emulator-5556 shell getprop ro.build.version.sdk'
&amp#27;[38;5;176m[30bc93a7]&amp#27;[0m&amp#27;[38;5;229m[ADB]&amp#27;[0m Current device property 'ro.build.version.sdk': 35
&amp#27;[38;5;176m[30bc93a7]&amp#27;[0m&amp#27;[38;5;229m[ADB]&amp#27;[0m Getting device platform version
&amp#27;[38;5;176m[30bc93a7]&amp#27;[0m&amp#27;[38;5;229m[ADB]&amp#27;[0m Running 'C:\Users\Asus\AppData\Local\Android\Sdk\platform-tools\adb.exe -P 5037 -s emulator-5556 shell getprop ro.build.version.release'
&amp#27;[38;5;98m[a57e1418]&amp#27;[0m&amp#27;[38;5;-11m[AndroidUiautomator2Driver@692e]&amp#27;[0m Got response with status 200: {"sessionId":"ed744b99-d1da-4994-aaaa-a2d253842424","value":{"ELEMENT":"00000000-0000-048d-ffff-ffff00000096","element-6066-11e4-a52e-4f735466cecf":"00000000-0000-048d-ffff-ffff00000096"}}
&amp#27;[38;5;98m[a57e1418]&amp#27;[0m&amp#27;[38;5;-11m[AndroidUiautomator2Driver@692e]&amp#27;[0m Responding to client with driver.findElement() result: {"element-6066-11e4-a52e-4f735466cecf":"00000000-0000-048d-ffff-ffff00000096","ELEMENT":"00000000-0000-048d-ffff-ffff00000096"}
&amp#27;[38;5;98m[a57e1418]&amp#27;[0m&amp#27;[38;5;86m[HTTP]&amp#27;[0m &amp#27;[37m<-- POST /session/a57e1418-86b8-4720-b322-41e6d7d94692/element &amp#27;[39m&amp#27;[32m200&amp#27;[39m &amp#27;[90m1164 ms - 137&amp#27;[39m &amp#27;[90m&amp#27;[39m
&amp#27;[38;5;98m[a57e1418]&amp#27;[0m&amp#27;[38;5;86m[HTTP]&amp#27;[0m &amp#27;[37m-->&amp#27;[39m &amp#27;[37mGET&amp#27;[39m &amp#27;[37m/session/a57e1418-86b8-4720-b322-41e6d7d94692/element/00000000-0000-048d-ffff-ffff00000096/displayed&amp#27;[39m &amp#27;[90m{}&amp#27;[39m
&amp#27;[38;5;98m[a57e1418]&amp#27;[0m&amp#27;[38;5;-11m[AndroidUiautomator2Driver@692e]&amp#27;[0m Calling AppiumDriver.elementDisplayed() with args: ["00000000-0000-048d-ffff-ffff00000096","a57e1418-86b8-4720-b322-41e6d7d94692"]
&amp#27;[38;5;98m[a57e1418]&amp#27;[0m&amp#27;[38;5;-11m[AndroidUiautomator2Driver@692e]&amp#27;[0m Matched '/element/00000000-0000-048d-ffff-ffff00000096/attribute/displayed' to command name 'getAttribute'
&amp#27;[38;5;98m[a57e1418]&amp#27;[0m&amp#27;[38;5;-11m[AndroidUiautomator2Driver@692e]&amp#27;[0m Proxying [GET /element/00000000-0000-048d-ffff-ffff00000096/attribute/displayed] to [GET http://127.0.0.1:8204/session/ed744b99-d1da-4994-aaaa-a2d253842424/element/00000000-0000-048d-ffff-ffff00000096/attribute/displayed] with no body
&amp#27;[38;5;176m[30bc93a7]&amp#27;[0m&amp#27;[38;5;229m[ADB]&amp#27;[0m Current device property 'ro.build.version.release': 15
&amp#27;[38;5;176m[30bc93a7]&amp#27;[0m&amp#27;[38;5;229m[ADB]&amp#27;[0m Device API level: 35
&amp#27;[38;5;176m[30bc93a7]&amp#27;[0m&amp#27;[38;5;0m[AndroidUiautomator2Driver@2ae5]&amp#27;[0m Relaxing hidden api policy
&amp#27;[38;5;176m[30bc93a7]&amp#27;[0m&amp#27;[38;5;229m[ADB]&amp#27;[0m Running 'C:\Users\Asus\AppData\Local\Android\Sdk\platform-tools\adb.exe -P 5037 -s emulator-5556 shell 'settings put global hidden_api_policy_pre_p_apps 1;settings put global hidden_api_policy_p_apps 1;settings put global hidden_api_policy 1''
&amp#27;[38;5;176m[30bc93a7]&amp#27;[0m&amp#27;[38;5;0m[AndroidUiautomator2Driver@2ae5]&amp#27;[0m Parsing package and activity from app manifest
&amp#27;[38;5;176m[30bc93a7]&amp#27;[0m&amp#27;[38;5;229m[ADB]&amp#27;[0m Running 'C:\Users\Asus\AppData\Local\Android\Sdk\platform-tools\adb.exe -P 5037 -s emulator-5556 wait-for-device'
&amp#27;[38;5;176m[30bc93a7]&amp#27;[0m&amp#27;[38;5;229m[ADB]&amp#27;[0m Using 'aapt2.exe' from 'C:\Users\Asus\AppData\Local\Android\Sdk\build-tools\35.0.0\aapt2.exe'
&amp#27;[38;5;176m[30bc93a7]&amp#27;[0m&amp#27;[38;5;229m[ADB]&amp#27;[0m Reading package manifest: 'C:\\Users\\Asus\\AppData\\Local\\Android\\Sdk\\build-tools\\35.0.0\\aapt2.exe dump badging D:\\EclipseSoftware\\appiumnew\\src\\test\\java\\resources\\Android-MyDemoAppRN.1.3.0.build-244.apk'
&amp#27;[38;5;176m[30bc93a7]&amp#27;[0m&amp#27;[38;5;229m[ADB]&amp#27;[0m Running 'C:\Users\Asus\AppData\Local\Android\Sdk\platform-tools\adb.exe -P 5037 -s emulator-5556 shell echo ping'
&amp#27;[38;5;176m[30bc93a7]&amp#27;[0m&amp#27;[38;5;229m[ADB]&amp#27;[0m Package name: 'com.saucelabs.mydemoapp.rn'
&amp#27;[38;5;176m[30bc93a7]&amp#27;[0m&amp#27;[38;5;229m[ADB]&amp#27;[0m Main activity name: 'com.saucelabs.mydemoapp.rn.MainActivity'
&amp#27;[38;5;176m[30bc93a7]&amp#27;[0m&amp#27;[38;5;0m[AndroidUiautomator2Driver@2ae5]&amp#27;[0m Parsed package and activity are: com.saucelabs.mydemoapp.rn/com.saucelabs.mydemoapp.rn.MainActivity
&amp#27;[38;5;176m[30bc93a7]&amp#27;[0m&amp#27;[38;5;0m[AndroidUiautomator2Driver@2ae5]&amp#27;[0m Pushing settings apk to the device...
&amp#27;[38;5;176m[30bc93a7]&amp#27;[0m&amp#27;[38;5;229m[ADB]&amp#27;[0m Getting package info for 'io.appium.settings'
&amp#27;[38;5;176m[30bc93a7]&amp#27;[0m&amp#27;[38;5;229m[ADB]&amp#27;[0m Running 'C:\Users\Asus\AppData\Local\Android\Sdk\platform-tools\adb.exe -P 5037 -s emulator-5556 shell dumpsys package io.appium.settings'
&amp#27;[38;5;176m[30bc93a7]&amp#27;[0m&amp#27;[38;5;229m[ADB]&amp#27;[0m Reading package manifest: 'C:\\Users\\Asus\\AppData\\Local\\Android\\Sdk\\build-tools\\35.0.0\\aapt2.exe dump badging C:\\Users\\Asus\\.appium\\node_modules\\appium-uiautomator2-driver\\node_modules\\io.appium.settings\\apks\\settings_apk-debug.apk'
&amp#27;[38;5;176m[30bc93a7]&amp#27;[0m&amp#27;[38;5;229m[ADB]&amp#27;[0m The version name of the installed 'io.appium.settings' is greater or equal to the application version name ('5.12.19' >= '5.12.19')
&amp#27;[38;5;176m[30bc93a7]&amp#27;[0m&amp#27;[38;5;229m[ADB]&amp#27;[0m There is no need to install/upgrade 'C:\Users\Asus\.appium\node_modules\appium-uiautomator2-driver\node_modules\io.appium.settings\apks\settings_apk-debug.apk'
&amp#27;[38;5;176m[30bc93a7]&amp#27;[0m&amp#27;[38;5;229m[ADB]&amp#27;[0m Running 'C:\Users\Asus\AppData\Local\Android\Sdk\platform-tools\adb.exe -P 5037 -s emulator-5556 shell dumpsys activity services io.appium.settings'
&amp#27;[38;5;176m[30bc93a7]&amp#27;[0m&amp#27;[38;5;0m[AndroidUiautomator2Driver@2ae5]&amp#27;[0m io.appium.settings is already running. There is no need to reset its permissions.
&amp#27;[38;5;176m[30bc93a7]&amp#27;[0m&amp#27;[38;5;160m[Logcat]&amp#27;[0m Starting logs capture with command: C:\\Users\\Asus\\AppData\\Local\\Android\\Sdk\\platform-tools\\adb.exe -P 5037 -s emulator-5556 logcat -v threadtime
&amp#27;[38;5;98m[a57e1418]&amp#27;[0m&amp#27;[38;5;-11m[AndroidUiautomator2Driver@692e]&amp#27;[0m Got response with status 200: {"sessionId":"ed744b99-d1da-4994-aaaa-a2d253842424","value":"true"}
&amp#27;[38;5;98m[a57e1418]&amp#27;[0m&amp#27;[38;5;-11m[AndroidUiautomator2Driver@692e]&amp#27;[0m Responding to client with driver.elementDisplayed() result: true
&amp#27;[38;5;98m[a57e1418]&amp#27;[0m&amp#27;[38;5;86m[HTTP]&amp#27;[0m &amp#27;[37m<-- GET /session/a57e1418-86b8-4720-b322-41e6d7d94692/element/00000000-0000-048d-ffff-ffff00000096/displayed &amp#27;[39m&amp#27;[32m200&amp#27;[39m &amp#27;[90m401 ms - 14&amp#27;[39m &amp#27;[90m&amp#27;[39m
&amp#27;[38;5;98m[a57e1418]&amp#27;[0m&amp#27;[38;5;86m[HTTP]&amp#27;[0m &amp#27;[37m-->&amp#27;[39m &amp#27;[37mGET&amp#27;[39m &amp#27;[37m/session/a57e1418-86b8-4720-b322-41e6d7d94692/element/00000000-0000-048d-ffff-ffff00000096/enabled&amp#27;[39m &amp#27;[90m{}&amp#27;[39m
&amp#27;[38;5;98m[a57e1418]&amp#27;[0m&amp#27;[38;5;-11m[AndroidUiautomator2Driver@692e]&amp#27;[0m Calling AppiumDriver.elementEnabled() with args: ["00000000-0000-048d-ffff-ffff00000096","a57e1418-86b8-4720-b322-41e6d7d94692"]
&amp#27;[38;5;98m[a57e1418]&amp#27;[0m&amp#27;[38;5;-11m[AndroidUiautomator2Driver@692e]&amp#27;[0m Matched '/element/00000000-0000-048d-ffff-ffff00000096/attribute/enabled' to command name 'getAttribute'
&amp#27;[38;5;98m[a57e1418]&amp#27;[0m&amp#27;[38;5;-11m[AndroidUiautomator2Driver@692e]&amp#27;[0m Proxying [GET /element/00000000-0000-048d-ffff-ffff00000096/attribute/enabled] to [GET http://127.0.0.1:8204/session/ed744b99-d1da-4994-aaaa-a2d253842424/element/00000000-0000-048d-ffff-ffff00000096/attribute/enabled] with no body
&amp#27;[38;5;98m[a57e1418]&amp#27;[0m&amp#27;[38;5;-11m[AndroidUiautomator2Driver@692e]&amp#27;[0m Got response with status 200: {"sessionId":"ed744b99-d1da-4994-aaaa-a2d253842424","value":"true"}
&amp#27;[38;5;98m[a57e1418]&amp#27;[0m&amp#27;[38;5;-11m[AndroidUiautomator2Driver@692e]&amp#27;[0m Responding to client with driver.elementEnabled() result: true
&amp#27;[38;5;98m[a57e1418]&amp#27;[0m&amp#27;[38;5;86m[HTTP]&amp#27;[0m &amp#27;[37m<-- GET /session/a57e1418-86b8-4720-b322-41e6d7d94692/element/00000000-0000-048d-ffff-ffff00000096/enabled &amp#27;[39m&amp#27;[32m200&amp#27;[39m &amp#27;[90m30 ms - 14&amp#27;[39m &amp#27;[90m&amp#27;[39m
&amp#27;[38;5;98m[a57e1418]&amp#27;[0m&amp#27;[38;5;86m[HTTP]&amp#27;[0m &amp#27;[37m-->&amp#27;[39m &amp#27;[37mPOST&amp#27;[39m &amp#27;[37m/session/a57e1418-86b8-4720-b322-41e6d7d94692/element&amp#27;[39m &amp#27;[90m{"value":"menu item geo location","using":"accessibility id"}&amp#27;[39m
&amp#27;[38;5;98m[a57e1418]&amp#27;[0m&amp#27;[38;5;-11m[AndroidUiautomator2Driver@692e]&amp#27;[0m Calling AppiumDriver.findElement() with args: ["accessibility id","menu item geo location","a57e1418-86b8-4720-b322-41e6d7d94692"]
&amp#27;[38;5;98m[a57e1418]&amp#27;[0m&amp#27;[38;5;-11m[AndroidUiautomator2Driver@692e]&amp#27;[0m Valid locator strategies for this request: xpath, id, class name, accessibility id, css selector, -android uiautomator
&amp#27;[38;5;98m[a57e1418]&amp#27;[0m&amp#27;[38;5;-11m[AndroidUiautomator2Driver@692e]&amp#27;[0m Waiting up to 0 ms for condition
&amp#27;[38;5;98m[a57e1418]&amp#27;[0m&amp#27;[38;5;-11m[AndroidUiautomator2Driver@692e]&amp#27;[0m Matched '/element' to command name 'findElement'
&amp#27;[38;5;98m[a57e1418]&amp#27;[0m&amp#27;[38;5;-11m[AndroidUiautomator2Driver@692e]&amp#27;[0m Proxying [POST /element] to [POST http://127.0.0.1:8204/session/ed744b99-d1da-4994-aaaa-a2d253842424/element] with body: {"strategy":"accessibility id","selector":"menu item geo location","context":"","multiple":false}
&amp#27;[38;5;176m[30bc93a7]&amp#27;[0m&amp#27;[38;5;0m[AndroidUiautomator2Driver@2ae5]&amp#27;[0m Forwarding UiAutomator2 Server port 6790 to local port 8203
&amp#27;[38;5;176m[30bc93a7]&amp#27;[0m&amp#27;[38;5;229m[ADB]&amp#27;[0m Forwarding system: 8203 to device: 6790
&amp#27;[38;5;176m[30bc93a7]&amp#27;[0m&amp#27;[38;5;229m[ADB]&amp#27;[0m Running 'C:\Users\Asus\AppData\Local\Android\Sdk\platform-tools\adb.exe -P 5037 -s emulator-5556 forward tcp:8203 tcp:6790'
&amp#27;[38;5;176m[30bc93a7]&amp#27;[0m&amp#27;[38;5;229m[ADB]&amp#27;[0m Getting package info for 'io.appium.uiautomator2.server'
&amp#27;[38;5;176m[30bc93a7]&amp#27;[0m&amp#27;[38;5;229m[ADB]&amp#27;[0m Running 'C:\Users\Asus\AppData\Local\Android\Sdk\platform-tools\adb.exe -P 5037 -s emulator-5556 shell dumpsys package io.appium.uiautomator2.server'
&amp#27;[38;5;176m[30bc93a7]&amp#27;[0m&amp#27;[38;5;229m[ADB]&amp#27;[0m Getting install status for io.appium.uiautomator2.server.test
&amp#27;[38;5;176m[30bc93a7]&amp#27;[0m&amp#27;[38;5;229m[ADB]&amp#27;[0m Checking app cert for D:\EclipseSoftware\appiumnew\src\test\java\resources\Android-MyDemoAppRN.1.3.0.build-244.apk
&amp#27;[38;5;176m[30bc93a7]&amp#27;[0m&amp#27;[38;5;229m[ADB]&amp#27;[0m Running 'C:\Users\Asus\AppData\Local\Android\Sdk\platform-tools\adb.exe -P 5037 -s emulator-5556 shell cmd package list packages'
&amp#27;[38;5;98m[a57e1418]&amp#27;[0m&amp#27;[38;5;-11m[AndroidUiautomator2Driver@692e]&amp#27;[0m Got response with status 200: {"sessionId":"ed744b99-d1da-4994-aaaa-a2d253842424","value":{"ELEMENT":"00000000-0000-048d-ffff-ffff00000096","element-6066-11e4-a52e-4f735466cecf":"00000000-0000-048d-ffff-ffff00000096"}}
&amp#27;[38;5;98m[a57e1418]&amp#27;[0m&amp#27;[38;5;-11m[AndroidUiautomator2Driver@692e]&amp#27;[0m Responding to client with driver.findElement() result: {"element-6066-11e4-a52e-4f735466cecf":"00000000-0000-048d-ffff-ffff00000096","ELEMENT":"00000000-0000-048d-ffff-ffff00000096"}
&amp#27;[38;5;98m[a57e1418]&amp#27;[0m&amp#27;[38;5;86m[HTTP]&amp#27;[0m &amp#27;[37m<-- POST /session/a57e1418-86b8-4720-b322-41e6d7d94692/element &amp#27;[39m&amp#27;[32m200&amp#27;[39m &amp#27;[90m106 ms - 137&amp#27;[39m &amp#27;[90m&amp#27;[39m
&amp#27;[38;5;98m[a57e1418]&amp#27;[0m&amp#27;[38;5;86m[HTTP]&amp#27;[0m &amp#27;[37m-->&amp#27;[39m &amp#27;[37mPOST&amp#27;[39m &amp#27;[37m/session/a57e1418-86b8-4720-b322-41e6d7d94692/element/00000000-0000-048d-ffff-ffff00000096/click&amp#27;[39m &amp#27;[90m{"id":"00000000-0000-048d-ffff-ffff00000096"}&amp#27;[39m
&amp#27;[38;5;98m[a57e1418]&amp#27;[0m&amp#27;[38;5;-11m[AndroidUiautomator2Driver@692e]&amp#27;[0m Calling AppiumDriver.click() with args: ["00000000-0000-048d-ffff-ffff00000096","a57e1418-86b8-4720-b322-41e6d7d94692"]
&amp#27;[38;5;98m[a57e1418]&amp#27;[0m&amp#27;[38;5;-11m[AndroidUiautomator2Driver@692e]&amp#27;[0m Matched '/element/00000000-0000-048d-ffff-ffff00000096/click' to command name 'click'
&amp#27;[38;5;98m[a57e1418]&amp#27;[0m&amp#27;[38;5;-11m[AndroidUiautomator2Driver@692e]&amp#27;[0m Proxying [POST /element/00000000-0000-048d-ffff-ffff00000096/click] to [POST http://127.0.0.1:8204/session/ed744b99-d1da-4994-aaaa-a2d253842424/element/00000000-0000-048d-ffff-ffff00000096/click] with body: {"element":"00000000-0000-048d-ffff-ffff00000096"}
&amp#27;[38;5;176m[30bc93a7]&amp#27;[0m&amp#27;[38;5;229m[ADB]&amp#27;[0m Reading package manifest: 'C:\\Users\\Asus\\AppData\\Local\\Android\\Sdk\\build-tools\\35.0.0\\aapt2.exe dump badging C:\\Users\\Asus\\.appium\\node_modules\\appium-uiautomator2-driver\\node_modules\\appium-uiautomator2-server\\apks\\appium-uiautomator2-server-v7.1.7.apk'
&amp#27;[38;5;176m[30bc93a7]&amp#27;[0m&amp#27;[38;5;229m[ADB]&amp#27;[0m 'io.appium.uiautomator2.server.test' is installed
&amp#27;[38;5;98m[a57e1418]&amp#27;[0m&amp#27;[38;5;-11m[AndroidUiautomator2Driver@692e]&amp#27;[0m Got response with status 200: {"sessionId":"ed744b99-d1da-4994-aaaa-a2d253842424","value":null}
&amp#27;[38;5;98m[a57e1418]&amp#27;[0m&amp#27;[38;5;-11m[AndroidUiautomator2Driver@692e]&amp#27;[0m Responding to client with driver.click() result: null
&amp#27;[38;5;98m[a57e1418]&amp#27;[0m&amp#27;[38;5;86m[HTTP]&amp#27;[0m &amp#27;[37m<-- POST /session/a57e1418-86b8-4720-b322-41e6d7d94692/element/00000000-0000-048d-ffff-ffff00000096/click &amp#27;[39m&amp#27;[32m200&amp#27;[39m &amp#27;[90m142 ms - 14&amp#27;[39m &amp#27;[90m&amp#27;[39m
&amp#27;[38;5;98m[a57e1418]&amp#27;[0m&amp#27;[38;5;86m[HTTP]&amp#27;[0m &amp#27;[37m-->&amp#27;[39m &amp#27;[37mPOST&amp#27;[39m &amp#27;[37m/session/a57e1418-86b8-4720-b322-41e6d7d94692/element&amp#27;[39m &amp#27;[90m{"value":"com.android.permissioncontroller:id/permission_allow_foreground_only_button","using":"id"}&amp#27;[39m
&amp#27;[38;5;98m[a57e1418]&amp#27;[0m&amp#27;[38;5;-11m[AndroidUiautomator2Driver@692e]&amp#27;[0m Calling AppiumDriver.findElement() with args: ["id","com.android.permissioncontroller:id/permission_allow_foreground_only_button","a57e1418-86b8-4720-b322-41e6d7d94692"]
&amp#27;[38;5;98m[a57e1418]&amp#27;[0m&amp#27;[38;5;-11m[AndroidUiautomator2Driver@692e]&amp#27;[0m Valid locator strategies for this request: xpath, id, class name, accessibility id, css selector, -android uiautomator
&amp#27;[38;5;98m[a57e1418]&amp#27;[0m&amp#27;[38;5;-11m[AndroidUiautomator2Driver@692e]&amp#27;[0m Waiting up to 0 ms for condition
&amp#27;[38;5;98m[a57e1418]&amp#27;[0m&amp#27;[38;5;-11m[AndroidUiautomator2Driver@692e]&amp#27;[0m Matched '/element' to command name 'findElement'
&amp#27;[38;5;98m[a57e1418]&amp#27;[0m&amp#27;[38;5;-11m[AndroidUiautomator2Driver@692e]&amp#27;[0m Proxying [POST /element] to [POST http://127.0.0.1:8204/session/ed744b99-d1da-4994-aaaa-a2d253842424/element] with body: {"strategy":"id","selector":"com.android.permissioncontroller:id/permission_allow_foreground_only_button","context":"","multiple":false}
&amp#27;[38;5;176m[30bc93a7]&amp#27;[0m&amp#27;[38;5;229m[ADB]&amp#27;[0m The version name of the installed 'io.appium.uiautomator2.server' is greater or equal to the application version name ('7.1.7' >= '7.1.7')
&amp#27;[38;5;176m[30bc93a7]&amp#27;[0m&amp#27;[38;5;0m[AndroidUiautomator2Driver@2ae5]&amp#27;[0m Server packages status: [{"installState":"sameVersionInstalled","appPath":"C:\\Users\\Asus\\.appium\\node_modules\\appium-uiautomator2-driver\\node_modules\\appium-uiautomator2-server\\apks\\appium-uiautomator2-server-v7.1.7.apk","appId":"io.appium.uiautomator2.server"},{"installState":"sameVersionInstalled","appPath":"C:\\Users\\Asus\\.appium\\node_modules\\appium-uiautomator2-driver\\node_modules\\appium-uiautomator2-server\\apks\\appium-uiautomator2-server-debug-androidTest.apk","appId":"io.appium.uiautomator2.server.test"}]
&amp#27;[38;5;176m[30bc93a7]&amp#27;[0m&amp#27;[38;5;0m[AndroidUiautomator2Driver@2ae5]&amp#27;[0m Server packages are not going to be (re)installed
&amp#27;[38;5;176m[30bc93a7]&amp#27;[0m&amp#27;[38;5;0m[AndroidUiautomator2Driver@2ae5]&amp#27;[0m Waiting up to 30000ms for services to be available
&amp#27;[38;5;176m[30bc93a7]&amp#27;[0m&amp#27;[38;5;229m[ADB]&amp#27;[0m Running 'C:\Users\Asus\AppData\Local\Android\Sdk\platform-tools\adb.exe -P 5037 -s emulator-5556 shell pm list instrumentation'
&amp#27;[38;5;176m[30bc93a7]&amp#27;[0m&amp#27;[38;5;0m[AndroidUiautomator2Driver@2ae5]&amp#27;[0m Instrumentation target 'io.appium.uiautomator2.server.test/androidx.test.runner.AndroidJUnitRunner' is available
&amp#27;[38;5;176m[30bc93a7]&amp#27;[0m&amp#27;[38;5;229m[ADB]&amp#27;[0m Adding packages ["io.appium.settings","io.appium.uiautomator2.server","io.appium.uiautomator2.server.test"] to Doze whitelist
&amp#27;[38;5;176m[30bc93a7]&amp#27;[0m&amp#27;[38;5;229m[ADB]&amp#27;[0m Got the following command chunks to execute: [["dumpsys","deviceidle","whitelist","+io.appium.settings",";","dumpsys","deviceidle","whitelist","+io.appium.uiautomator2.server",";","dumpsys","deviceidle","whitelist","+io.appium.uiautomator2.server.test",";"]]
&amp#27;[38;5;176m[30bc93a7]&amp#27;[0m&amp#27;[38;5;229m[ADB]&amp#27;[0m Running 'C:\Users\Asus\AppData\Local\Android\Sdk\platform-tools\adb.exe -P 5037 -s emulator-5556 shell dumpsys deviceidle whitelist +io.appium.settings ; dumpsys deviceidle whitelist +io.appium.uiautomator2.server ; dumpsys deviceidle whitelist +io.appium.uiautomator2.server.test ;'
&amp#27;[38;5;98m[a57e1418]&amp#27;[0m&amp#27;[38;5;-11m[AndroidUiautomator2Driver@692e]&amp#27;[0m Got response with status 404: {"sessionId":"ed744b99-d1da-4994-aaaa-a2d253842424","value":{"error":"no such element","message":"An element could not be located on the page using the given search parameters","stacktrace":"io.appium.uiautomator2.common.exceptions.ElementNotFoundException: An element could not be located on the page using the given search parameters\n\tat io.appium.uiautomator2.handler.FindElement.safeHandle(FindElement.java:63)\n\tat io.appium.uiautomator2.handler.request.SafeRequestHandler.handle(SafeRequestHandler.java:59)\n\tat io.appium.uiautomator2.server.AppiumServlet.handleRequest(AppiumServlet.java:259)\n\tat io.appium.uiautomator2.server.AppiumServlet.handleHttpRequest(AppiumServlet.java:253)\n\tat io.appium.uiautomator2.http.ServerHandler.channelRead(ServerHandler.java:77)\n\tat io.netty.channel.AbstractChannelHandlerContext.invokeChannelRead(AbstractChannelHandlerContext.java:366)\n\tat io.netty.channel.AbstractChannelHandlerContext.invokeChannelRead(AbstractChannelHandlerContext.java:352)\n\tat io.netty.chann...
&amp#27;[38;5;98m[a57e1418]&amp#27;[0m&amp#27;[38;5;123m[W3C]&amp#27;[0m Matched W3C error code 'no such element' to NoSuchElementError
&amp#27;[38;5;98m[a57e1418]&amp#27;[0m&amp#27;[38;5;-11m[AndroidUiautomator2Driver@692e]&amp#27;[0m Encountered internal error running command: NoSuchElementError: An element could not be located on the page using the given search parameters.
    at AndroidUiautomator2Driver.findElOrEls (C:\Users\Asus\.appium\node_modules\appium-uiautomator2-driver\node_modules\appium-android-driver\lib\commands\find.ts:86:11)
    at processTicksAndRejections (node:internal/process/task_queues:105:5)
    at AndroidUiautomator2Driver.findElOrElsWithProcessing (C:\Users\Asus\AppData\Roaming\npm\node_modules\appium\node_modules\@appium\base-driver\lib\basedriver\commands\find.ts:60:12)
    at AndroidUiautomator2Driver.findElement (C:\Users\Asus\AppData\Roaming\npm\node_modules\appium\node_modules\@appium\base-driver\lib\basedriver\commands\find.ts:75:12)
&amp#27;[38;5;98m[a57e1418]&amp#27;[0m&amp#27;[38;5;86m[HTTP]&amp#27;[0m &amp#27;[37m<-- POST /session/a57e1418-86b8-4720-b322-41e6d7d94692/element &amp#27;[39m&amp#27;[33m404&amp#27;[39m &amp#27;[90m263 ms - 888&amp#27;[39m &amp#27;[90m&amp#27;[39m
&amp#27;[38;5;176m[30bc93a7]&amp#27;[0m&amp#27;[38;5;229m[ADB]&amp#27;[0m Using the previously cached signature entry for 'Android-MyDemoAppRN.1.3.0.build-244.apk'
&amp#27;[38;5;176m[30bc93a7]&amp#27;[0m&amp#27;[38;5;229m[ADB]&amp#27;[0m Getting package info for 'com.saucelabs.mydemoapp.rn'
&amp#27;[38;5;176m[30bc93a7]&amp#27;[0m&amp#27;[38;5;229m[ADB]&amp#27;[0m Running 'C:\Users\Asus\AppData\Local\Android\Sdk\platform-tools\adb.exe -P 5037 -s emulator-5556 shell dumpsys package com.saucelabs.mydemoapp.rn'
&amp#27;[38;5;176m[30bc93a7]&amp#27;[0m&amp#27;[38;5;229m[ADB]&amp#27;[0m Reading package manifest: 'C:\\Users\\Asus\\AppData\\Local\\Android\\Sdk\\build-tools\\35.0.0\\aapt2.exe dump badging D:\\EclipseSoftware\\appiumnew\\src\\test\\java\\resources\\Android-MyDemoAppRN.1.3.0.build-244.apk'
&amp#27;[38;5;176m[30bc93a7]&amp#27;[0m&amp#27;[38;5;229m[ADB]&amp#27;[0m The version name of the installed 'com.saucelabs.mydemoapp.rn' is greater or equal to the application version name ('1.3.0' >= '1.3.0')
&amp#27;[38;5;176m[30bc93a7]&amp#27;[0m&amp#27;[38;5;229m[ADB]&amp#27;[0m There is no need to install/upgrade 'D:\EclipseSoftware\appiumnew\src\test\java\resources\Android-MyDemoAppRN.1.3.0.build-244.apk'
&amp#27;[38;5;176m[30bc93a7]&amp#27;[0m&amp#27;[38;5;0m[AndroidUiautomator2Driver@2ae5]&amp#27;[0m Performing fast reset on 'com.saucelabs.mydemoapp.rn'
&amp#27;[38;5;176m[30bc93a7]&amp#27;[0m&amp#27;[38;5;229m[ADB]&amp#27;[0m Getting install status for com.saucelabs.mydemoapp.rn
&amp#27;[38;5;176m[30bc93a7]&amp#27;[0m&amp#27;[38;5;229m[ADB]&amp#27;[0m Running 'C:\Users\Asus\AppData\Local\Android\Sdk\platform-tools\adb.exe -P 5037 -s emulator-5556 shell cmd package list packages'
&amp#27;[38;5;176m[30bc93a7]&amp#27;[0m&amp#27;[38;5;229m[ADB]&amp#27;[0m 'com.saucelabs.mydemoapp.rn' is installed
&amp#27;[38;5;176m[30bc93a7]&amp#27;[0m&amp#27;[38;5;229m[ADB]&amp#27;[0m Running 'C:\Users\Asus\AppData\Local\Android\Sdk\platform-tools\adb.exe -P 5037 -s emulator-5556 shell am force-stop com.saucelabs.mydemoapp.rn'
&amp#27;[38;5;176m[30bc93a7]&amp#27;[0m&amp#27;[38;5;229m[ADB]&amp#27;[0m Running 'C:\Users\Asus\AppData\Local\Android\Sdk\platform-tools\adb.exe -P 5037 -s emulator-5556 shell pm clear com.saucelabs.mydemoapp.rn'
&amp#27;[38;5;98m[a57e1418]&amp#27;[0m&amp#27;[38;5;86m[HTTP]&amp#27;[0m &amp#27;[37m-->&amp#27;[39m &amp#27;[37mPOST&amp#27;[39m &amp#27;[37m/session/a57e1418-86b8-4720-b322-41e6d7d94692/element&amp#27;[39m &amp#27;[90m{"value":"com.android.permissioncontroller:id/permission_allow_foreground_only_button","using":"id"}&amp#27;[39m
&amp#27;[38;5;98m[a57e1418]&amp#27;[0m&amp#27;[38;5;-11m[AndroidUiautomator2Driver@692e]&amp#27;[0m Calling AppiumDriver.findElement() with args: ["id","com.android.permissioncontroller:id/permission_allow_foreground_only_button","a57e1418-86b8-4720-b322-41e6d7d94692"]
&amp#27;[38;5;98m[a57e1418]&amp#27;[0m&amp#27;[38;5;-11m[AndroidUiautomator2Driver@692e]&amp#27;[0m Valid locator strategies for this request: xpath, id, class name, accessibility id, css selector, -android uiautomator
&amp#27;[38;5;98m[a57e1418]&amp#27;[0m&amp#27;[38;5;-11m[AndroidUiautomator2Driver@692e]&amp#27;[0m Waiting up to 0 ms for condition
&amp#27;[38;5;98m[a57e1418]&amp#27;[0m&amp#27;[38;5;-11m[AndroidUiautomator2Driver@692e]&amp#27;[0m Matched '/element' to command name 'findElement'
&amp#27;[38;5;98m[a57e1418]&amp#27;[0m&amp#27;[38;5;-11m[AndroidUiautomator2Driver@692e]&amp#27;[0m Proxying [POST /element] to [POST http://127.0.0.1:8204/session/ed744b99-d1da-4994-aaaa-a2d253842424/element] with body: {"strategy":"id","selector":"com.android.permissioncontroller:id/permission_allow_foreground_only_button","context":"","multiple":false}
&amp#27;[38;5;176m[30bc93a7]&amp#27;[0m&amp#27;[38;5;0m[AndroidUiautomator2Driver@2ae5]&amp#27;[0m Performed fast reset on the installed 'com.saucelabs.mydemoapp.rn' application (stop and clear)
&amp#27;[38;5;176m[30bc93a7]&amp#27;[0m&amp#27;[38;5;0m[AndroidUiautomator2Driver@2ae5]&amp#27;[0m Performing shallow cleanup of automation leftovers
&amp#27;[38;5;176m[30bc93a7]&amp#27;[0m&amp#27;[38;5;0m[AndroidUiautomator2Driver@2ae5]&amp#27;[0m No obsolete sessions have been detected (socket hang up)
&amp#27;[38;5;176m[30bc93a7]&amp#27;[0m&amp#27;[38;5;229m[ADB]&amp#27;[0m Running 'C:\Users\Asus\AppData\Local\Android\Sdk\platform-tools\adb.exe -P 5037 -s emulator-5556 shell am force-stop io.appium.uiautomator2.server'
&amp#27;[38;5;176m[30bc93a7]&amp#27;[0m&amp#27;[38;5;229m[ADB]&amp#27;[0m Running 'C:\Users\Asus\AppData\Local\Android\Sdk\platform-tools\adb.exe -P 5037 -s emulator-5556 shell am force-stop io.appium.uiautomator2.server.test'
&amp#27;[38;5;176m[30bc93a7]&amp#27;[0m&amp#27;[38;5;0m[AndroidUiautomator2Driver@2ae5]&amp#27;[0m Starting UIAutomator2 server 7.1.7
&amp#27;[38;5;176m[30bc93a7]&amp#27;[0m&amp#27;[38;5;0m[AndroidUiautomator2Driver@2ae5]&amp#27;[0m Using UIAutomator2 server from 'C:\Users\Asus\.appium\node_modules\appium-uiautomator2-driver\node_modules\appium-uiautomator2-server\apks\appium-uiautomator2-server-v7.1.7.apk' and test from 'C:\Users\Asus\.appium\node_modules\appium-uiautomator2-driver\node_modules\appium-uiautomator2-server\apks\appium-uiautomator2-server-debug-androidTest.apk'
&amp#27;[38;5;176m[30bc93a7]&amp#27;[0m&amp#27;[38;5;0m[AndroidUiautomator2Driver@2ae5]&amp#27;[0m Waiting up to 30000ms for UiAutomator2 to be online...
&amp#27;[38;5;176m[30bc93a7]&amp#27;[0m&amp#27;[38;5;229m[ADB]&amp#27;[0m Creating ADB subprocess with args: ["-P","5037","-s","emulator-5556","shell","am","instrument","-w","-e","disableAnalytics","true","io.appium.uiautomator2.server.test/androidx.test.runner.AndroidJUnitRunner"]
&amp#27;[38;5;176m[30bc93a7]&amp#27;[0m&amp#27;[38;5;0m[AndroidUiautomator2Driver@2ae5]&amp#27;[0m Matched '/status' to command name 'getStatus'
&amp#27;[38;5;176m[30bc93a7]&amp#27;[0m&amp#27;[38;5;0m[AndroidUiautomator2Driver@2ae5]&amp#27;[0m Proxying [GET /status] to [GET http://127.0.0.1:8203/status] with no body
&amp#27;[38;5;176m[30bc93a7]&amp#27;[0m&amp#27;[38;5;0m[AndroidUiautomator2Driver@2ae5]&amp#27;[0m socket hang up
&amp#27;[38;5;98m[a57e1418]&amp#27;[0m&amp#27;[38;5;-11m[AndroidUiautomator2Driver@692e]&amp#27;[0m Got response with status 200: {"sessionId":"ed744b99-d1da-4994-aaaa-a2d253842424","value":{"ELEMENT":"00000000-0000-048e-ffff-ffff00000497","element-6066-11e4-a52e-4f735466cecf":"00000000-0000-048e-ffff-ffff00000497"}}
&amp#27;[38;5;98m[a57e1418]&amp#27;[0m&amp#27;[38;5;-11m[AndroidUiautomator2Driver@692e]&amp#27;[0m Responding to client with driver.findElement() result: {"element-6066-11e4-a52e-4f735466cecf":"00000000-0000-048e-ffff-ffff00000497","ELEMENT":"00000000-0000-048e-ffff-ffff00000497"}
&amp#27;[38;5;98m[a57e1418]&amp#27;[0m&amp#27;[38;5;86m[HTTP]&amp#27;[0m &amp#27;[37m<-- POST /session/a57e1418-86b8-4720-b322-41e6d7d94692/element &amp#27;[39m&amp#27;[32m200&amp#27;[39m &amp#27;[90m1549 ms - 137&amp#27;[39m &amp#27;[90m&amp#27;[39m
&amp#27;[38;5;98m[a57e1418]&amp#27;[0m&amp#27;[38;5;86m[HTTP]&amp#27;[0m &amp#27;[37m-->&amp#27;[39m &amp#27;[37mGET&amp#27;[39m &amp#27;[37m/session/a57e1418-86b8-4720-b322-41e6d7d94692/element/00000000-0000-048e-ffff-ffff00000497/displayed&amp#27;[39m &amp#27;[90m{}&amp#27;[39m
&amp#27;[38;5;98m[a57e1418]&amp#27;[0m&amp#27;[38;5;-11m[AndroidUiautomator2Driver@692e]&amp#27;[0m Calling AppiumDriver.elementDisplayed() with args: ["00000000-0000-048e-ffff-ffff00000497","a57e1418-86b8-4720-b322-41e6d7d94692"]
&amp#27;[38;5;98m[a57e1418]&amp#27;[0m&amp#27;[38;5;-11m[AndroidUiautomator2Driver@692e]&amp#27;[0m Matched '/element/00000000-0000-048e-ffff-ffff00000497/attribute/displayed' to command name 'getAttribute'
&amp#27;[38;5;98m[a57e1418]&amp#27;[0m&amp#27;[38;5;-11m[AndroidUiautomator2Driver@692e]&amp#27;[0m Proxying [GET /element/00000000-0000-048e-ffff-ffff00000497/attribute/displayed] to [GET http://127.0.0.1:8204/session/ed744b99-d1da-4994-aaaa-a2d253842424/element/00000000-0000-048e-ffff-ffff00000497/attribute/displayed] with no body
&amp#27;[38;5;176m[30bc93a7]&amp#27;[0m&amp#27;[38;5;0m[AndroidUiautomator2Driver@2ae5]&amp#27;[0m Matched '/status' to command name 'getStatus'
&amp#27;[38;5;176m[30bc93a7]&amp#27;[0m&amp#27;[38;5;0m[AndroidUiautomator2Driver@2ae5]&amp#27;[0m Proxying [GET /status] to [GET http://127.0.0.1:8203/status] with no body
&amp#27;[38;5;176m[30bc93a7]&amp#27;[0m&amp#27;[38;5;0m[AndroidUiautomator2Driver@2ae5]&amp#27;[0m socket hang up
&amp#27;[38;5;98m[a57e1418]&amp#27;[0m&amp#27;[38;5;-11m[AndroidUiautomator2Driver@692e]&amp#27;[0m Got response with status 200: {"sessionId":"ed744b99-d1da-4994-aaaa-a2d253842424","value":"true"}
&amp#27;[38;5;98m[a57e1418]&amp#27;[0m&amp#27;[38;5;-11m[AndroidUiautomator2Driver@692e]&amp#27;[0m Responding to client with driver.elementDisplayed() result: true
&amp#27;[38;5;98m[a57e1418]&amp#27;[0m&amp#27;[38;5;86m[HTTP]&amp#27;[0m &amp#27;[37m<-- GET /session/a57e1418-86b8-4720-b322-41e6d7d94692/element/00000000-0000-048e-ffff-ffff00000497/displayed &amp#27;[39m&amp#27;[32m200&amp#27;[39m &amp#27;[90m406 ms - 14&amp#27;[39m &amp#27;[90m&amp#27;[39m
&amp#27;[38;5;98m[a57e1418]&amp#27;[0m&amp#27;[38;5;86m[HTTP]&amp#27;[0m &amp#27;[37m-->&amp#27;[39m &amp#27;[37mGET&amp#27;[39m &amp#27;[37m/session/a57e1418-86b8-4720-b322-41e6d7d94692/element/00000000-0000-048e-ffff-ffff00000497/enabled&amp#27;[39m &amp#27;[90m{}&amp#27;[39m
&amp#27;[38;5;98m[a57e1418]&amp#27;[0m&amp#27;[38;5;-11m[AndroidUiautomator2Driver@692e]&amp#27;[0m Calling AppiumDriver.elementEnabled() with args: ["00000000-0000-048e-ffff-ffff00000497","a57e1418-86b8-4720-b322-41e6d7d94692"]
&amp#27;[38;5;98m[a57e1418]&amp#27;[0m&amp#27;[38;5;-11m[AndroidUiautomator2Driver@692e]&amp#27;[0m Matched '/element/00000000-0000-048e-ffff-ffff00000497/attribute/enabled' to command name 'getAttribute'
&amp#27;[38;5;98m[a57e1418]&amp#27;[0m&amp#27;[38;5;-11m[AndroidUiautomator2Driver@692e]&amp#27;[0m Proxying [GET /element/00000000-0000-048e-ffff-ffff00000497/attribute/enabled] to [GET http://127.0.0.1:8204/session/ed744b99-d1da-4994-aaaa-a2d253842424/element/00000000-0000-048e-ffff-ffff00000497/attribute/enabled] with no body
&amp#27;[38;5;98m[a57e1418]&amp#27;[0m&amp#27;[38;5;-11m[AndroidUiautomator2Driver@692e]&amp#27;[0m Got response with status 200: {"sessionId":"ed744b99-d1da-4994-aaaa-a2d253842424","value":"true"}
&amp#27;[38;5;98m[a57e1418]&amp#27;[0m&amp#27;[38;5;-11m[AndroidUiautomator2Driver@692e]&amp#27;[0m Responding to client with driver.elementEnabled() result: true
&amp#27;[38;5;98m[a57e1418]&amp#27;[0m&amp#27;[38;5;86m[HTTP]&amp#27;[0m &amp#27;[37m<-- GET /session/a57e1418-86b8-4720-b322-41e6d7d94692/element/00000000-0000-048e-ffff-ffff00000497/enabled &amp#27;[39m&amp#27;[32m200&amp#27;[39m &amp#27;[90m43 ms - 14&amp#27;[39m &amp#27;[90m&amp#27;[39m
&amp#27;[38;5;98m[a57e1418]&amp#27;[0m&amp#27;[38;5;86m[HTTP]&amp#27;[0m &amp#27;[37m-->&amp#27;[39m &amp#27;[37mPOST&amp#27;[39m &amp#27;[37m/session/a57e1418-86b8-4720-b322-41e6d7d94692/element&amp#27;[39m &amp#27;[90m{"value":"com.android.permissioncontroller:id/permission_allow_foreground_only_button","using":"id"}&amp#27;[39m
&amp#27;[38;5;98m[a57e1418]&amp#27;[0m&amp#27;[38;5;-11m[AndroidUiautomator2Driver@692e]&amp#27;[0m Calling AppiumDriver.findElement() with args: ["id","com.android.permissioncontroller:id/permission_allow_foreground_only_button","a57e1418-86b8-4720-b322-41e6d7d94692"]
&amp#27;[38;5;98m[a57e1418]&amp#27;[0m&amp#27;[38;5;-11m[AndroidUiautomator2Driver@692e]&amp#27;[0m Valid locator strategies for this request: xpath, id, class name, accessibility id, css selector, -android uiautomator
&amp#27;[38;5;98m[a57e1418]&amp#27;[0m&amp#27;[38;5;-11m[AndroidUiautomator2Driver@692e]&amp#27;[0m Waiting up to 0 ms for condition
&amp#27;[38;5;98m[a57e1418]&amp#27;[0m&amp#27;[38;5;-11m[AndroidUiautomator2Driver@692e]&amp#27;[0m Matched '/element' to command name 'findElement'
&amp#27;[38;5;98m[a57e1418]&amp#27;[0m&amp#27;[38;5;-11m[AndroidUiautomator2Driver@692e]&amp#27;[0m Proxying [POST /element] to [POST http://127.0.0.1:8204/session/ed744b99-d1da-4994-aaaa-a2d253842424/element] with body: {"strategy":"id","selector":"com.android.permissioncontroller:id/permission_allow_foreground_only_button","context":"","multiple":false}
&amp#27;[38;5;98m[a57e1418]&amp#27;[0m&amp#27;[38;5;-11m[AndroidUiautomator2Driver@692e]&amp#27;[0m Got response with status 200: {"sessionId":"ed744b99-d1da-4994-aaaa-a2d253842424","value":{"ELEMENT":"00000000-0000-048e-ffff-ffff00000497","element-6066-11e4-a52e-4f735466cecf":"00000000-0000-048e-ffff-ffff00000497"}}
&amp#27;[38;5;98m[a57e1418]&amp#27;[0m&amp#27;[38;5;-11m[AndroidUiautomator2Driver@692e]&amp#27;[0m Responding to client with driver.findElement() result: {"element-6066-11e4-a52e-4f735466cecf":"00000000-0000-048e-ffff-ffff00000497","ELEMENT":"00000000-0000-048e-ffff-ffff00000497"}
&amp#27;[38;5;98m[a57e1418]&amp#27;[0m&amp#27;[38;5;86m[HTTP]&amp#27;[0m &amp#27;[37m<-- POST /session/a57e1418-86b8-4720-b322-41e6d7d94692/element &amp#27;[39m&amp#27;[32m200&amp#27;[39m &amp#27;[90m58 ms - 137&amp#27;[39m &amp#27;[90m&amp#27;[39m
&amp#27;[38;5;98m[a57e1418]&amp#27;[0m&amp#27;[38;5;86m[HTTP]&amp#27;[0m &amp#27;[37m-->&amp#27;[39m &amp#27;[37mPOST&amp#27;[39m &amp#27;[37m/session/a57e1418-86b8-4720-b322-41e6d7d94692/element/00000000-0000-048e-ffff-ffff00000497/click&amp#27;[39m &amp#27;[90m{"id":"00000000-0000-048e-ffff-ffff00000497"}&amp#27;[39m
&amp#27;[38;5;98m[a57e1418]&amp#27;[0m&amp#27;[38;5;-11m[AndroidUiautomator2Driver@692e]&amp#27;[0m Calling AppiumDriver.click() with args: ["00000000-0000-048e-ffff-ffff00000497","a57e1418-86b8-4720-b322-41e6d7d94692"]
&amp#27;[38;5;98m[a57e1418]&amp#27;[0m&amp#27;[38;5;-11m[AndroidUiautomator2Driver@692e]&amp#27;[0m Matched '/element/00000000-0000-048e-ffff-ffff00000497/click' to command name 'click'
&amp#27;[38;5;98m[a57e1418]&amp#27;[0m&amp#27;[38;5;-11m[AndroidUiautomator2Driver@692e]&amp#27;[0m Proxying [POST /element/00000000-0000-048e-ffff-ffff00000497/click] to [POST http://127.0.0.1:8204/session/ed744b99-d1da-4994-aaaa-a2d253842424/element/00000000-0000-048e-ffff-ffff00000497/click] with body: {"element":"00000000-0000-048e-ffff-ffff00000497"}
&amp#27;[38;5;98m[a57e1418]&amp#27;[0m&amp#27;[38;5;-11m[AndroidUiautomator2Driver@692e]&amp#27;[0m Got response with status 200: {"sessionId":"ed744b99-d1da-4994-aaaa-a2d253842424","value":null}
&amp#27;[38;5;98m[a57e1418]&amp#27;[0m&amp#27;[38;5;-11m[AndroidUiautomator2Driver@692e]&amp#27;[0m Responding to client with driver.click() result: null
&amp#27;[38;5;98m[a57e1418]&amp#27;[0m&amp#27;[38;5;86m[HTTP]&amp#27;[0m &amp#27;[37m<-- POST /session/a57e1418-86b8-4720-b322-41e6d7d94692/element/00000000-0000-048e-ffff-ffff00000497/click &amp#27;[39m&amp#27;[32m200&amp#27;[39m &amp#27;[90m142 ms - 14&amp#27;[39m &amp#27;[90m&amp#27;[39m
&amp#27;[38;5;176m[30bc93a7]&amp#27;[0m&amp#27;[38;5;0m[AndroidUiautomator2Driver@2ae5]&amp#27;[0m Matched '/status' to command name 'getStatus'
&amp#27;[38;5;176m[30bc93a7]&amp#27;[0m&amp#27;[38;5;0m[AndroidUiautomator2Driver@2ae5]&amp#27;[0m Proxying [GET /status] to [GET http://127.0.0.1:8203/status] with no body
&amp#27;[38;5;176m[30bc93a7]&amp#27;[0m&amp#27;[38;5;0m[AndroidUiautomator2Driver@2ae5]&amp#27;[0m socket hang up
&amp#27;[38;5;176m[30bc93a7]&amp#27;[0m&amp#27;[38;5;0m[AndroidUiautomator2Driver@2ae5]&amp#27;[0m Matched '/status' to command name 'getStatus'
&amp#27;[38;5;176m[30bc93a7]&amp#27;[0m&amp#27;[38;5;0m[AndroidUiautomator2Driver@2ae5]&amp#27;[0m Proxying [GET /status] to [GET http://127.0.0.1:8203/status] with no body
&amp#27;[38;5;176m[30bc93a7]&amp#27;[0m&amp#27;[38;5;0m[AndroidUiautomator2Driver@2ae5]&amp#27;[0m socket hang up
&amp#27;[38;5;176m[30bc93a7]&amp#27;[0m&amp#27;[38;5;0m[AndroidUiautomator2Driver@2ae5]&amp#27;[0m [Instrumentation] 
&amp#27;[38;5;176m[30bc93a7]&amp#27;[0m&amp#27;[38;5;0m[AndroidUiautomator2Driver@2ae5]&amp#27;[0m Matched '/status' to command name 'getStatus'
&amp#27;[38;5;176m[30bc93a7]&amp#27;[0m&amp#27;[38;5;0m[AndroidUiautomator2Driver@2ae5]&amp#27;[0m Proxying [GET /status] to [GET http://127.0.0.1:8203/status] with no body
&amp#27;[38;5;176m[30bc93a7]&amp#27;[0m&amp#27;[38;5;0m[AndroidUiautomator2Driver@2ae5]&amp#27;[0m socket hang up
&amp#27;[38;5;176m[30bc93a7]&amp#27;[0m&amp#27;[38;5;0m[AndroidUiautomator2Driver@2ae5]&amp#27;[0m Matched '/status' to command name 'getStatus'
&amp#27;[38;5;176m[30bc93a7]&amp#27;[0m&amp#27;[38;5;0m[AndroidUiautomator2Driver@2ae5]&amp#27;[0m Proxying [GET /status] to [GET http://127.0.0.1:8203/status] with no body
&amp#27;[38;5;176m[30bc93a7]&amp#27;[0m&amp#27;[38;5;0m[AndroidUiautomator2Driver@2ae5]&amp#27;[0m socket hang up
&amp#27;[38;5;176m[30bc93a7]&amp#27;[0m&amp#27;[38;5;0m[AndroidUiautomator2Driver@2ae5]&amp#27;[0m Matched '/status' to command name 'getStatus'
&amp#27;[38;5;176m[30bc93a7]&amp#27;[0m&amp#27;[38;5;0m[AndroidUiautomator2Driver@2ae5]&amp#27;[0m Proxying [GET /status] to [GET http://127.0.0.1:8203/status] with no body
&amp#27;[38;5;176m[30bc93a7]&amp#27;[0m&amp#27;[38;5;0m[AndroidUiautomator2Driver@2ae5]&amp#27;[0m Got response with status 200: {"sessionId":"None","value":{"message":"UiAutomator2 Server is ready to accept commands","ready":true}}
&amp#27;[38;5;176m[30bc93a7]&amp#27;[0m&amp#27;[38;5;0m[AndroidUiautomator2Driver@2ae5]&amp#27;[0m The initialization of the instrumentation process took 6450ms
&amp#27;[38;5;176m[30bc93a7]&amp#27;[0m&amp#27;[38;5;0m[AndroidUiautomator2Driver@2ae5]&amp#27;[0m Matched '/session' to command name 'createSession'
&amp#27;[38;5;176m[30bc93a7]&amp#27;[0m&amp#27;[38;5;0m[AndroidUiautomator2Driver@2ae5]&amp#27;[0m Proxying [POST /session] to [POST http://127.0.0.1:8203/session] with body: {"capabilities":{"firstMatch":[{"platformName":"ANDROID","udid":"emulator-5556","uiautomator2ServerLaunchTimeout":30000,"deviceName":"emulator-5556","automationName":"UIAutomator2","app":"D:\\EclipseSoftware\\appiumnew\\src\\test\\java\\resources\\Android-MyDemoAppRN.1.3.0.build-244.apk","uiautomator2ServerInstallTimeout":30000,"uiautomator2ServerReadTimeout":30000,"platform":"LINUX","webStorageEnabled":false,"takesScreenshot":true,"javascriptEnabled":true,"databaseEnabled":false,"networkConnectionEnabled":true,"locationContextEnabled":false,"warnings":{},"desired":{"platformName":"ANDROID","udid":"emulator-5556","uiautomator2ServerLaunchTimeout":30000,"deviceName":"Second-Emulator","automationName":"UIAutomator2","app":"D:\\EclipseSoftware\\appiumnew\\src\\test\\java\\resources\\Android-MyDemoAppRN.1.3.0.build-244.apk","uiautomator2ServerInstallTimeout":30000,"uiautomator2ServerReadTimeout":30000},"deviceUDID":"emulator-5556","appPackage":"com.saucelabs.mydemoapp.rn"}],"alwaysMatch":{}}}
&amp#27;[38;5;176m[30bc93a7]&amp#27;[0m&amp#27;[38;5;0m[AndroidUiautomator2Driver@2ae5]&amp#27;[0m Got response with status 200: {"sessionId":"57232c94-e046-4eb6-b35b-11dc44054c38","value":{"capabilities":{"firstMatch":[{"platformName":"ANDROID","udid":"emulator-5556","uiautomator2ServerLaunchTimeout":30000,"deviceName":"emulator-5556","automationName":"UIAutomator2","app":"D:\\EclipseSoftware\\appiumnew\\src\\test\\java\\resources\\Android-MyDemoAppRN.1.3.0.build-244.apk","uiautomator2ServerInstallTimeout":30000,"uiautomator2ServerReadTimeout":30000,"platform":"LINUX","webStorageEnabled":false,"takesScreenshot":true,"javascriptEnabled":true,"databaseEnabled":false,"networkConnectionEnabled":true,"locationContextEnabled":false,"warnings":{},"desired":{"platformName":"ANDROID","udid":"emulator-5556","uiautomator2ServerLaunchTimeout":30000,"deviceName":"Second-Emulator","automationName":"UIAutomator2","app":"D:\\EclipseSoftware\\appiumnew\\src\\test\\java\\resources\\Android-MyDemoAppRN.1.3.0.build-244.apk","uiautomator2ServerInstallTimeout":30000,"uiautomator2ServerReadTimeout":30000},"deviceUDID":"emulator-5556","appPackage":"com.sa...
&amp#27;[38;5;176m[30bc93a7]&amp#27;[0m&amp#27;[38;5;0m[AndroidUiautomator2Driver@2ae5]&amp#27;[0m Determined the downstream protocol as 'W3C'
&amp#27;[38;5;176m[30bc93a7]&amp#27;[0m&amp#27;[38;5;0m[AndroidUiautomator2Driver@2ae5]&amp#27;[0m Proxying [GET /appium/device/pixel_ratio] to [GET http://127.0.0.1:8203/session/57232c94-e046-4eb6-b35b-11dc44054c38/appium/device/pixel_ratio] with no body
&amp#27;[38;5;176m[30bc93a7]&amp#27;[0m&amp#27;[38;5;0m[AndroidUiautomator2Driver@2ae5]&amp#27;[0m Matched '/appium/device/system_bars' to command name 'getSystemBars'
&amp#27;[38;5;176m[30bc93a7]&amp#27;[0m&amp#27;[38;5;0m[AndroidUiautomator2Driver@2ae5]&amp#27;[0m Proxying [GET /appium/device/system_bars] to [GET http://127.0.0.1:8203/session/57232c94-e046-4eb6-b35b-11dc44054c38/appium/device/system_bars] with no body
&amp#27;[38;5;176m[30bc93a7]&amp#27;[0m&amp#27;[38;5;0m[AndroidUiautomator2Driver@2ae5]&amp#27;[0m Matched '/window/current/size' to command name 'getWindowSize'
&amp#27;[38;5;176m[30bc93a7]&amp#27;[0m&amp#27;[38;5;0m[AndroidUiautomator2Driver@2ae5]&amp#27;[0m Proxying [GET /window/current/size] to [GET http://127.0.0.1:8203/session/57232c94-e046-4eb6-b35b-11dc44054c38/window/current/size] with no body
&amp#27;[38;5;176m[30bc93a7]&amp#27;[0m&amp#27;[38;5;0m[AndroidUiautomator2Driver@2ae5]&amp#27;[0m Proxying [GET /appium/device/info] to [GET http://127.0.0.1:8203/session/57232c94-e046-4eb6-b35b-11dc44054c38/appium/device/info] with no body
&amp#27;[38;5;176m[30bc93a7]&amp#27;[0m&amp#27;[38;5;229m[ADB]&amp#27;[0m Running 'C:\Users\Asus\AppData\Local\Android\Sdk\platform-tools\adb.exe -P 5037 -s emulator-5556 shell dumpsys window'
&amp#27;[38;5;176m[30bc93a7]&amp#27;[0m&amp#27;[38;5;229m[ADB]&amp#27;[0m Running 'C:\Users\Asus\AppData\Local\Android\Sdk\platform-tools\adb.exe -P 5037 -s emulator-5556 shell dumpsys power'
&amp#27;[38;5;98m[a57e1418]&amp#27;[0m&amp#27;[38;5;86m[HTTP]&amp#27;[0m &amp#27;[37m-->&amp#27;[39m &amp#27;[37mPOST&amp#27;[39m &amp#27;[37m/session/a57e1418-86b8-4720-b322-41e6d7d94692/element&amp#27;[39m &amp#27;[90m{"value":"latitude data","using":"accessibility id"}&amp#27;[39m
&amp#27;[38;5;98m[a57e1418]&amp#27;[0m&amp#27;[38;5;-11m[AndroidUiautomator2Driver@692e]&amp#27;[0m Calling AppiumDriver.findElement() with args: ["accessibility id","latitude data","a57e1418-86b8-4720-b322-41e6d7d94692"]
&amp#27;[38;5;98m[a57e1418]&amp#27;[0m&amp#27;[38;5;-11m[AndroidUiautomator2Driver@692e]&amp#27;[0m Valid locator strategies for this request: xpath, id, class name, accessibility id, css selector, -android uiautomator
&amp#27;[38;5;98m[a57e1418]&amp#27;[0m&amp#27;[38;5;-11m[AndroidUiautomator2Driver@692e]&amp#27;[0m Waiting up to 0 ms for condition
&amp#27;[38;5;98m[a57e1418]&amp#27;[0m&amp#27;[38;5;-11m[AndroidUiautomator2Driver@692e]&amp#27;[0m Matched '/element' to command name 'findElement'
&amp#27;[38;5;98m[a57e1418]&amp#27;[0m&amp#27;[38;5;-11m[AndroidUiautomator2Driver@692e]&amp#27;[0m Proxying [POST /element] to [POST http://127.0.0.1:8204/session/ed744b99-d1da-4994-aaaa-a2d253842424/element] with body: {"strategy":"accessibility id","selector":"latitude data","context":"","multiple":false}
&amp#27;[38;5;176m[30bc93a7]&amp#27;[0m&amp#27;[38;5;0m[AndroidUiautomator2Driver@2ae5]&amp#27;[0m Got response with status 200: {"sessionId":"57232c94-e046-4eb6-b35b-11dc44054c38","value":3}
&amp#27;[38;5;176m[30bc93a7]&amp#27;[0m&amp#27;[38;5;0m[AndroidUiautomator2Driver@2ae5]&amp#27;[0m Got response with status 200: {"sessionId":"57232c94-e046-4eb6-b35b-11dc44054c38","value":{"statusBar":156}}
&amp#27;[38;5;98m[a57e1418]&amp#27;[0m&amp#27;[38;5;-11m[AndroidUiautomator2Driver@692e]&amp#27;[0m Got response with status 200: {"sessionId":"ed744b99-d1da-4994-aaaa-a2d253842424","value":{"ELEMENT":"00000000-0000-048d-ffff-ffff000000c4","element-6066-11e4-a52e-4f735466cecf":"00000000-0000-048d-ffff-ffff000000c4"}}
&amp#27;[38;5;98m[a57e1418]&amp#27;[0m&amp#27;[38;5;-11m[AndroidUiautomator2Driver@692e]&amp#27;[0m Responding to client with driver.findElement() result: {"element-6066-11e4-a52e-4f735466cecf":"00000000-0000-048d-ffff-ffff000000c4","ELEMENT":"00000000-0000-048d-ffff-ffff000000c4"}
&amp#27;[38;5;98m[a57e1418]&amp#27;[0m&amp#27;[38;5;86m[HTTP]&amp#27;[0m &amp#27;[37m<-- POST /session/a57e1418-86b8-4720-b322-41e6d7d94692/element &amp#27;[39m&amp#27;[32m200&amp#27;[39m &amp#27;[90m95 ms - 137&amp#27;[39m &amp#27;[90m&amp#27;[39m
&amp#27;[38;5;98m[a57e1418]&amp#27;[0m&amp#27;[38;5;86m[HTTP]&amp#27;[0m &amp#27;[37m-->&amp#27;[39m &amp#27;[37mGET&amp#27;[39m &amp#27;[37m/session/a57e1418-86b8-4720-b322-41e6d7d94692/element/00000000-0000-048d-ffff-ffff000000c4/text&amp#27;[39m &amp#27;[90m{}&amp#27;[39m
&amp#27;[38;5;98m[a57e1418]&amp#27;[0m&amp#27;[38;5;-11m[AndroidUiautomator2Driver@692e]&amp#27;[0m Driver proxy active, passing request on via HTTP proxy
&amp#27;[38;5;98m[a57e1418]&amp#27;[0m&amp#27;[38;5;-11m[AndroidUiautomator2Driver@692e]&amp#27;[0m Matched '/session/a57e1418-86b8-4720-b322-41e6d7d94692/element/00000000-0000-048d-ffff-ffff000000c4/text' to command name 'getText'
&amp#27;[38;5;98m[a57e1418]&amp#27;[0m&amp#27;[38;5;-11m[AndroidUiautomator2Driver@692e]&amp#27;[0m Proxying [GET /session/a57e1418-86b8-4720-b322-41e6d7d94692/element/00000000-0000-048d-ffff-ffff000000c4/text] to [GET http://127.0.0.1:8204/session/ed744b99-d1da-4994-aaaa-a2d253842424/element/00000000-0000-048d-ffff-ffff000000c4/text] with no body
&amp#27;[38;5;176m[30bc93a7]&amp#27;[0m&amp#27;[38;5;0m[AndroidUiautomator2Driver@2ae5]&amp#27;[0m Got response with status 200: {"sessionId":"57232c94-e046-4eb6-b35b-11dc44054c38","value":{"height":2856,"width":1280}}
&amp#27;[38;5;98m[a57e1418]&amp#27;[0m&amp#27;[38;5;-11m[AndroidUiautomator2Driver@692e]&amp#27;[0m Got response with status 200: {"sessionId":"ed744b99-d1da-4994-aaaa-a2d253842424","value":"37.4220936"}
&amp#27;[38;5;98m[a57e1418]&amp#27;[0m&amp#27;[38;5;-11m[AndroidUiautomator2Driver@692e]&amp#27;[0m Replacing sessionId ed744b99-d1da-4994-aaaa-a2d253842424 with a57e1418-86b8-4720-b322-41e6d7d94692
&amp#27;[38;5;98m[a57e1418]&amp#27;[0m&amp#27;[38;5;86m[HTTP]&amp#27;[0m &amp#27;[37m<-- GET /session/a57e1418-86b8-4720-b322-41e6d7d94692/element/00000000-0000-048d-ffff-ffff000000c4/text &amp#27;[39m&amp#27;[32m200&amp#27;[39m &amp#27;[90m56 ms - 73&amp#27;[39m &amp#27;[90m&amp#27;[39m
Latitude is : 37.4220936
&amp#27;[38;5;98m[a57e1418]&amp#27;[0m&amp#27;[38;5;86m[HTTP]&amp#27;[0m &amp#27;[37m-->&amp#27;[39m &amp#27;[37mPOST&amp#27;[39m &amp#27;[37m/session/a57e1418-86b8-4720-b322-41e6d7d94692/element&amp#27;[39m &amp#27;[90m{"value":"longitude data","using":"accessibility id"}&amp#27;[39m
&amp#27;[38;5;98m[a57e1418]&amp#27;[0m&amp#27;[38;5;-11m[AndroidUiautomator2Driver@692e]&amp#27;[0m Calling AppiumDriver.findElement() with args: ["accessibility id","longitude data","a57e1418-86b8-4720-b322-41e6d7d94692"]
&amp#27;[38;5;98m[a57e1418]&amp#27;[0m&amp#27;[38;5;-11m[AndroidUiautomator2Driver@692e]&amp#27;[0m Valid locator strategies for this request: xpath, id, class name, accessibility id, css selector, -android uiautomator
&amp#27;[38;5;98m[a57e1418]&amp#27;[0m&amp#27;[38;5;-11m[AndroidUiautomator2Driver@692e]&amp#27;[0m Waiting up to 0 ms for condition
&amp#27;[38;5;98m[a57e1418]&amp#27;[0m&amp#27;[38;5;-11m[AndroidUiautomator2Driver@692e]&amp#27;[0m Matched '/element' to command name 'findElement'
&amp#27;[38;5;98m[a57e1418]&amp#27;[0m&amp#27;[38;5;-11m[AndroidUiautomator2Driver@692e]&amp#27;[0m Proxying [POST /element] to [POST http://127.0.0.1:8204/session/ed744b99-d1da-4994-aaaa-a2d253842424/element] with body: {"strategy":"accessibility id","selector":"longitude data","context":"","multiple":false}
&amp#27;[38;5;176m[30bc93a7]&amp#27;[0m&amp#27;[38;5;0m[AndroidUiautomator2Driver@2ae5]&amp#27;[0m Got response with status 200: {"sessionId":"57232c94-e046-4eb6-b35b-11dc44054c38","value":{"androidId":"205dd8db15f33d83","apiVersion":"35","bluetooth":{"state":"ON"},"brand":"google","carrierName":"T-Mobile","displayDensity":480,"locale":"en_US","manufacturer":"Google","model":"sdk_gphone64_x86_64","networks":[{"capabilities":{"SSID":null,"linkDownBandwidthKbps":4300,"linkUpstreamBandwidthKbps":1800,"networkCapabilities":"NET_CAPABILITY_MMS,NET_CAPABILITY_SUPL,NET_CAPABILITY_IA,NET_CAPABILITY_XCAP,NET_CAPABILITY_INTERNET,NET_CAPABILITY_NOT_RESTRICTED,NET_CAPABILITY_TRUSTED,NET_CAPABILITY_NOT_VPN,NET_CAPABILITY_VALIDATED,NET_CAPABILITY_NOT_ROAMING,NET_CAPABILITY_NOT_CONGESTED,NET_CAPABILITY_NOT_SUSPENDED","signalStrength":-2147483648,"transportTypes":"TRANSPORT_CELLULAR"},"detailedState":"CONNECTED","extraInfo":"fast.t-mobile.com","isAvailable":true,"isConnected":true,"isFailover":false,"isRoaming":false,"state":"CONNECTED","subtype":10,"subtypeName":"HSPA","type":0,"typeName":"MOBILE"},{"capabilities":{"SSID":null,"linkDownBandwidthKb...
&amp#27;[38;5;98m[a57e1418]&amp#27;[0m&amp#27;[38;5;-11m[AndroidUiautomator2Driver@692e]&amp#27;[0m Got response with status 200: {"sessionId":"ed744b99-d1da-4994-aaaa-a2d253842424","value":{"ELEMENT":"00000000-0000-048d-ffff-ffff000000c6","element-6066-11e4-a52e-4f735466cecf":"00000000-0000-048d-ffff-ffff000000c6"}}
&amp#27;[38;5;98m[a57e1418]&amp#27;[0m&amp#27;[38;5;-11m[AndroidUiautomator2Driver@692e]&amp#27;[0m Responding to client with driver.findElement() result: {"element-6066-11e4-a52e-4f735466cecf":"00000000-0000-048d-ffff-ffff000000c6","ELEMENT":"00000000-0000-048d-ffff-ffff000000c6"}
&amp#27;[38;5;98m[a57e1418]&amp#27;[0m&amp#27;[38;5;86m[HTTP]&amp#27;[0m &amp#27;[37m<-- POST /session/a57e1418-86b8-4720-b322-41e6d7d94692/element &amp#27;[39m&amp#27;[32m200&amp#27;[39m &amp#27;[90m178 ms - 137&amp#27;[39m &amp#27;[90m&amp#27;[39m
&amp#27;[38;5;98m[a57e1418]&amp#27;[0m&amp#27;[38;5;86m[HTTP]&amp#27;[0m &amp#27;[37m-->&amp#27;[39m &amp#27;[37mGET&amp#27;[39m &amp#27;[37m/session/a57e1418-86b8-4720-b322-41e6d7d94692/element/00000000-0000-048d-ffff-ffff000000c6/text&amp#27;[39m &amp#27;[90m{}&amp#27;[39m
&amp#27;[38;5;98m[a57e1418]&amp#27;[0m&amp#27;[38;5;-11m[AndroidUiautomator2Driver@692e]&amp#27;[0m Driver proxy active, passing request on via HTTP proxy
&amp#27;[38;5;98m[a57e1418]&amp#27;[0m&amp#27;[38;5;-11m[AndroidUiautomator2Driver@692e]&amp#27;[0m Matched '/session/a57e1418-86b8-4720-b322-41e6d7d94692/element/00000000-0000-048d-ffff-ffff000000c6/text' to command name 'getText'
&amp#27;[38;5;98m[a57e1418]&amp#27;[0m&amp#27;[38;5;-11m[AndroidUiautomator2Driver@692e]&amp#27;[0m Proxying [GET /session/a57e1418-86b8-4720-b322-41e6d7d94692/element/00000000-0000-048d-ffff-ffff000000c6/text] to [GET http://127.0.0.1:8204/session/ed744b99-d1da-4994-aaaa-a2d253842424/element/00000000-0000-048d-ffff-ffff000000c6/text] with no body
&amp#27;[38;5;98m[a57e1418]&amp#27;[0m&amp#27;[38;5;-11m[AndroidUiautomator2Driver@692e]&amp#27;[0m Got response with status 200: {"sessionId":"ed744b99-d1da-4994-aaaa-a2d253842424","value":"-122.083922"}
&amp#27;[38;5;98m[a57e1418]&amp#27;[0m&amp#27;[38;5;-11m[AndroidUiautomator2Driver@692e]&amp#27;[0m Replacing sessionId ed744b99-d1da-4994-aaaa-a2d253842424 with a57e1418-86b8-4720-b322-41e6d7d94692
&amp#27;[38;5;98m[a57e1418]&amp#27;[0m&amp#27;[38;5;86m[HTTP]&amp#27;[0m &amp#27;[37m<-- GET /session/a57e1418-86b8-4720-b322-41e6d7d94692/element/00000000-0000-048d-ffff-ffff000000c6/text &amp#27;[39m&amp#27;[32m200&amp#27;[39m &amp#27;[90m43 ms - 74&amp#27;[39m &amp#27;[90m&amp#27;[39m
Longitude is : -122.083922
]]></system-out>
  </testcase>
  <testcase name="logoutTestCase" classname="haidaraliappium.LogoutTest" time="5.847">
    <system-out><![CDATA[&amp#27;[38;5;98m[a57e1418]&amp#27;[0m&amp#27;[38;5;86m[HTTP]&amp#27;[0m &amp#27;[37m-->&amp#27;[39m &amp#27;[37mDELETE&amp#27;[39m &amp#27;[37m/session/a57e1418-86b8-4720-b322-41e6d7d94692&amp#27;[39m &amp#27;[90m{}&amp#27;[39m
&amp#27;[38;5;98m[a57e1418]&amp#27;[0m&amp#27;[38;5;-11m[AndroidUiautomator2Driver@692e]&amp#27;[0m Calling AppiumDriver.deleteSession() with args: ["a57e1418-86b8-4720-b322-41e6d7d94692"]
&amp#27;[38;5;98m[a57e1418]&amp#27;[0m&amp#27;[38;5;221m[AppiumDriver@a6dd]&amp#27;[0m Event 'quitSessionRequested' logged at 1751283508550 (17:08:28 GMT+0530 (India Standard Time))
&amp#27;[38;5;98m[a57e1418]&amp#27;[0m&amp#27;[38;5;221m[AppiumDriver@a6dd]&amp#27;[0m Removing session a57e1418-86b8-4720-b322-41e6d7d94692 from our master session list
&amp#27;[38;5;98m[a57e1418]&amp#27;[0m&amp#27;[38;5;-11m[AndroidUiautomator2Driver@692e]&amp#27;[0m Deleting UiAutomator2 session
&amp#27;[38;5;98m[a57e1418]&amp#27;[0m&amp#27;[38;5;-11m[AndroidUiautomator2Driver@692e]&amp#27;[0m Deleting UiAutomator2 server session
&amp#27;[38;5;98m[a57e1418]&amp#27;[0m&amp#27;[38;5;-11m[AndroidUiautomator2Driver@692e]&amp#27;[0m Matched '/' to command name 'deleteSession'
&amp#27;[38;5;98m[a57e1418]&amp#27;[0m&amp#27;[38;5;-11m[AndroidUiautomator2Driver@692e]&amp#27;[0m Proxying [DELETE /] to [DELETE http://127.0.0.1:8204/session/ed744b99-d1da-4994-aaaa-a2d253842424] with no body
&amp#27;[38;5;98m[a57e1418]&amp#27;[0m&amp#27;[38;5;-11m[AndroidUiautomator2Driver@692e]&amp#27;[0m Got response with status 200: {"sessionId":"ed744b99-d1da-4994-aaaa-a2d253842424","value":null}
&amp#27;[38;5;98m[a57e1418]&amp#27;[0m&amp#27;[38;5;-11m[AndroidUiautomator2Driver@692e]&amp#27;[0m [Instrumentation] io.appium.uiautomator2.server.test.AppiumUiAutomator2Server:
&amp#27;[38;5;98m[a57e1418]&amp#27;[0m&amp#27;[38;5;-11m[AndroidUiautomator2Driver@692e]&amp#27;[0m [Instrumentation] The process has exited with code null, signal SIGTERM
&amp#27;[38;5;98m[a57e1418]&amp#27;[0m&amp#27;[38;5;229m[ADB]&amp#27;[0m Running 'C:\Users\Asus\AppData\Local\Android\Sdk\platform-tools\adb.exe -P 5037 -s emulator-5554 shell dumpsys activity services io.appium.settings/.recorder.RecorderService'
&amp#27;[38;5;98m[a57e1418]&amp#27;[0m&amp#27;[38;5;229m[ADB]&amp#27;[0m Running 'C:\Users\Asus\AppData\Local\Android\Sdk\platform-tools\adb.exe -P 5037 -s emulator-5554 shell am force-stop com.saucelabs.mydemoapp.rn'
&amp#27;[38;5;176m[30bc93a7]&amp#27;[0m&amp#27;[38;5;0m[AndroidUiautomator2Driver@2ae5]&amp#27;[0m Screen already unlocked, doing nothing
&amp#27;[38;5;176m[30bc93a7]&amp#27;[0m&amp#27;[38;5;0m[AndroidUiautomator2Driver@2ae5]&amp#27;[0m Starting 'com.saucelabs.mydemoapp.rn/com.saucelabs.mydemoapp.rn.MainActivity and waiting for 'com.saucelabs.mydemoapp.rn/com.saucelabs.mydemoapp.rn.MainActivity'
&amp#27;[38;5;176m[30bc93a7]&amp#27;[0m&amp#27;[38;5;229m[ADB]&amp#27;[0m Running 'C:\Users\Asus\AppData\Local\Android\Sdk\platform-tools\adb.exe -P 5037 -s emulator-5556 shell am start-activity -W -n com.saucelabs.mydemoapp.rn/com.saucelabs.mydemoapp.rn.MainActivity -S -a android.intent.action.MAIN -c android.intent.category.LAUNCHER -f 0x10200000'
&amp#27;[38;5;98m[a57e1418]&amp#27;[0m&amp#27;[38;5;229m[ADB]&amp#27;[0m Removing forwarded port socket connection: 8204 
&amp#27;[38;5;98m[a57e1418]&amp#27;[0m&amp#27;[38;5;229m[ADB]&amp#27;[0m Running 'C:\Users\Asus\AppData\Local\Android\Sdk\platform-tools\adb.exe -P 5037 -s emulator-5554 forward --remove tcp:8204'
&amp#27;[38;5;98m[a57e1418]&amp#27;[0m&amp#27;[38;5;-11m[AndroidUiautomator2Driver@692e]&amp#27;[0m Restoring hidden api policy to the device default configuration
&amp#27;[38;5;98m[a57e1418]&amp#27;[0m&amp#27;[38;5;229m[ADB]&amp#27;[0m Running 'C:\Users\Asus\AppData\Local\Android\Sdk\platform-tools\adb.exe -P 5037 -s emulator-5554 shell 'settings delete global hidden_api_policy_pre_p_apps;settings delete global hidden_api_policy_p_apps;settings delete global hidden_api_policy''
&amp#27;[38;5;98m[a57e1418]&amp#27;[0m&amp#27;[38;5;160m[Logcat]&amp#27;[0m Stopping logcat capture
&amp#27;[38;5;98m[a57e1418]&amp#27;[0m&amp#27;[38;5;221m[AppiumDriver@a6dd]&amp#27;[0m Event 'quitSessionFinished' logged at 1751283510175 (17:08:30 GMT+0530 (India Standard Time))
&amp#27;[38;5;98m[a57e1418]&amp#27;[0m&amp#27;[38;5;221m[AppiumDriver@a6dd]&amp#27;[0m Received response: null
&amp#27;[38;5;98m[a57e1418]&amp#27;[0m&amp#27;[38;5;221m[AppiumDriver@a6dd]&amp#27;[0m But deleting session, so not returning
&amp#27;[38;5;98m[a57e1418]&amp#27;[0m&amp#27;[38;5;221m[AppiumDriver@a6dd]&amp#27;[0m Responding to client with driver.deleteSession() result: null
&amp#27;[38;5;98m[a57e1418]&amp#27;[0m&amp#27;[38;5;86m[HTTP]&amp#27;[0m &amp#27;[37m<-- DELETE /session/a57e1418-86b8-4720-b322-41e6d7d94692 &amp#27;[39m&amp#27;[32m200&amp#27;[39m &amp#27;[90m1627 ms - 14&amp#27;[39m &amp#27;[90m&amp#27;[39m
&amp#27;[38;5;176m[30bc93a7]&amp#27;[0m&amp#27;[38;5;229m[ADB]&amp#27;[0m Waiting up to 20000ms for activity matching pkg: 'com.saucelabs.mydemoapp.rn' and activity: 'com.saucelabs.mydemoapp.rn.MainActivity' to be focused
&amp#27;[38;5;176m[30bc93a7]&amp#27;[0m&amp#27;[38;5;229m[ADB]&amp#27;[0m Possible activities, to be checked: 'com.saucelabs.mydemoapp.rn.MainActivity', 'com.saucelabs.mydemoapp.rn.com.saucelabs.mydemoapp.rn.MainActivity'
&amp#27;[38;5;176m[30bc93a7]&amp#27;[0m&amp#27;[38;5;229m[ADB]&amp#27;[0m Getting focused package and activity
&amp#27;[38;5;176m[30bc93a7]&amp#27;[0m&amp#27;[38;5;229m[ADB]&amp#27;[0m Running 'C:\Users\Asus\AppData\Local\Android\Sdk\platform-tools\adb.exe -P 5037 -s emulator-5556 shell dumpsys window displays'
&amp#27;[38;5;176m[30bc93a7]&amp#27;[0m&amp#27;[38;5;229m[ADB]&amp#27;[0m Found package: 'com.saucelabs.mydemoapp.rn' and fully qualified activity name : 'com.saucelabs.mydemoapp.rn.MainActivity'
&amp#27;[38;5;176m[30bc93a7]&amp#27;[0m&amp#27;[38;5;221m[AppiumDriver@a6dd]&amp#27;[0m New AndroidUiautomator2Driver session created successfully, session 30bc93a7-ac36-4d4a-9540-e0ae12c39852 added to master session list
&amp#27;[38;5;176m[30bc93a7]&amp#27;[0m&amp#27;[38;5;221m[AppiumDriver@a6dd]&amp#27;[0m Event 'newSessionStarted' logged at 1751283515038 (17:08:35 GMT+0530 (India Standard Time))
&amp#27;[38;5;176m[30bc93a7]&amp#27;[0m&amp#27;[38;5;0m[AndroidUiautomator2Driver@2ae5]&amp#27;[0m Cached the protocol value 'W3C' for the new session 30bc93a7-ac36-4d4a-9540-e0ae12c39852
&amp#27;[38;5;176m[30bc93a7]&amp#27;[0m&amp#27;[38;5;0m[AndroidUiautomator2Driver@2ae5]&amp#27;[0m Responding to client with driver.createSession() result: {"capabilities":{"platformName":"ANDROID","udid":"emulator-5556","uiautomator2ServerLaunchTimeout":30000,"deviceName":"emulator-5556","automationName":"UIAutomator2","app":"D:\\EclipseSoftware\\appiumnew\\src\\test\\java\\resources\\Android-MyDemoAppRN.1.3.0.build-244.apk","uiautomator2ServerInstallTimeout":30000,"uiautomator2ServerReadTimeout":30000,"platform":"LINUX","webStorageEnabled":false,"takesScreenshot":true,"javascriptEnabled":true,"databaseEnabled":false,"networkConnectionEnabled":true,"locationContextEnabled":false,"warnings":{},"desired":{"platformName":"ANDROID","udid":"emulator-5556","uiautomator2ServerLaunchTimeout":30000,"deviceName":"Second-Emulator","automationName":"UIAutomator2","app":"D:\\EclipseSoftware\\appiumnew\\src\\test\\java\\resources\\Android-MyDemoAppRN.1.3.0.build-244.apk","uiautomator2ServerInstallTimeout":30000,"uiautomator2ServerReadTimeout":30000},"deviceUDID":"emulator-5556","appPackage":"com.saucelabs.mydemoapp.rn","pixelRatio":"3","statBarHeight":156,"viewportRect":{...
&amp#27;[38;5;176m[30bc93a7]&amp#27;[0m&amp#27;[38;5;86m[HTTP]&amp#27;[0m &amp#27;[37m<-- POST /session &amp#27;[39m&amp#27;[32m200&amp#27;[39m &amp#27;[90m16296 ms - 1296&amp#27;[39m &amp#27;[90m&amp#27;[39m
this is appium4725
&amp#27;[38;5;176m[30bc93a7]&amp#27;[0m&amp#27;[38;5;86m[HTTP]&amp#27;[0m &amp#27;[37m-->&amp#27;[39m &amp#27;[37mPOST&amp#27;[39m &amp#27;[37m/session/30bc93a7-ac36-4d4a-9540-e0ae12c39852/element&amp#27;[39m &amp#27;[90m{"value":"new UiSelector().description(\"open menu\")","using":"-android uiautomator"}&amp#27;[39m
&amp#27;[38;5;176m[30bc93a7]&amp#27;[0m&amp#27;[38;5;0m[AndroidUiautomator2Driver@2ae5]&amp#27;[0m Calling AppiumDriver.findElement() with args: ["-android uiautomator","new UiSelector().description(\"open menu\")","30bc93a7-ac36-4d4a-9540-e0ae12c39852"]
&amp#27;[38;5;176m[30bc93a7]&amp#27;[0m&amp#27;[38;5;0m[AndroidUiautomator2Driver@2ae5]&amp#27;[0m Valid locator strategies for this request: xpath, id, class name, accessibility id, css selector, -android uiautomator
&amp#27;[38;5;176m[30bc93a7]&amp#27;[0m&amp#27;[38;5;0m[AndroidUiautomator2Driver@2ae5]&amp#27;[0m Waiting up to 0 ms for condition
&amp#27;[38;5;176m[30bc93a7]&amp#27;[0m&amp#27;[38;5;0m[AndroidUiautomator2Driver@2ae5]&amp#27;[0m Matched '/element' to command name 'findElement'
&amp#27;[38;5;176m[30bc93a7]&amp#27;[0m&amp#27;[38;5;0m[AndroidUiautomator2Driver@2ae5]&amp#27;[0m Proxying [POST /element] to [POST http://127.0.0.1:8203/session/57232c94-e046-4eb6-b35b-11dc44054c38/element] with body: {"strategy":"-android uiautomator","selector":"new UiSelector().description(\"open menu\")","context":"","multiple":false}
&amp#27;[38;5;176m[30bc93a7]&amp#27;[0m&amp#27;[38;5;0m[AndroidUiautomator2Driver@2ae5]&amp#27;[0m Got response with status 200: {"sessionId":"57232c94-e046-4eb6-b35b-11dc44054c38","value":{"ELEMENT":"00000000-0000-04ba-ffff-ffff00000022","element-6066-11e4-a52e-4f735466cecf":"00000000-0000-04ba-ffff-ffff00000022"}}
&amp#27;[38;5;176m[30bc93a7]&amp#27;[0m&amp#27;[38;5;0m[AndroidUiautomator2Driver@2ae5]&amp#27;[0m Responding to client with driver.findElement() result: {"element-6066-11e4-a52e-4f735466cecf":"00000000-0000-04ba-ffff-ffff00000022","ELEMENT":"00000000-0000-04ba-ffff-ffff00000022"}
&amp#27;[38;5;176m[30bc93a7]&amp#27;[0m&amp#27;[38;5;86m[HTTP]&amp#27;[0m &amp#27;[37m<-- POST /session/30bc93a7-ac36-4d4a-9540-e0ae12c39852/element &amp#27;[39m&amp#27;[32m200&amp#27;[39m &amp#27;[90m1305 ms - 137&amp#27;[39m &amp#27;[90m&amp#27;[39m
&amp#27;[38;5;176m[30bc93a7]&amp#27;[0m&amp#27;[38;5;86m[HTTP]&amp#27;[0m &amp#27;[37m-->&amp#27;[39m &amp#27;[37mGET&amp#27;[39m &amp#27;[37m/session/30bc93a7-ac36-4d4a-9540-e0ae12c39852/element/00000000-0000-04ba-ffff-ffff00000022/displayed&amp#27;[39m &amp#27;[90m{}&amp#27;[39m
&amp#27;[38;5;176m[30bc93a7]&amp#27;[0m&amp#27;[38;5;0m[AndroidUiautomator2Driver@2ae5]&amp#27;[0m Calling AppiumDriver.elementDisplayed() with args: ["00000000-0000-04ba-ffff-ffff00000022","30bc93a7-ac36-4d4a-9540-e0ae12c39852"]
&amp#27;[38;5;176m[30bc93a7]&amp#27;[0m&amp#27;[38;5;0m[AndroidUiautomator2Driver@2ae5]&amp#27;[0m Matched '/element/00000000-0000-04ba-ffff-ffff00000022/attribute/displayed' to command name 'getAttribute'
&amp#27;[38;5;176m[30bc93a7]&amp#27;[0m&amp#27;[38;5;0m[AndroidUiautomator2Driver@2ae5]&amp#27;[0m Proxying [GET /element/00000000-0000-04ba-ffff-ffff00000022/attribute/displayed] to [GET http://127.0.0.1:8203/session/57232c94-e046-4eb6-b35b-11dc44054c38/element/00000000-0000-04ba-ffff-ffff00000022/attribute/displayed] with no body
&amp#27;[38;5;176m[30bc93a7]&amp#27;[0m&amp#27;[38;5;0m[AndroidUiautomator2Driver@2ae5]&amp#27;[0m Got response with status 200: {"sessionId":"57232c94-e046-4eb6-b35b-11dc44054c38","value":"true"}
&amp#27;[38;5;176m[30bc93a7]&amp#27;[0m&amp#27;[38;5;0m[AndroidUiautomator2Driver@2ae5]&amp#27;[0m Responding to client with driver.elementDisplayed() result: true
&amp#27;[38;5;176m[30bc93a7]&amp#27;[0m&amp#27;[38;5;86m[HTTP]&amp#27;[0m &amp#27;[37m<-- GET /session/30bc93a7-ac36-4d4a-9540-e0ae12c39852/element/00000000-0000-04ba-ffff-ffff00000022/displayed &amp#27;[39m&amp#27;[32m200&amp#27;[39m &amp#27;[90m50 ms - 14&amp#27;[39m &amp#27;[90m&amp#27;[39m
&amp#27;[38;5;176m[30bc93a7]&amp#27;[0m&amp#27;[38;5;86m[HTTP]&amp#27;[0m &amp#27;[37m-->&amp#27;[39m &amp#27;[37mGET&amp#27;[39m &amp#27;[37m/session/30bc93a7-ac36-4d4a-9540-e0ae12c39852/element/00000000-0000-04ba-ffff-ffff00000022/enabled&amp#27;[39m &amp#27;[90m{}&amp#27;[39m
&amp#27;[38;5;176m[30bc93a7]&amp#27;[0m&amp#27;[38;5;0m[AndroidUiautomator2Driver@2ae5]&amp#27;[0m Calling AppiumDriver.elementEnabled() with args: ["00000000-0000-04ba-ffff-ffff00000022","30bc93a7-ac36-4d4a-9540-e0ae12c39852"]
&amp#27;[38;5;176m[30bc93a7]&amp#27;[0m&amp#27;[38;5;0m[AndroidUiautomator2Driver@2ae5]&amp#27;[0m Matched '/element/00000000-0000-04ba-ffff-ffff00000022/attribute/enabled' to command name 'getAttribute'
&amp#27;[38;5;176m[30bc93a7]&amp#27;[0m&amp#27;[38;5;0m[AndroidUiautomator2Driver@2ae5]&amp#27;[0m Proxying [GET /element/00000000-0000-04ba-ffff-ffff00000022/attribute/enabled] to [GET http://127.0.0.1:8203/session/57232c94-e046-4eb6-b35b-11dc44054c38/element/00000000-0000-04ba-ffff-ffff00000022/attribute/enabled] with no body
&amp#27;[38;5;176m[30bc93a7]&amp#27;[0m&amp#27;[38;5;0m[AndroidUiautomator2Driver@2ae5]&amp#27;[0m Got response with status 200: {"sessionId":"57232c94-e046-4eb6-b35b-11dc44054c38","value":"true"}
&amp#27;[38;5;176m[30bc93a7]&amp#27;[0m&amp#27;[38;5;0m[AndroidUiautomator2Driver@2ae5]&amp#27;[0m Responding to client with driver.elementEnabled() result: true
&amp#27;[38;5;176m[30bc93a7]&amp#27;[0m&amp#27;[38;5;86m[HTTP]&amp#27;[0m &amp#27;[37m<-- GET /session/30bc93a7-ac36-4d4a-9540-e0ae12c39852/element/00000000-0000-04ba-ffff-ffff00000022/enabled &amp#27;[39m&amp#27;[32m200&amp#27;[39m &amp#27;[90m27 ms - 14&amp#27;[39m &amp#27;[90m&amp#27;[39m
&amp#27;[38;5;176m[30bc93a7]&amp#27;[0m&amp#27;[38;5;86m[HTTP]&amp#27;[0m &amp#27;[37m-->&amp#27;[39m &amp#27;[37mPOST&amp#27;[39m &amp#27;[37m/session/30bc93a7-ac36-4d4a-9540-e0ae12c39852/element&amp#27;[39m &amp#27;[90m{"value":"new UiSelector().description(\"open menu\")","using":"-android uiautomator"}&amp#27;[39m
&amp#27;[38;5;176m[30bc93a7]&amp#27;[0m&amp#27;[38;5;0m[AndroidUiautomator2Driver@2ae5]&amp#27;[0m Calling AppiumDriver.findElement() with args: ["-android uiautomator","new UiSelector().description(\"open menu\")","30bc93a7-ac36-4d4a-9540-e0ae12c39852"]
&amp#27;[38;5;176m[30bc93a7]&amp#27;[0m&amp#27;[38;5;0m[AndroidUiautomator2Driver@2ae5]&amp#27;[0m Valid locator strategies for this request: xpath, id, class name, accessibility id, css selector, -android uiautomator
&amp#27;[38;5;176m[30bc93a7]&amp#27;[0m&amp#27;[38;5;0m[AndroidUiautomator2Driver@2ae5]&amp#27;[0m Waiting up to 0 ms for condition
&amp#27;[38;5;176m[30bc93a7]&amp#27;[0m&amp#27;[38;5;0m[AndroidUiautomator2Driver@2ae5]&amp#27;[0m Matched '/element' to command name 'findElement'
&amp#27;[38;5;176m[30bc93a7]&amp#27;[0m&amp#27;[38;5;0m[AndroidUiautomator2Driver@2ae5]&amp#27;[0m Proxying [POST /element] to [POST http://127.0.0.1:8203/session/57232c94-e046-4eb6-b35b-11dc44054c38/element] with body: {"strategy":"-android uiautomator","selector":"new UiSelector().description(\"open menu\")","context":"","multiple":false}
&amp#27;[38;5;176m[30bc93a7]&amp#27;[0m&amp#27;[38;5;0m[AndroidUiautomator2Driver@2ae5]&amp#27;[0m Got response with status 200: {"sessionId":"57232c94-e046-4eb6-b35b-11dc44054c38","value":{"ELEMENT":"00000000-0000-04ba-ffff-ffff00000022","element-6066-11e4-a52e-4f735466cecf":"00000000-0000-04ba-ffff-ffff00000022"}}
&amp#27;[38;5;176m[30bc93a7]&amp#27;[0m&amp#27;[38;5;0m[AndroidUiautomator2Driver@2ae5]&amp#27;[0m Responding to client with driver.findElement() result: {"element-6066-11e4-a52e-4f735466cecf":"00000000-0000-04ba-ffff-ffff00000022","ELEMENT":"00000000-0000-04ba-ffff-ffff00000022"}
&amp#27;[38;5;176m[30bc93a7]&amp#27;[0m&amp#27;[38;5;86m[HTTP]&amp#27;[0m &amp#27;[37m<-- POST /session/30bc93a7-ac36-4d4a-9540-e0ae12c39852/element &amp#27;[39m&amp#27;[32m200&amp#27;[39m &amp#27;[90m41 ms - 137&amp#27;[39m &amp#27;[90m&amp#27;[39m
&amp#27;[38;5;176m[30bc93a7]&amp#27;[0m&amp#27;[38;5;86m[HTTP]&amp#27;[0m &amp#27;[37m-->&amp#27;[39m &amp#27;[37mPOST&amp#27;[39m &amp#27;[37m/session/30bc93a7-ac36-4d4a-9540-e0ae12c39852/element/00000000-0000-04ba-ffff-ffff00000022/click&amp#27;[39m &amp#27;[90m{"id":"00000000-0000-04ba-ffff-ffff00000022"}&amp#27;[39m
&amp#27;[38;5;176m[30bc93a7]&amp#27;[0m&amp#27;[38;5;0m[AndroidUiautomator2Driver@2ae5]&amp#27;[0m Calling AppiumDriver.click() with args: ["00000000-0000-04ba-ffff-ffff00000022","30bc93a7-ac36-4d4a-9540-e0ae12c39852"]
&amp#27;[38;5;176m[30bc93a7]&amp#27;[0m&amp#27;[38;5;0m[AndroidUiautomator2Driver@2ae5]&amp#27;[0m Matched '/element/00000000-0000-04ba-ffff-ffff00000022/click' to command name 'click'
&amp#27;[38;5;176m[30bc93a7]&amp#27;[0m&amp#27;[38;5;0m[AndroidUiautomator2Driver@2ae5]&amp#27;[0m Proxying [POST /element/00000000-0000-04ba-ffff-ffff00000022/click] to [POST http://127.0.0.1:8203/session/57232c94-e046-4eb6-b35b-11dc44054c38/element/00000000-0000-04ba-ffff-ffff00000022/click] with body: {"element":"00000000-0000-04ba-ffff-ffff00000022"}
&amp#27;[38;5;176m[30bc93a7]&amp#27;[0m&amp#27;[38;5;0m[AndroidUiautomator2Driver@2ae5]&amp#27;[0m Got response with status 200: {"sessionId":"57232c94-e046-4eb6-b35b-11dc44054c38","value":null}
&amp#27;[38;5;176m[30bc93a7]&amp#27;[0m&amp#27;[38;5;0m[AndroidUiautomator2Driver@2ae5]&amp#27;[0m Responding to client with driver.click() result: null
&amp#27;[38;5;176m[30bc93a7]&amp#27;[0m&amp#27;[38;5;86m[HTTP]&amp#27;[0m &amp#27;[37m<-- POST /session/30bc93a7-ac36-4d4a-9540-e0ae12c39852/element/00000000-0000-04ba-ffff-ffff00000022/click &amp#27;[39m&amp#27;[32m200&amp#27;[39m &amp#27;[90m115 ms - 14&amp#27;[39m &amp#27;[90m&amp#27;[39m
&amp#27;[38;5;176m[30bc93a7]&amp#27;[0m&amp#27;[38;5;86m[HTTP]&amp#27;[0m &amp#27;[37m-->&amp#27;[39m &amp#27;[37mPOST&amp#27;[39m &amp#27;[37m/session/30bc93a7-ac36-4d4a-9540-e0ae12c39852/element&amp#27;[39m &amp#27;[90m{"value":"menu item log out","using":"accessibility id"}&amp#27;[39m
&amp#27;[38;5;176m[30bc93a7]&amp#27;[0m&amp#27;[38;5;0m[AndroidUiautomator2Driver@2ae5]&amp#27;[0m Calling AppiumDriver.findElement() with args: ["accessibility id","menu item log out","30bc93a7-ac36-4d4a-9540-e0ae12c39852"]
&amp#27;[38;5;176m[30bc93a7]&amp#27;[0m&amp#27;[38;5;0m[AndroidUiautomator2Driver@2ae5]&amp#27;[0m Valid locator strategies for this request: xpath, id, class name, accessibility id, css selector, -android uiautomator
&amp#27;[38;5;176m[30bc93a7]&amp#27;[0m&amp#27;[38;5;0m[AndroidUiautomator2Driver@2ae5]&amp#27;[0m Waiting up to 0 ms for condition
&amp#27;[38;5;176m[30bc93a7]&amp#27;[0m&amp#27;[38;5;0m[AndroidUiautomator2Driver@2ae5]&amp#27;[0m Matched '/element' to command name 'findElement'
&amp#27;[38;5;176m[30bc93a7]&amp#27;[0m&amp#27;[38;5;0m[AndroidUiautomator2Driver@2ae5]&amp#27;[0m Proxying [POST /element] to [POST http://127.0.0.1:8203/session/57232c94-e046-4eb6-b35b-11dc44054c38/element] with body: {"strategy":"accessibility id","selector":"menu item log out","context":"","multiple":false}
&amp#27;[38;5;176m[30bc93a7]&amp#27;[0m&amp#27;[38;5;0m[AndroidUiautomator2Driver@2ae5]&amp#27;[0m Got response with status 200: {"sessionId":"57232c94-e046-4eb6-b35b-11dc44054c38","value":{"ELEMENT":"00000000-0000-04ba-ffff-ffff000000a2","element-6066-11e4-a52e-4f735466cecf":"00000000-0000-04ba-ffff-ffff000000a2"}}
&amp#27;[38;5;176m[30bc93a7]&amp#27;[0m&amp#27;[38;5;0m[AndroidUiautomator2Driver@2ae5]&amp#27;[0m Responding to client with driver.findElement() result: {"element-6066-11e4-a52e-4f735466cecf":"00000000-0000-04ba-ffff-ffff000000a2","ELEMENT":"00000000-0000-04ba-ffff-ffff000000a2"}
&amp#27;[38;5;176m[30bc93a7]&amp#27;[0m&amp#27;[38;5;86m[HTTP]&amp#27;[0m &amp#27;[37m<-- POST /session/30bc93a7-ac36-4d4a-9540-e0ae12c39852/element &amp#27;[39m&amp#27;[32m200&amp#27;[39m &amp#27;[90m235 ms - 137&amp#27;[39m &amp#27;[90m&amp#27;[39m
&amp#27;[38;5;176m[30bc93a7]&amp#27;[0m&amp#27;[38;5;86m[HTTP]&amp#27;[0m &amp#27;[37m-->&amp#27;[39m &amp#27;[37mGET&amp#27;[39m &amp#27;[37m/session/30bc93a7-ac36-4d4a-9540-e0ae12c39852/element/00000000-0000-04ba-ffff-ffff000000a2/displayed&amp#27;[39m &amp#27;[90m{}&amp#27;[39m
&amp#27;[38;5;176m[30bc93a7]&amp#27;[0m&amp#27;[38;5;0m[AndroidUiautomator2Driver@2ae5]&amp#27;[0m Calling AppiumDriver.elementDisplayed() with args: ["00000000-0000-04ba-ffff-ffff000000a2","30bc93a7-ac36-4d4a-9540-e0ae12c39852"]
&amp#27;[38;5;176m[30bc93a7]&amp#27;[0m&amp#27;[38;5;0m[AndroidUiautomator2Driver@2ae5]&amp#27;[0m Matched '/element/00000000-0000-04ba-ffff-ffff000000a2/attribute/displayed' to command name 'getAttribute'
&amp#27;[38;5;176m[30bc93a7]&amp#27;[0m&amp#27;[38;5;0m[AndroidUiautomator2Driver@2ae5]&amp#27;[0m Proxying [GET /element/00000000-0000-04ba-ffff-ffff000000a2/attribute/displayed] to [GET http://127.0.0.1:8203/session/57232c94-e046-4eb6-b35b-11dc44054c38/element/00000000-0000-04ba-ffff-ffff000000a2/attribute/displayed] with no body
&amp#27;[38;5;176m[30bc93a7]&amp#27;[0m&amp#27;[38;5;0m[AndroidUiautomator2Driver@2ae5]&amp#27;[0m Got response with status 200: {"sessionId":"57232c94-e046-4eb6-b35b-11dc44054c38","value":"true"}
&amp#27;[38;5;176m[30bc93a7]&amp#27;[0m&amp#27;[38;5;0m[AndroidUiautomator2Driver@2ae5]&amp#27;[0m Responding to client with driver.elementDisplayed() result: true
&amp#27;[38;5;176m[30bc93a7]&amp#27;[0m&amp#27;[38;5;86m[HTTP]&amp#27;[0m &amp#27;[37m<-- GET /session/30bc93a7-ac36-4d4a-9540-e0ae12c39852/element/00000000-0000-04ba-ffff-ffff000000a2/displayed &amp#27;[39m&amp#27;[32m200&amp#27;[39m &amp#27;[90m1222 ms - 14&amp#27;[39m &amp#27;[90m&amp#27;[39m
&amp#27;[38;5;176m[30bc93a7]&amp#27;[0m&amp#27;[38;5;86m[HTTP]&amp#27;[0m &amp#27;[37m-->&amp#27;[39m &amp#27;[37mGET&amp#27;[39m &amp#27;[37m/session/30bc93a7-ac36-4d4a-9540-e0ae12c39852/element/00000000-0000-04ba-ffff-ffff000000a2/enabled&amp#27;[39m &amp#27;[90m{}&amp#27;[39m
&amp#27;[38;5;176m[30bc93a7]&amp#27;[0m&amp#27;[38;5;0m[AndroidUiautomator2Driver@2ae5]&amp#27;[0m Calling AppiumDriver.elementEnabled() with args: ["00000000-0000-04ba-ffff-ffff000000a2","30bc93a7-ac36-4d4a-9540-e0ae12c39852"]
&amp#27;[38;5;176m[30bc93a7]&amp#27;[0m&amp#27;[38;5;0m[AndroidUiautomator2Driver@2ae5]&amp#27;[0m Matched '/element/00000000-0000-04ba-ffff-ffff000000a2/attribute/enabled' to command name 'getAttribute'
&amp#27;[38;5;176m[30bc93a7]&amp#27;[0m&amp#27;[38;5;0m[AndroidUiautomator2Driver@2ae5]&amp#27;[0m Proxying [GET /element/00000000-0000-04ba-ffff-ffff000000a2/attribute/enabled] to [GET http://127.0.0.1:8203/session/57232c94-e046-4eb6-b35b-11dc44054c38/element/00000000-0000-04ba-ffff-ffff000000a2/attribute/enabled] with no body
&amp#27;[38;5;176m[30bc93a7]&amp#27;[0m&amp#27;[38;5;0m[AndroidUiautomator2Driver@2ae5]&amp#27;[0m Got response with status 200: {"sessionId":"57232c94-e046-4eb6-b35b-11dc44054c38","value":"true"}
&amp#27;[38;5;176m[30bc93a7]&amp#27;[0m&amp#27;[38;5;0m[AndroidUiautomator2Driver@2ae5]&amp#27;[0m Responding to client with driver.elementEnabled() result: true
&amp#27;[38;5;176m[30bc93a7]&amp#27;[0m&amp#27;[38;5;86m[HTTP]&amp#27;[0m &amp#27;[37m<-- GET /session/30bc93a7-ac36-4d4a-9540-e0ae12c39852/element/00000000-0000-04ba-ffff-ffff000000a2/enabled &amp#27;[39m&amp#27;[32m200&amp#27;[39m &amp#27;[90m65 ms - 14&amp#27;[39m &amp#27;[90m&amp#27;[39m
&amp#27;[38;5;176m[30bc93a7]&amp#27;[0m&amp#27;[38;5;86m[HTTP]&amp#27;[0m &amp#27;[37m-->&amp#27;[39m &amp#27;[37mPOST&amp#27;[39m &amp#27;[37m/session/30bc93a7-ac36-4d4a-9540-e0ae12c39852/element&amp#27;[39m &amp#27;[90m{"value":"menu item log out","using":"accessibility id"}&amp#27;[39m
&amp#27;[38;5;176m[30bc93a7]&amp#27;[0m&amp#27;[38;5;0m[AndroidUiautomator2Driver@2ae5]&amp#27;[0m Calling AppiumDriver.findElement() with args: ["accessibility id","menu item log out","30bc93a7-ac36-4d4a-9540-e0ae12c39852"]
&amp#27;[38;5;176m[30bc93a7]&amp#27;[0m&amp#27;[38;5;0m[AndroidUiautomator2Driver@2ae5]&amp#27;[0m Valid locator strategies for this request: xpath, id, class name, accessibility id, css selector, -android uiautomator
&amp#27;[38;5;176m[30bc93a7]&amp#27;[0m&amp#27;[38;5;0m[AndroidUiautomator2Driver@2ae5]&amp#27;[0m Waiting up to 0 ms for condition
&amp#27;[38;5;176m[30bc93a7]&amp#27;[0m&amp#27;[38;5;0m[AndroidUiautomator2Driver@2ae5]&amp#27;[0m Matched '/element' to command name 'findElement'
&amp#27;[38;5;176m[30bc93a7]&amp#27;[0m&amp#27;[38;5;0m[AndroidUiautomator2Driver@2ae5]&amp#27;[0m Proxying [POST /element] to [POST http://127.0.0.1:8203/session/57232c94-e046-4eb6-b35b-11dc44054c38/element] with body: {"strategy":"accessibility id","selector":"menu item log out","context":"","multiple":false}
&amp#27;[38;5;176m[30bc93a7]&amp#27;[0m&amp#27;[38;5;0m[AndroidUiautomator2Driver@2ae5]&amp#27;[0m Got response with status 200: {"sessionId":"57232c94-e046-4eb6-b35b-11dc44054c38","value":{"ELEMENT":"00000000-0000-04ba-ffff-ffff000000a2","element-6066-11e4-a52e-4f735466cecf":"00000000-0000-04ba-ffff-ffff000000a2"}}
&amp#27;[38;5;176m[30bc93a7]&amp#27;[0m&amp#27;[38;5;0m[AndroidUiautomator2Driver@2ae5]&amp#27;[0m Responding to client with driver.findElement() result: {"element-6066-11e4-a52e-4f735466cecf":"00000000-0000-04ba-ffff-ffff000000a2","ELEMENT":"00000000-0000-04ba-ffff-ffff000000a2"}
&amp#27;[38;5;176m[30bc93a7]&amp#27;[0m&amp#27;[38;5;86m[HTTP]&amp#27;[0m &amp#27;[37m<-- POST /session/30bc93a7-ac36-4d4a-9540-e0ae12c39852/element &amp#27;[39m&amp#27;[32m200&amp#27;[39m &amp#27;[90m29 ms - 137&amp#27;[39m &amp#27;[90m&amp#27;[39m
&amp#27;[38;5;176m[30bc93a7]&amp#27;[0m&amp#27;[38;5;86m[HTTP]&amp#27;[0m &amp#27;[37m-->&amp#27;[39m &amp#27;[37mPOST&amp#27;[39m &amp#27;[37m/session/30bc93a7-ac36-4d4a-9540-e0ae12c39852/element/00000000-0000-04ba-ffff-ffff000000a2/click&amp#27;[39m &amp#27;[90m{"id":"00000000-0000-04ba-ffff-ffff000000a2"}&amp#27;[39m
&amp#27;[38;5;176m[30bc93a7]&amp#27;[0m&amp#27;[38;5;0m[AndroidUiautomator2Driver@2ae5]&amp#27;[0m Calling AppiumDriver.click() with args: ["00000000-0000-04ba-ffff-ffff000000a2","30bc93a7-ac36-4d4a-9540-e0ae12c39852"]
&amp#27;[38;5;176m[30bc93a7]&amp#27;[0m&amp#27;[38;5;0m[AndroidUiautomator2Driver@2ae5]&amp#27;[0m Matched '/element/00000000-0000-04ba-ffff-ffff000000a2/click' to command name 'click'
&amp#27;[38;5;176m[30bc93a7]&amp#27;[0m&amp#27;[38;5;0m[AndroidUiautomator2Driver@2ae5]&amp#27;[0m Proxying [POST /element/00000000-0000-04ba-ffff-ffff000000a2/click] to [POST http://127.0.0.1:8203/session/57232c94-e046-4eb6-b35b-11dc44054c38/element/00000000-0000-04ba-ffff-ffff000000a2/click] with body: {"element":"00000000-0000-04ba-ffff-ffff000000a2"}
&amp#27;[38;5;176m[30bc93a7]&amp#27;[0m&amp#27;[38;5;0m[AndroidUiautomator2Driver@2ae5]&amp#27;[0m Got response with status 200: {"sessionId":"57232c94-e046-4eb6-b35b-11dc44054c38","value":null}
&amp#27;[38;5;176m[30bc93a7]&amp#27;[0m&amp#27;[38;5;0m[AndroidUiautomator2Driver@2ae5]&amp#27;[0m Responding to client with driver.click() result: null
&amp#27;[38;5;176m[30bc93a7]&amp#27;[0m&amp#27;[38;5;86m[HTTP]&amp#27;[0m &amp#27;[37m<-- POST /session/30bc93a7-ac36-4d4a-9540-e0ae12c39852/element/00000000-0000-04ba-ffff-ffff000000a2/click &amp#27;[39m&amp#27;[32m200&amp#27;[39m &amp#27;[90m108 ms - 14&amp#27;[39m &amp#27;[90m&amp#27;[39m
&amp#27;[38;5;176m[30bc93a7]&amp#27;[0m&amp#27;[38;5;86m[HTTP]&amp#27;[0m &amp#27;[37m-->&amp#27;[39m &amp#27;[37mPOST&amp#27;[39m &amp#27;[37m/session/30bc93a7-ac36-4d4a-9540-e0ae12c39852/element&amp#27;[39m &amp#27;[90m{"value":"android:id/button1","using":"id"}&amp#27;[39m
&amp#27;[38;5;176m[30bc93a7]&amp#27;[0m&amp#27;[38;5;0m[AndroidUiautomator2Driver@2ae5]&amp#27;[0m Calling AppiumDriver.findElement() with args: ["id","android:id/button1","30bc93a7-ac36-4d4a-9540-e0ae12c39852"]
&amp#27;[38;5;176m[30bc93a7]&amp#27;[0m&amp#27;[38;5;0m[AndroidUiautomator2Driver@2ae5]&amp#27;[0m Valid locator strategies for this request: xpath, id, class name, accessibility id, css selector, -android uiautomator
&amp#27;[38;5;176m[30bc93a7]&amp#27;[0m&amp#27;[38;5;0m[AndroidUiautomator2Driver@2ae5]&amp#27;[0m Waiting up to 0 ms for condition
&amp#27;[38;5;176m[30bc93a7]&amp#27;[0m&amp#27;[38;5;0m[AndroidUiautomator2Driver@2ae5]&amp#27;[0m Matched '/element' to command name 'findElement'
&amp#27;[38;5;176m[30bc93a7]&amp#27;[0m&amp#27;[38;5;0m[AndroidUiautomator2Driver@2ae5]&amp#27;[0m Proxying [POST /element] to [POST http://127.0.0.1:8203/session/57232c94-e046-4eb6-b35b-11dc44054c38/element] with body: {"strategy":"id","selector":"android:id/button1","context":"","multiple":false}
&amp#27;[38;5;176m[30bc93a7]&amp#27;[0m&amp#27;[38;5;0m[AndroidUiautomator2Driver@2ae5]&amp#27;[0m Got response with status 200: {"sessionId":"57232c94-e046-4eb6-b35b-11dc44054c38","value":{"ELEMENT":"00000000-0000-04bb-ffff-ffff000000c2","element-6066-11e4-a52e-4f735466cecf":"00000000-0000-04bb-ffff-ffff000000c2"}}
&amp#27;[38;5;176m[30bc93a7]&amp#27;[0m&amp#27;[38;5;0m[AndroidUiautomator2Driver@2ae5]&amp#27;[0m Responding to client with driver.findElement() result: {"element-6066-11e4-a52e-4f735466cecf":"00000000-0000-04bb-ffff-ffff000000c2","ELEMENT":"00000000-0000-04bb-ffff-ffff000000c2"}
&amp#27;[38;5;176m[30bc93a7]&amp#27;[0m&amp#27;[38;5;86m[HTTP]&amp#27;[0m &amp#27;[37m<-- POST /session/30bc93a7-ac36-4d4a-9540-e0ae12c39852/element &amp#27;[39m&amp#27;[32m200&amp#27;[39m &amp#27;[90m352 ms - 137&amp#27;[39m &amp#27;[90m&amp#27;[39m
&amp#27;[38;5;176m[30bc93a7]&amp#27;[0m&amp#27;[38;5;86m[HTTP]&amp#27;[0m &amp#27;[37m-->&amp#27;[39m &amp#27;[37mGET&amp#27;[39m &amp#27;[37m/session/30bc93a7-ac36-4d4a-9540-e0ae12c39852/element/00000000-0000-04bb-ffff-ffff000000c2/displayed&amp#27;[39m &amp#27;[90m{}&amp#27;[39m
&amp#27;[38;5;176m[30bc93a7]&amp#27;[0m&amp#27;[38;5;0m[AndroidUiautomator2Driver@2ae5]&amp#27;[0m Calling AppiumDriver.elementDisplayed() with args: ["00000000-0000-04bb-ffff-ffff000000c2","30bc93a7-ac36-4d4a-9540-e0ae12c39852"]
&amp#27;[38;5;176m[30bc93a7]&amp#27;[0m&amp#27;[38;5;0m[AndroidUiautomator2Driver@2ae5]&amp#27;[0m Matched '/element/00000000-0000-04bb-ffff-ffff000000c2/attribute/displayed' to command name 'getAttribute'
&amp#27;[38;5;176m[30bc93a7]&amp#27;[0m&amp#27;[38;5;0m[AndroidUiautomator2Driver@2ae5]&amp#27;[0m Proxying [GET /element/00000000-0000-04bb-ffff-ffff000000c2/attribute/displayed] to [GET http://127.0.0.1:8203/session/57232c94-e046-4eb6-b35b-11dc44054c38/element/00000000-0000-04bb-ffff-ffff000000c2/attribute/displayed] with no body
&amp#27;[38;5;176m[30bc93a7]&amp#27;[0m&amp#27;[38;5;0m[AndroidUiautomator2Driver@2ae5]&amp#27;[0m Got response with status 200: {"sessionId":"57232c94-e046-4eb6-b35b-11dc44054c38","value":"true"}
&amp#27;[38;5;176m[30bc93a7]&amp#27;[0m&amp#27;[38;5;0m[AndroidUiautomator2Driver@2ae5]&amp#27;[0m Responding to client with driver.elementDisplayed() result: true
&amp#27;[38;5;176m[30bc93a7]&amp#27;[0m&amp#27;[38;5;86m[HTTP]&amp#27;[0m &amp#27;[37m<-- GET /session/30bc93a7-ac36-4d4a-9540-e0ae12c39852/element/00000000-0000-04bb-ffff-ffff000000c2/displayed &amp#27;[39m&amp#27;[32m200&amp#27;[39m &amp#27;[90m604 ms - 14&amp#27;[39m &amp#27;[90m&amp#27;[39m
&amp#27;[38;5;176m[30bc93a7]&amp#27;[0m&amp#27;[38;5;86m[HTTP]&amp#27;[0m &amp#27;[37m-->&amp#27;[39m &amp#27;[37mGET&amp#27;[39m &amp#27;[37m/session/30bc93a7-ac36-4d4a-9540-e0ae12c39852/element/00000000-0000-04bb-ffff-ffff000000c2/enabled&amp#27;[39m &amp#27;[90m{}&amp#27;[39m
&amp#27;[38;5;176m[30bc93a7]&amp#27;[0m&amp#27;[38;5;0m[AndroidUiautomator2Driver@2ae5]&amp#27;[0m Calling AppiumDriver.elementEnabled() with args: ["00000000-0000-04bb-ffff-ffff000000c2","30bc93a7-ac36-4d4a-9540-e0ae12c39852"]
&amp#27;[38;5;176m[30bc93a7]&amp#27;[0m&amp#27;[38;5;0m[AndroidUiautomator2Driver@2ae5]&amp#27;[0m Matched '/element/00000000-0000-04bb-ffff-ffff000000c2/attribute/enabled' to command name 'getAttribute'
&amp#27;[38;5;176m[30bc93a7]&amp#27;[0m&amp#27;[38;5;0m[AndroidUiautomator2Driver@2ae5]&amp#27;[0m Proxying [GET /element/00000000-0000-04bb-ffff-ffff000000c2/attribute/enabled] to [GET http://127.0.0.1:8203/session/57232c94-e046-4eb6-b35b-11dc44054c38/element/00000000-0000-04bb-ffff-ffff000000c2/attribute/enabled] with no body
&amp#27;[38;5;176m[30bc93a7]&amp#27;[0m&amp#27;[38;5;0m[AndroidUiautomator2Driver@2ae5]&amp#27;[0m Got response with status 200: {"sessionId":"57232c94-e046-4eb6-b35b-11dc44054c38","value":"true"}
&amp#27;[38;5;176m[30bc93a7]&amp#27;[0m&amp#27;[38;5;0m[AndroidUiautomator2Driver@2ae5]&amp#27;[0m Responding to client with driver.elementEnabled() result: true
&amp#27;[38;5;176m[30bc93a7]&amp#27;[0m&amp#27;[38;5;86m[HTTP]&amp#27;[0m &amp#27;[37m<-- GET /session/30bc93a7-ac36-4d4a-9540-e0ae12c39852/element/00000000-0000-04bb-ffff-ffff000000c2/enabled &amp#27;[39m&amp#27;[32m200&amp#27;[39m &amp#27;[90m21 ms - 14&amp#27;[39m &amp#27;[90m&amp#27;[39m
&amp#27;[38;5;176m[30bc93a7]&amp#27;[0m&amp#27;[38;5;86m[HTTP]&amp#27;[0m &amp#27;[37m-->&amp#27;[39m &amp#27;[37mPOST&amp#27;[39m &amp#27;[37m/session/30bc93a7-ac36-4d4a-9540-e0ae12c39852/element&amp#27;[39m &amp#27;[90m{"value":"android:id/button1","using":"id"}&amp#27;[39m
&amp#27;[38;5;176m[30bc93a7]&amp#27;[0m&amp#27;[38;5;0m[AndroidUiautomator2Driver@2ae5]&amp#27;[0m Calling AppiumDriver.findElement() with args: ["id","android:id/button1","30bc93a7-ac36-4d4a-9540-e0ae12c39852"]
&amp#27;[38;5;176m[30bc93a7]&amp#27;[0m&amp#27;[38;5;0m[AndroidUiautomator2Driver@2ae5]&amp#27;[0m Valid locator strategies for this request: xpath, id, class name, accessibility id, css selector, -android uiautomator
&amp#27;[38;5;176m[30bc93a7]&amp#27;[0m&amp#27;[38;5;0m[AndroidUiautomator2Driver@2ae5]&amp#27;[0m Waiting up to 0 ms for condition
&amp#27;[38;5;176m[30bc93a7]&amp#27;[0m&amp#27;[38;5;0m[AndroidUiautomator2Driver@2ae5]&amp#27;[0m Matched '/element' to command name 'findElement'
&amp#27;[38;5;176m[30bc93a7]&amp#27;[0m&amp#27;[38;5;0m[AndroidUiautomator2Driver@2ae5]&amp#27;[0m Proxying [POST /element] to [POST http://127.0.0.1:8203/session/57232c94-e046-4eb6-b35b-11dc44054c38/element] with body: {"strategy":"id","selector":"android:id/button1","context":"","multiple":false}
&amp#27;[38;5;176m[30bc93a7]&amp#27;[0m&amp#27;[38;5;0m[AndroidUiautomator2Driver@2ae5]&amp#27;[0m Got response with status 200: {"sessionId":"57232c94-e046-4eb6-b35b-11dc44054c38","value":{"ELEMENT":"00000000-0000-04bb-ffff-ffff000000c2","element-6066-11e4-a52e-4f735466cecf":"00000000-0000-04bb-ffff-ffff000000c2"}}
&amp#27;[38;5;176m[30bc93a7]&amp#27;[0m&amp#27;[38;5;0m[AndroidUiautomator2Driver@2ae5]&amp#27;[0m Responding to client with driver.findElement() result: {"element-6066-11e4-a52e-4f735466cecf":"00000000-0000-04bb-ffff-ffff000000c2","ELEMENT":"00000000-0000-04bb-ffff-ffff000000c2"}
&amp#27;[38;5;176m[30bc93a7]&amp#27;[0m&amp#27;[38;5;86m[HTTP]&amp#27;[0m &amp#27;[37m<-- POST /session/30bc93a7-ac36-4d4a-9540-e0ae12c39852/element &amp#27;[39m&amp#27;[32m200&amp#27;[39m &amp#27;[90m22 ms - 137&amp#27;[39m &amp#27;[90m&amp#27;[39m
&amp#27;[38;5;176m[30bc93a7]&amp#27;[0m&amp#27;[38;5;86m[HTTP]&amp#27;[0m &amp#27;[37m-->&amp#27;[39m &amp#27;[37mPOST&amp#27;[39m &amp#27;[37m/session/30bc93a7-ac36-4d4a-9540-e0ae12c39852/element/00000000-0000-04bb-ffff-ffff000000c2/click&amp#27;[39m &amp#27;[90m{"id":"00000000-0000-04bb-ffff-ffff000000c2"}&amp#27;[39m
&amp#27;[38;5;176m[30bc93a7]&amp#27;[0m&amp#27;[38;5;0m[AndroidUiautomator2Driver@2ae5]&amp#27;[0m Calling AppiumDriver.click() with args: ["00000000-0000-04bb-ffff-ffff000000c2","30bc93a7-ac36-4d4a-9540-e0ae12c39852"]
&amp#27;[38;5;176m[30bc93a7]&amp#27;[0m&amp#27;[38;5;0m[AndroidUiautomator2Driver@2ae5]&amp#27;[0m Matched '/element/00000000-0000-04bb-ffff-ffff000000c2/click' to command name 'click'
&amp#27;[38;5;176m[30bc93a7]&amp#27;[0m&amp#27;[38;5;0m[AndroidUiautomator2Driver@2ae5]&amp#27;[0m Proxying [POST /element/00000000-0000-04bb-ffff-ffff000000c2/click] to [POST http://127.0.0.1:8203/session/57232c94-e046-4eb6-b35b-11dc44054c38/element/00000000-0000-04bb-ffff-ffff000000c2/click] with body: {"element":"00000000-0000-04bb-ffff-ffff000000c2"}
&amp#27;[38;5;176m[30bc93a7]&amp#27;[0m&amp#27;[38;5;0m[AndroidUiautomator2Driver@2ae5]&amp#27;[0m Got response with status 200: {"sessionId":"57232c94-e046-4eb6-b35b-11dc44054c38","value":null}
&amp#27;[38;5;176m[30bc93a7]&amp#27;[0m&amp#27;[38;5;0m[AndroidUiautomator2Driver@2ae5]&amp#27;[0m Responding to client with driver.click() result: null
&amp#27;[38;5;176m[30bc93a7]&amp#27;[0m&amp#27;[38;5;86m[HTTP]&amp#27;[0m &amp#27;[37m<-- POST /session/30bc93a7-ac36-4d4a-9540-e0ae12c39852/element/00000000-0000-04bb-ffff-ffff000000c2/click &amp#27;[39m&amp#27;[32m200&amp#27;[39m &amp#27;[90m103 ms - 14&amp#27;[39m &amp#27;[90m&amp#27;[39m
&amp#27;[38;5;176m[30bc93a7]&amp#27;[0m&amp#27;[38;5;86m[HTTP]&amp#27;[0m &amp#27;[37m-->&amp#27;[39m &amp#27;[37mPOST&amp#27;[39m &amp#27;[37m/session/30bc93a7-ac36-4d4a-9540-e0ae12c39852/element&amp#27;[39m &amp#27;[90m{"value":"android:id/button1","using":"id"}&amp#27;[39m
&amp#27;[38;5;176m[30bc93a7]&amp#27;[0m&amp#27;[38;5;0m[AndroidUiautomator2Driver@2ae5]&amp#27;[0m Calling AppiumDriver.findElement() with args: ["id","android:id/button1","30bc93a7-ac36-4d4a-9540-e0ae12c39852"]
&amp#27;[38;5;176m[30bc93a7]&amp#27;[0m&amp#27;[38;5;0m[AndroidUiautomator2Driver@2ae5]&amp#27;[0m Valid locator strategies for this request: xpath, id, class name, accessibility id, css selector, -android uiautomator
&amp#27;[38;5;176m[30bc93a7]&amp#27;[0m&amp#27;[38;5;0m[AndroidUiautomator2Driver@2ae5]&amp#27;[0m Waiting up to 0 ms for condition
&amp#27;[38;5;176m[30bc93a7]&amp#27;[0m&amp#27;[38;5;0m[AndroidUiautomator2Driver@2ae5]&amp#27;[0m Matched '/element' to command name 'findElement'
&amp#27;[38;5;176m[30bc93a7]&amp#27;[0m&amp#27;[38;5;0m[AndroidUiautomator2Driver@2ae5]&amp#27;[0m Proxying [POST /element] to [POST http://127.0.0.1:8203/session/57232c94-e046-4eb6-b35b-11dc44054c38/element] with body: {"strategy":"id","selector":"android:id/button1","context":"","multiple":false}
&amp#27;[38;5;176m[30bc93a7]&amp#27;[0m&amp#27;[38;5;0m[AndroidUiautomator2Driver@2ae5]&amp#27;[0m Got response with status 200: {"sessionId":"57232c94-e046-4eb6-b35b-11dc44054c38","value":{"ELEMENT":"00000000-0000-04bc-ffff-ffff00000107","element-6066-11e4-a52e-4f735466cecf":"00000000-0000-04bc-ffff-ffff00000107"}}
&amp#27;[38;5;176m[30bc93a7]&amp#27;[0m&amp#27;[38;5;0m[AndroidUiautomator2Driver@2ae5]&amp#27;[0m Responding to client with driver.findElement() result: {"element-6066-11e4-a52e-4f735466cecf":"00000000-0000-04bc-ffff-ffff00000107","ELEMENT":"00000000-0000-04bc-ffff-ffff00000107"}
&amp#27;[38;5;176m[30bc93a7]&amp#27;[0m&amp#27;[38;5;86m[HTTP]&amp#27;[0m &amp#27;[37m<-- POST /session/30bc93a7-ac36-4d4a-9540-e0ae12c39852/element &amp#27;[39m&amp#27;[32m200&amp#27;[39m &amp#27;[90m675 ms - 137&amp#27;[39m &amp#27;[90m&amp#27;[39m
&amp#27;[38;5;176m[30bc93a7]&amp#27;[0m&amp#27;[38;5;86m[HTTP]&amp#27;[0m &amp#27;[37m-->&amp#27;[39m &amp#27;[37mGET&amp#27;[39m &amp#27;[37m/session/30bc93a7-ac36-4d4a-9540-e0ae12c39852/element/00000000-0000-04bc-ffff-ffff00000107/displayed&amp#27;[39m &amp#27;[90m{}&amp#27;[39m
&amp#27;[38;5;176m[30bc93a7]&amp#27;[0m&amp#27;[38;5;0m[AndroidUiautomator2Driver@2ae5]&amp#27;[0m Calling AppiumDriver.elementDisplayed() with args: ["00000000-0000-04bc-ffff-ffff00000107","30bc93a7-ac36-4d4a-9540-e0ae12c39852"]
&amp#27;[38;5;176m[30bc93a7]&amp#27;[0m&amp#27;[38;5;0m[AndroidUiautomator2Driver@2ae5]&amp#27;[0m Matched '/element/00000000-0000-04bc-ffff-ffff00000107/attribute/displayed' to command name 'getAttribute'
&amp#27;[38;5;176m[30bc93a7]&amp#27;[0m&amp#27;[38;5;0m[AndroidUiautomator2Driver@2ae5]&amp#27;[0m Proxying [GET /element/00000000-0000-04bc-ffff-ffff00000107/attribute/displayed] to [GET http://127.0.0.1:8203/session/57232c94-e046-4eb6-b35b-11dc44054c38/element/00000000-0000-04bc-ffff-ffff00000107/attribute/displayed] with no body
&amp#27;[38;5;176m[30bc93a7]&amp#27;[0m&amp#27;[38;5;0m[AndroidUiautomator2Driver@2ae5]&amp#27;[0m Got response with status 200: {"sessionId":"57232c94-e046-4eb6-b35b-11dc44054c38","value":"true"}
&amp#27;[38;5;176m[30bc93a7]&amp#27;[0m&amp#27;[38;5;0m[AndroidUiautomator2Driver@2ae5]&amp#27;[0m Responding to client with driver.elementDisplayed() result: true
&amp#27;[38;5;176m[30bc93a7]&amp#27;[0m&amp#27;[38;5;86m[HTTP]&amp#27;[0m &amp#27;[37m<-- GET /session/30bc93a7-ac36-4d4a-9540-e0ae12c39852/element/00000000-0000-04bc-ffff-ffff00000107/displayed &amp#27;[39m&amp#27;[32m200&amp#27;[39m &amp#27;[90m580 ms - 14&amp#27;[39m &amp#27;[90m&amp#27;[39m
&amp#27;[38;5;176m[30bc93a7]&amp#27;[0m&amp#27;[38;5;86m[HTTP]&amp#27;[0m &amp#27;[37m-->&amp#27;[39m &amp#27;[37mGET&amp#27;[39m &amp#27;[37m/session/30bc93a7-ac36-4d4a-9540-e0ae12c39852/element/00000000-0000-04bc-ffff-ffff00000107/enabled&amp#27;[39m &amp#27;[90m{}&amp#27;[39m
&amp#27;[38;5;176m[30bc93a7]&amp#27;[0m&amp#27;[38;5;0m[AndroidUiautomator2Driver@2ae5]&amp#27;[0m Calling AppiumDriver.elementEnabled() with args: ["00000000-0000-04bc-ffff-ffff00000107","30bc93a7-ac36-4d4a-9540-e0ae12c39852"]
&amp#27;[38;5;176m[30bc93a7]&amp#27;[0m&amp#27;[38;5;0m[AndroidUiautomator2Driver@2ae5]&amp#27;[0m Matched '/element/00000000-0000-04bc-ffff-ffff00000107/attribute/enabled' to command name 'getAttribute'
&amp#27;[38;5;176m[30bc93a7]&amp#27;[0m&amp#27;[38;5;0m[AndroidUiautomator2Driver@2ae5]&amp#27;[0m Proxying [GET /element/00000000-0000-04bc-ffff-ffff00000107/attribute/enabled] to [GET http://127.0.0.1:8203/session/57232c94-e046-4eb6-b35b-11dc44054c38/element/00000000-0000-04bc-ffff-ffff00000107/attribute/enabled] with no body
&amp#27;[38;5;176m[30bc93a7]&amp#27;[0m&amp#27;[38;5;0m[AndroidUiautomator2Driver@2ae5]&amp#27;[0m Got response with status 200: {"sessionId":"57232c94-e046-4eb6-b35b-11dc44054c38","value":"true"}
&amp#27;[38;5;176m[30bc93a7]&amp#27;[0m&amp#27;[38;5;0m[AndroidUiautomator2Driver@2ae5]&amp#27;[0m Responding to client with driver.elementEnabled() result: true
&amp#27;[38;5;176m[30bc93a7]&amp#27;[0m&amp#27;[38;5;86m[HTTP]&amp#27;[0m &amp#27;[37m<-- GET /session/30bc93a7-ac36-4d4a-9540-e0ae12c39852/element/00000000-0000-04bc-ffff-ffff00000107/enabled &amp#27;[39m&amp#27;[32m200&amp#27;[39m &amp#27;[90m30 ms - 14&amp#27;[39m &amp#27;[90m&amp#27;[39m
&amp#27;[38;5;176m[30bc93a7]&amp#27;[0m&amp#27;[38;5;86m[HTTP]&amp#27;[0m &amp#27;[37m-->&amp#27;[39m &amp#27;[37mPOST&amp#27;[39m &amp#27;[37m/session/30bc93a7-ac36-4d4a-9540-e0ae12c39852/element&amp#27;[39m &amp#27;[90m{"value":"android:id/button1","using":"id"}&amp#27;[39m
&amp#27;[38;5;176m[30bc93a7]&amp#27;[0m&amp#27;[38;5;0m[AndroidUiautomator2Driver@2ae5]&amp#27;[0m Calling AppiumDriver.findElement() with args: ["id","android:id/button1","30bc93a7-ac36-4d4a-9540-e0ae12c39852"]
&amp#27;[38;5;176m[30bc93a7]&amp#27;[0m&amp#27;[38;5;0m[AndroidUiautomator2Driver@2ae5]&amp#27;[0m Valid locator strategies for this request: xpath, id, class name, accessibility id, css selector, -android uiautomator
&amp#27;[38;5;176m[30bc93a7]&amp#27;[0m&amp#27;[38;5;0m[AndroidUiautomator2Driver@2ae5]&amp#27;[0m Waiting up to 0 ms for condition
&amp#27;[38;5;176m[30bc93a7]&amp#27;[0m&amp#27;[38;5;0m[AndroidUiautomator2Driver@2ae5]&amp#27;[0m Matched '/element' to command name 'findElement'
&amp#27;[38;5;176m[30bc93a7]&amp#27;[0m&amp#27;[38;5;0m[AndroidUiautomator2Driver@2ae5]&amp#27;[0m Proxying [POST /element] to [POST http://127.0.0.1:8203/session/57232c94-e046-4eb6-b35b-11dc44054c38/element] with body: {"strategy":"id","selector":"android:id/button1","context":"","multiple":false}
&amp#27;[38;5;176m[30bc93a7]&amp#27;[0m&amp#27;[38;5;0m[AndroidUiautomator2Driver@2ae5]&amp#27;[0m Got response with status 200: {"sessionId":"57232c94-e046-4eb6-b35b-11dc44054c38","value":{"ELEMENT":"00000000-0000-04bc-ffff-ffff00000107","element-6066-11e4-a52e-4f735466cecf":"00000000-0000-04bc-ffff-ffff00000107"}}
&amp#27;[38;5;176m[30bc93a7]&amp#27;[0m&amp#27;[38;5;0m[AndroidUiautomator2Driver@2ae5]&amp#27;[0m Responding to client with driver.findElement() result: {"element-6066-11e4-a52e-4f735466cecf":"00000000-0000-04bc-ffff-ffff00000107","ELEMENT":"00000000-0000-04bc-ffff-ffff00000107"}
&amp#27;[38;5;176m[30bc93a7]&amp#27;[0m&amp#27;[38;5;86m[HTTP]&amp#27;[0m &amp#27;[37m<-- POST /session/30bc93a7-ac36-4d4a-9540-e0ae12c39852/element &amp#27;[39m&amp#27;[32m200&amp#27;[39m &amp#27;[90m24 ms - 137&amp#27;[39m &amp#27;[90m&amp#27;[39m
&amp#27;[38;5;176m[30bc93a7]&amp#27;[0m&amp#27;[38;5;86m[HTTP]&amp#27;[0m &amp#27;[37m-->&amp#27;[39m &amp#27;[37mPOST&amp#27;[39m &amp#27;[37m/session/30bc93a7-ac36-4d4a-9540-e0ae12c39852/element/00000000-0000-04bc-ffff-ffff00000107/click&amp#27;[39m &amp#27;[90m{"id":"00000000-0000-04bc-ffff-ffff00000107"}&amp#27;[39m
&amp#27;[38;5;176m[30bc93a7]&amp#27;[0m&amp#27;[38;5;0m[AndroidUiautomator2Driver@2ae5]&amp#27;[0m Calling AppiumDriver.click() with args: ["00000000-0000-04bc-ffff-ffff00000107","30bc93a7-ac36-4d4a-9540-e0ae12c39852"]
&amp#27;[38;5;176m[30bc93a7]&amp#27;[0m&amp#27;[38;5;0m[AndroidUiautomator2Driver@2ae5]&amp#27;[0m Matched '/element/00000000-0000-04bc-ffff-ffff00000107/click' to command name 'click'
&amp#27;[38;5;176m[30bc93a7]&amp#27;[0m&amp#27;[38;5;0m[AndroidUiautomator2Driver@2ae5]&amp#27;[0m Proxying [POST /element/00000000-0000-04bc-ffff-ffff00000107/click] to [POST http://127.0.0.1:8203/session/57232c94-e046-4eb6-b35b-11dc44054c38/element/00000000-0000-04bc-ffff-ffff00000107/click] with body: {"element":"00000000-0000-04bc-ffff-ffff00000107"}
&amp#27;[38;5;176m[30bc93a7]&amp#27;[0m&amp#27;[38;5;0m[AndroidUiautomator2Driver@2ae5]&amp#27;[0m Got response with status 200: {"sessionId":"57232c94-e046-4eb6-b35b-11dc44054c38","value":null}
&amp#27;[38;5;176m[30bc93a7]&amp#27;[0m&amp#27;[38;5;0m[AndroidUiautomator2Driver@2ae5]&amp#27;[0m Responding to client with driver.click() result: null
&amp#27;[38;5;176m[30bc93a7]&amp#27;[0m&amp#27;[38;5;86m[HTTP]&amp#27;[0m &amp#27;[37m<-- POST /session/30bc93a7-ac36-4d4a-9540-e0ae12c39852/element/00000000-0000-04bc-ffff-ffff00000107/click &amp#27;[39m&amp#27;[32m200&amp#27;[39m &amp#27;[90m111 ms - 14&amp#27;[39m &amp#27;[90m&amp#27;[39m
]]></system-out>
  </testcase>
</testsuite>