<?xml version="1.0" encoding="UTF-8"?>
<!-- Generated by org.testng.reporters.JUnitReportReporter -->
<testsuite hostname="HAIDAR" failures="0" tests="2" name="haidaraliappium.GetGeoLocationTest" time="37.413" errors="0" timestamp="2025-06-28T17:01:12 IST" skipped="0">
  <testcase classname="haidaraliappium.GetGeoLocationTest" name="getGeoLocationTest" time="18.532"/>
  <testcase classname="haidaraliappium.GetGeoLocationTest" name="getGeoLocationTest" time="18.881"/>
</testsuite> <!-- haidaraliappium.GetGeoLocationTest -->
