<?xml version="1.0" encoding="UTF-8"?>
<!-- Generated by org.testng.reporters.JUnitReportReporter -->
<testsuite hostname="HAIDAR" failures="0" tests="1" name="haidaraliappium.SwipeDemo" time="8.939" errors="0" timestamp="2024-12-13T09:08:30 IST" skipped="0">
  <testcase classname="haidaraliappium.SwipeDemo" name="swipeDemoTest" time="8.939"/>
</testsuite> <!-- haidaraliappium.SwipeDemo -->
