<?xml version="1.0" encoding="UTF-8"?>
<!-- Generated by org.testng.reporters.JUnitReportReporter -->
<testsuite hostname="HAIDAR" failures="0" tests="1" name="haidaraliappium.AppiumNewBasics" time="41.778" errors="0" timestamp="2025-06-28T16:24:35 IST" skipped="0">
  <testcase classname="haidaraliappium.AppiumNewBasics" name="loginTest" time="41.778"/>
</testsuite> <!-- haidaraliappium.AppiumNewBasics -->
