<?xml version="1.0" encoding="UTF-8"?>
<!-- Generated by org.testng.reporters.JUnitReportReporter -->
<testsuite hostname="HAIDAR" failures="0" tests="1" name="haidaraliappium.EcommerceTestCase2" time="19.911" errors="0" timestamp="2024-12-14T22:52:05 IST" skipped="0">
  <testcase classname="haidaraliappium.EcommerceTestCase2" name="fillForm" time="19.911"/>
</testsuite> <!-- haidaraliappium.EcommerceTestCase2 -->
