<?xml version="1.0" encoding="UTF-8"?>
<!-- Generated by org.testng.reporters.JUnitReportReporter -->
<testsuite hostname="HAIDAR" failures="0" tests="1" name="haidaraliappium.MobileBrowserTest" time="14.986" errors="0" timestamp="2024-12-17T09:50:32 IST" skipped="0">
  <testcase classname="haidaraliappium.MobileBrowserTest" name="browserTest" time="14.986"/>
</testsuite> <!-- haidaraliappium.MobileBrowserTest -->
