<?xml version="1.0" encoding="UTF-8"?>
<!-- Generated by org.testng.reporters.JUnitReportReporter -->
<testsuite hostname="HAIDAR" failures="0" tests="1" name="haidaraliappium.AppiumBasics" time="7.210" errors="0" timestamp="2024-12-11T23:23:48 IST" skipped="0">
  <testcase classname="haidaraliappium.AppiumBasics" name="WifiSettingsName" time="7.210"/>
</testsuite> <!-- haidaraliappium.AppiumBasics -->
