<?xml version="1.0" encoding="UTF-8"?>
<!-- Generated by org.testng.reporters.JUnitReportReporter -->
<testsuite hostname="HAIDAR" failures="0" tests="1" name="haidaraliappium.EcommerceTestCase4" time="51.683" errors="0" timestamp="2024-12-16T09:17:55 IST" skipped="0">
  <testcase classname="haidaraliappium.EcommerceTestCase4" name="fillForm" time="51.683"/>
</testsuite> <!-- haidaraliappium.EcommerceTestCase4 -->
