<?xml version="1.0" encoding="UTF-8"?>
<!-- Generated by org.testng.reporters.JUnitReportReporter -->
<testsuite hostname="HAIDAR" failures="0" tests="1" name="haidaraliappium.DragDropDemo" time="8.610" errors="0" timestamp="2024-12-13T09:37:42 IST" skipped="0">
  <testcase classname="haidaraliappium.DragDropDemo" name="dragDropTest" time="8.610"/>
</testsuite> <!-- haidaraliappium.DragDropDemo -->
