<?xml version="1.0" encoding="UTF-8"?>
<!-- Generated by org.testng.reporters.JUnitReportReporter -->
<testsuite hostname="HAIDAR" failures="0" tests="1" name="haidaraliappium.EcommerceTestCase3" time="48.653" errors="0" timestamp="2024-12-15T22:26:27 IST" skipped="0">
  <testcase classname="haidaraliappium.EcommerceTestCase3" name="fillForm" time="48.653"/>
</testsuite> <!-- haidaraliappium.EcommerceTestCase3 -->
