<?xml version="1.0" encoding="UTF-8"?>
<!-- Generated by org.testng.reporters.JUnitReportReporter -->
<testsuite hostname="HAIDAR" failures="0" tests="1" name="haidaraliappium.AddProductIntoCart" time="54.487" errors="0" timestamp="2025-06-28T17:01:12 IST" skipped="0">
  <testcase classname="haidaraliappium.AddProductIntoCart" name="addProductTest" time="54.487"/>
</testsuite> <!-- haidaraliappium.AddProductIntoCart -->
