<?xml version="1.0" encoding="UTF-8"?>
<!-- Generated by org.testng.reporters.JUnitReportReporter -->
<testsuite hostname="HAIDAR" failures="0" tests="1" name="haidaraliappium.MiscellaneousActions" time="14.969" errors="0" timestamp="2024-12-13T23:20:15 IST" skipped="0">
  <testcase classname="haidaraliappium.MiscellaneousActions" name="WifiSettingsName" time="14.969"/>
</testsuite> <!-- haidaraliappium.MiscellaneousActions -->
