<?xml version="1.0" encoding="UTF-8"?>
<!-- Generated by org.testng.reporters.JUnitReportReporter -->
<testsuite hostname="HAIDAR" failures="0" tests="2" name="haidaraliappium.LoginTest" time="31.303" errors="0" timestamp="2025-06-28T17:01:12 IST" skipped="0">
  <testcase classname="haidaraliappium.LoginTest" name="loginTestCase" time="15.073"/>
  <testcase classname="haidaraliappium.LoginTest" name="loginTestCase" time="16.230"/>
</testsuite> <!-- haidaraliappium.LoginTest -->
