<?xml version="1.0" encoding="UTF-8"?>
<!-- Generated by org.testng.reporters.JUnitReportReporter -->
<testsuite hostname="HAIDAR" failures="0" tests="1" name="haidaraliappium.ScrollDemo" time="11.617" errors="0" timestamp="2024-12-12T23:11:04 IST" skipped="0">
  <testcase classname="haidaraliappium.ScrollDemo" name="scrollDemoTest" time="11.617"/>
</testsuite> <!-- haidaraliappium.ScrollDemo -->
