<?xml version="1.0" encoding="UTF-8"?>
<!-- Generated by org.testng.reporters.JUnitReportReporter -->
<testsuite hostname="HAIDAR" failures="0" tests="1" name="haidaraliappium.LoginOutTest" time="22.722" errors="0" timestamp="2025-06-28T17:01:12 IST" skipped="0">
  <testcase classname="haidaraliappium.LoginOutTest" name="logoutTestCase" time="22.722"/>
</testsuite> <!-- haidaraliappium.LoginOutTest -->
