<?xml version="1.0" encoding="UTF-8"?>
<!-- Generated by org.testng.reporters.JUnitReportReporter -->
<testsuite hostname="HAIDAR" failures="0" tests="1" name="haidaraliappium.EcommerceTestCase1" time="14.982" errors="0" timestamp="2024-12-14T10:35:02 IST" skipped="0">
  <testcase classname="haidaraliappium.EcommerceTestCase1" name="fillForm" time="14.982"/>
</testsuite> <!-- haidaraliappium.EcommerceTestCase1 -->
