<?xml version="1.0" encoding="UTF-8"?>
<!-- Generated by org.testng.reporters.JUnitReportReporter -->
<testsuite hostname="HAIDAR" failures="0" tests="2" name="haidaraliappium.GetGeoLocationTest" time="73.297" errors="0" timestamp="2025-06-30T17:08:41 IST" skipped="0">
  <testcase classname="haidaraliappium.GetGeoLocationTest" name="getGeoLocationTest" time="30.907"/>
  <testcase classname="haidaraliappium.GetGeoLocationTest" name="getGeoLocationTest" time="42.390"/>
</testsuite> <!-- haidaraliappium.GetGeoLocationTest -->
