<?xml version="1.0" encoding="UTF-8"?>
<!-- Generated by org.testng.reporters.JUnitReportReporter -->
<testsuite hostname="HAIDAR" failures="0" tests="1" name="haidaraliappium.LogoutTest" time="22.772" errors="0" timestamp="2025-06-30T17:08:41 IST" skipped="0">
  <testcase classname="haidaraliappium.LogoutTest" name="logoutTestCase" time="22.772"/>
</testsuite> <!-- haidaraliappium.LogoutTest -->
